#
# There is insufficient memory for the Java Runtime Environment to continue.
# Native memory allocation (malloc) failed to allocate 1274976 bytes. Error detail: Chunk::new
# Possible reasons:
#   The system is out of physical RAM or swap space
#   This process is running with CompressedOops enabled, and the Java Heap may be blocking the growth of the native heap
# Possible solutions:
#   Reduce memory load on the system
#   Increase physical memory or swap space
#   Check if swap backing store is full
#   Decrease Java heap size (-Xmx/-Xms)
#   Decrease number of Java threads
#   Decrease Java thread stack sizes (-Xss)
#   Set larger code cache with -XX:ReservedCodeCacheSize=
#   JVM is running with Zero Based Compressed Oops mode in which the Java heap is
#     placed in the first 32GB address space. The Java Heap base address is the
#     maximum limit for the native heap growth. Please use -XX:HeapBaseMinAddress
#     to set the Java Heap base and to place the Java Heap above 32GB virtual address.
# This output file may be truncated or incomplete.
#
#  Out of Memory Error (arena.cpp:149), pid=10944, tid=3724
#
# JRE version: Java(TM) SE Runtime Environment (23.0+37) (build 23+37-2369)
# Java VM: Java HotSpot(TM) 64-Bit Server VM (23+37-2369, mixed mode, sharing, tiered, compressed oops, compressed class ptrs, g1 gc, windows-amd64)
# No core dump will be written. Minidumps are not enabled by default on client versions of Windows
#

---------------  S U M M A R Y ------------

Command Line: -javaagent:C:\Program Files\JetBrains\IntelliJ IDEA 2025.2.1\lib\idea_rt.jar=10182 -Dfile.encoding=UTF-8 -Dsun.stdout.encoding=UTF-8 -Dsun.stderr.encoding=UTF-8 com.example.demo.DemoApplication

Host: AMD Ryzen 7 5700U with Radeon Graphics         , 16 cores, 15G,  Windows 11 , 64 bit Build 26100 (10.0.26100.5074)
Time: Tue Sep 16 22:25:17 2025 Sri Lanka Standard Time elapsed time: 9.031996 seconds (0d 0h 0m 9s)

---------------  T H R E A D  ---------------

Current thread (0x00000207fe8aab10):  JavaThread "C2 CompilerThread2" daemon [_thread_in_native, id=3724, stack(0x000000feb4900000,0x000000feb4a00000) (1024K)]


Current CompileTask:
C2:9032 6550   !   4       org.springframework.util.ReflectionUtils::doWithMethods (189 bytes)

Stack: [0x000000feb4900000,0x000000feb4a00000]
Native frames: (J=compiled Java code, j=interpreted, Vv=VM code, C=native code)
V  [jvm.dll+0x6e08a9]  (no source info available)
V  [jvm.dll+0x87da63]  (no source info available)
V  [jvm.dll+0x87feee]  (no source info available)
V  [jvm.dll+0x8805c3]  (no source info available)
V  [jvm.dll+0x27aee6]  (no source info available)
V  [jvm.dll+0xbc06f]  (no source info available)
V  [jvm.dll+0xbc2cb]  (no source info available)
V  [jvm.dll+0x2ee94d]  (no source info available)
V  [jvm.dll+0x6063c9]  (no source info available)
V  [jvm.dll+0x24ddf2]  (no source info available)
V  [jvm.dll+0x24e1d5]  (no source info available)
V  [jvm.dll+0x246b54]  (no source info available)
V  [jvm.dll+0x243d04]  (no source info available)
V  [jvm.dll+0x1c33a0]  (no source info available)
V  [jvm.dll+0x253cf1]  (no source info available)
V  [jvm.dll+0x251faa]  (no source info available)
V  [jvm.dll+0x3ee036]  (no source info available)
V  [jvm.dll+0x824f1b]  (no source info available)
V  [jvm.dll+0x6df055]  (no source info available)
C  [ucrtbase.dll+0x37b0]  (no source info available)
C  [KERNEL32.DLL+0x2e8d7]  (no source info available)
C  [ntdll.dll+0x8d9c]  (no source info available)

Lock stack of current Java thread (top to bottom):


---------------  P R O C E S S  ---------------

Threads class SMR info:
_java_thread_list=0x0000020781caf660, length=30, elements={
0x0000020798153820, 0x00000207b7e85ce0, 0x00000207b7e8c760, 0x00000207b7e8d420,
0x00000207b7e8e0e0, 0x00000207b7e90f00, 0x00000207b7e94110, 0x00000207b7e9e1d0,
0x00000207b7ea32c0, 0x00000207fd0cf780, 0x00000207b7e947a0, 0x00000207fd151a70,
0x00000207b7e933f0, 0x00000207b7e92040, 0x00000207b7e926d0, 0x00000207b7e919b0,
0x00000207b7e92d60, 0x00000207b7e94e30, 0x00000207fea0bb10, 0x00000207fea0c1a0,
0x00000207fea0f620, 0x00000207fea0fcb0, 0x00000207fea109d0, 0x00000207fea116f0,
0x00000207fe8ae190, 0x00000207fe8aab10, 0x00000207fe8afcd0, 0x00000207fe8af600,
0x00000207fe8ae860, 0x00000207fe8b0a70
}

Java Threads: ( => current thread )
  0x0000020798153820 JavaThread "main"                              [_thread_in_vm, id=21836, stack(0x000000feb3500000,0x000000feb3600000) (1024K)]
  0x00000207b7e85ce0 JavaThread "Reference Handler"          daemon [_thread_blocked, id=10804, stack(0x000000feb3d00000,0x000000feb3e00000) (1024K)]
  0x00000207b7e8c760 JavaThread "Finalizer"                  daemon [_thread_blocked, id=21480, stack(0x000000feb3e00000,0x000000feb3f00000) (1024K)]
  0x00000207b7e8d420 JavaThread "Signal Dispatcher"          daemon [_thread_blocked, id=22252, stack(0x000000feb3f00000,0x000000feb4000000) (1024K)]
  0x00000207b7e8e0e0 JavaThread "Attach Listener"            daemon [_thread_blocked, id=22440, stack(0x000000feb4000000,0x000000feb4100000) (1024K)]
  0x00000207b7e90f00 JavaThread "Service Thread"             daemon [_thread_blocked, id=25316, stack(0x000000feb4100000,0x000000feb4200000) (1024K)]
  0x00000207b7e94110 JavaThread "Monitor Deflation Thread"   daemon [_thread_blocked, id=2008, stack(0x000000feb4200000,0x000000feb4300000) (1024K)]
  0x00000207b7e9e1d0 JavaThread "C2 CompilerThread0"         daemon [_thread_in_native, id=10192, stack(0x000000feb4300000,0x000000feb4400000) (1024K)]
  0x00000207b7ea32c0 JavaThread "C1 CompilerThread0"         daemon [_thread_blocked, id=19740, stack(0x000000feb4400000,0x000000feb4500000) (1024K)]
  0x00000207fd0cf780 JavaThread "C1 CompilerThread1"         daemon [_thread_blocked, id=14760, stack(0x000000feb4500000,0x000000feb4600000) (1024K)]
  0x00000207b7e947a0 JavaThread "Common-Cleaner"             daemon [_thread_blocked, id=25192, stack(0x000000feb4600000,0x000000feb4700000) (1024K)]
  0x00000207fd151a70 JavaThread "C1 CompilerThread2"         daemon [_thread_blocked, id=5072, stack(0x000000feb4700000,0x000000feb4800000) (1024K)]
  0x00000207b7e933f0 JavaThread "Monitor Ctrl-Break"         daemon [_thread_in_native, id=8364, stack(0x000000feb4b00000,0x000000feb4c00000) (1024K)]
  0x00000207b7e92040 JavaThread "Notification Thread"        daemon [_thread_blocked, id=16268, stack(0x000000feb4c00000,0x000000feb4d00000) (1024K)]
  0x00000207b7e926d0 JavaThread "RMI TCP Accept-0"           daemon [_thread_in_native, id=9716, stack(0x000000feb5900000,0x000000feb5a00000) (1024K)]
  0x00000207b7e919b0 JavaThread "RMI TCP Connection(1)-192.168.1.5" daemon [_thread_in_native, id=17832, stack(0x000000feb5a00000,0x000000feb5b00000) (1024K)]
  0x00000207b7e92d60 JavaThread "RMI Scheduler(0)"           daemon [_thread_blocked, id=21072, stack(0x000000feb5b00000,0x000000feb5c00000) (1024K)]
  0x00000207b7e94e30 JavaThread "JMX server connection timeout 44" daemon [_thread_blocked, id=15848, stack(0x000000feb5c00000,0x000000feb5d00000) (1024K)]
  0x00000207fea0bb10 JavaThread "Catalina-utility-1"                [_thread_blocked, id=25984, stack(0x000000feb5d00000,0x000000feb5e00000) (1024K)]
  0x00000207fea0c1a0 JavaThread "Catalina-utility-2"                [_thread_blocked, id=11908, stack(0x000000feb5e00000,0x000000feb5f00000) (1024K)]
  0x00000207fea0f620 JavaThread "container-0"                       [_thread_blocked, id=21428, stack(0x000000feb6200000,0x000000feb6300000) (1024K)]
  0x00000207fea0fcb0 JavaThread "mysql-cj-abandoned-connection-cleanup" daemon [_thread_blocked, id=24828, stack(0x000000feb6300000,0x000000feb6400000) (1024K)]
  0x00000207fea109d0 JavaThread "HikariPool-1:housekeeper"   daemon [_thread_blocked, id=16180, stack(0x000000feb6500000,0x000000feb6600000) (1024K)]
  0x00000207fea116f0 JavaThread "HikariPool-1:connection-adder" daemon [_thread_blocked, id=11484, stack(0x000000feb6600000,0x000000feb6700000) (1024K)]
  0x00000207fe8ae190 JavaThread "C2 CompilerThread1"         daemon [_thread_in_native, id=25184, stack(0x000000feb4800000,0x000000feb4900000) (1024K)]
=>0x00000207fe8aab10 JavaThread "C2 CompilerThread2"         daemon [_thread_in_native, id=3724, stack(0x000000feb4900000,0x000000feb4a00000) (1024K)]
  0x00000207fe8afcd0 JavaThread "C2 CompilerThread3"         daemon [_thread_in_native, id=11728, stack(0x000000feb6100000,0x000000feb6200000) (1024K)]
  0x00000207fe8af600 JavaThread "C2 CompilerThread4"         daemon [_thread_in_native, id=11580, stack(0x000000feb6700000,0x000000feb6800000) (1024K)]
  0x00000207fe8ae860 JavaThread "C2 CompilerThread5"         daemon [_thread_in_native, id=5268, stack(0x000000feb6800000,0x000000feb6900000) (1024K)]
  0x00000207fe8b0a70 JavaThread "C2 CompilerThread6"         daemon [_thread_in_native, id=7564, stack(0x000000feb6900000,0x000000feb6a00000) (1024K)]
Total: 30

Other Threads:
  0x00000207b7e70a50 VMThread "VM Thread"                           [id=13912, stack(0x000000feb3c00000,0x000000feb3d00000) (1024K)]
  0x00000207b7e5a430 WatcherThread "VM Periodic Task Thread"        [id=10092, stack(0x000000feb3b00000,0x000000feb3c00000) (1024K)]
  0x00000207981b99b0 WorkerThread "GC Thread#0"                     [id=15796, stack(0x000000feb3600000,0x000000feb3700000) (1024K)]
  0x00000207fd760960 WorkerThread "GC Thread#1"                     [id=22648, stack(0x000000feb4f00000,0x000000feb5000000) (1024K)]
  0x00000207fe4580b0 WorkerThread "GC Thread#2"                     [id=10652, stack(0x000000feb5000000,0x000000feb5100000) (1024K)]
  0x00000207fe643a30 WorkerThread "GC Thread#3"                     [id=2184, stack(0x000000feb5100000,0x000000feb5200000) (1024K)]
  0x00000207fe0aa800 WorkerThread "GC Thread#4"                     [id=26560, stack(0x000000feb5200000,0x000000feb5300000) (1024K)]
  0x00000207fe04e150 WorkerThread "GC Thread#5"                     [id=20384, stack(0x000000feb5300000,0x000000feb5400000) (1024K)]
  0x00000207fe04e500 WorkerThread "GC Thread#6"                     [id=18376, stack(0x000000feb5400000,0x000000feb5500000) (1024K)]
  0x00000207fe515fa0 WorkerThread "GC Thread#7"                     [id=11388, stack(0x000000feb5500000,0x000000feb5600000) (1024K)]
  0x00000207fe516350 WorkerThread "GC Thread#8"                     [id=23372, stack(0x000000feb5600000,0x000000feb5700000) (1024K)]
  0x00000207fe518580 WorkerThread "GC Thread#9"                     [id=12572, stack(0x000000feb5700000,0x000000feb5800000) (1024K)]
  0x00000207fe516f60 WorkerThread "GC Thread#10"                    [id=12644, stack(0x000000feb5800000,0x000000feb5900000) (1024K)]
  0x00000207fe9a6ad0 WorkerThread "GC Thread#11"                    [id=23100, stack(0x000000feb4d00000,0x000000feb4e00000) (1024K)]
  0x00000207fe9a5fc0 WorkerThread "GC Thread#12"                    [id=11684, stack(0x000000feb4e00000,0x000000feb4f00000) (1024K)]
  0x00000207981cecf0 ConcurrentGCThread "G1 Main Marker"            [id=23668, stack(0x000000feb3700000,0x000000feb3800000) (1024K)]
  0x00000207981d0720 WorkerThread "G1 Conc#0"                       [id=17772, stack(0x000000feb3800000,0x000000feb3900000) (1024K)]
  0x00000207fe9a5860 WorkerThread "G1 Conc#1"                       [id=10788, stack(0x000000feb5f00000,0x000000feb6000000) (1024K)]
  0x00000207fe9a5c10 WorkerThread "G1 Conc#2"                       [id=10744, stack(0x000000feb6000000,0x000000feb6100000) (1024K)]
  0x00000207b7d266d0 ConcurrentGCThread "G1 Refine#0"               [id=11960, stack(0x000000feb3900000,0x000000feb3a00000) (1024K)]
  0x00000207b7d270f0 ConcurrentGCThread "G1 Service"                [id=4544, stack(0x000000feb3a00000,0x000000feb3b00000) (1024K)]
Total: 21

Threads with active compile tasks:
C2 CompilerThread0  10104 6613   !   4       org.springframework.util.ReflectionUtils::getDeclaredMethods (186 bytes)
C2 CompilerThread1  10105 6515       4       org.springframework.core.annotation.AnnotationsScanner::scan (21 bytes)
C2 CompilerThread2  10105 6550   !   4       org.springframework.util.ReflectionUtils::doWithMethods (189 bytes)
C2 CompilerThread3  10105 6502       4       org.springframework.core.annotation.AnnotationsScanner::process (55 bytes)
C2 CompilerThread4  10105 6489       4       org.springframework.core.annotation.TypeMappedAnnotations::scan (66 bytes)
C2 CompilerThread5  10105 6531   !   4       org.springframework.core.annotation.AnnotationsScanner::processMethodHierarchy (276 bytes)
C2 CompilerThread6  10105 6494       4       org.springframework.transaction.annotation.AnnotationTransactionAttributeSource::determineTransactionAttribute (88 bytes)
Total: 7

VM state: not at safepoint (normal execution)

VM Mutex/Monitor currently owned by a thread: None

Heap address: 0x000000070a800000, size: 3928 MB, Compressed Oops mode: Zero based, Oop shift amount: 3

CDS archive(s) mapped at: [0x00000207b8000000-0x00000207b8d70000-0x00000207b8d70000), size 14090240, SharedBaseAddress: 0x00000207b8000000, ArchiveRelocationMode: 1.
Compressed class space mapped at: 0x00000207b9000000-0x00000207f9000000, reserved size: 1073741824
Narrow klass base: 0x00000207b8000000, Narrow klass shift: 0, Narrow klass range: 0x41000000

GC Precious Log:
 CardTable entry size: 512
 Card Set container configuration: InlinePtr #cards 4 size 8 Array Of Cards #cards 16 size 48 Howl #buckets 8 coarsen threshold 3686 Howl Bitmap #cards 512 size 80 coarsen threshold 460 Card regions per heap region 1 cards per card region 4096
 CPUs: 16 total, 16 available
 Memory: 15706M
 Large Page Support: Disabled
 NUMA Support: Disabled
 Compressed Oops: Enabled (Zero based)
 Heap Region Size: 2M
 Heap Min Capacity: 8M
 Heap Initial Capacity: 246M
 Heap Max Capacity: 3928M
 Pre-touch: Disabled
 Parallel Workers: 13
 Concurrent Workers: 3
 Concurrent Refinement Workers: 13
 Periodic GC: Disabled

Heap:
 garbage-first heap   total reserved 4022272K, committed 151552K, used 43670K [0x000000070a800000, 0x0000000800000000)
  region size 2048K, 10 young (20480K), 1 survivors (2048K)
 Metaspace       used 66796K, committed 67520K, reserved 1114112K
  class space    used 9125K, committed 9472K, reserved 1048576K

Heap Regions: E=young(eden), S=young(survivor), O=old, HS=humongous(starts), HC=humongous(continues), CS=collection set, F=free, TAMS=top-at-mark-start, PB=parsable bottom
|   0|0x000000070a800000, 0x000000070aa00000, 0x000000070aa00000|100%| O|  |TAMS 0x000000070a800000| PB 0x000000070a800000| Untracked |  0
|   1|0x000000070aa00000, 0x000000070ac00000, 0x000000070ac00000|100%| O|  |TAMS 0x000000070aa00000| PB 0x000000070aa00000| Untracked |  0
|   2|0x000000070ac00000, 0x000000070ae00000, 0x000000070ae00000|100%| O|  |TAMS 0x000000070ac00000| PB 0x000000070ac00000| Untracked |  0
|   3|0x000000070ae00000, 0x000000070b000000, 0x000000070b000000|100%| O|  |TAMS 0x000000070ae00000| PB 0x000000070ae00000| Untracked |  0
|   4|0x000000070b000000, 0x000000070b200000, 0x000000070b200000|100%| O|  |TAMS 0x000000070b000000| PB 0x000000070b000000| Untracked |  0
|   5|0x000000070b200000, 0x000000070b400000, 0x000000070b400000|100%| O|  |TAMS 0x000000070b200000| PB 0x000000070b200000| Untracked |  0
|   6|0x000000070b400000, 0x000000070b600000, 0x000000070b600000|100%| O|  |TAMS 0x000000070b400000| PB 0x000000070b400000| Untracked |  0
|   7|0x000000070b600000, 0x000000070b800000, 0x000000070b800000|100%| O|  |TAMS 0x000000070b600000| PB 0x000000070b600000| Untracked |  0
|   8|0x000000070b800000, 0x000000070ba00000, 0x000000070ba00000|100%| O|  |TAMS 0x000000070b800000| PB 0x000000070b800000| Untracked |  0
|   9|0x000000070ba00000, 0x000000070bc00000, 0x000000070bc00000|100%| O|  |TAMS 0x000000070ba00000| PB 0x000000070ba00000| Untracked |  0
|  10|0x000000070bc00000, 0x000000070bc00000, 0x000000070be00000|  0%| F|  |TAMS 0x000000070bc00000| PB 0x000000070bc00000| Untracked |  0
|  11|0x000000070be00000, 0x000000070c000000, 0x000000070c000000|100%| O|  |TAMS 0x000000070be00000| PB 0x000000070be00000| Untracked |  0
|  12|0x000000070c000000, 0x000000070c200000, 0x000000070c200000|100%| O|  |TAMS 0x000000070c000000| PB 0x000000070c000000| Untracked |  0
|  13|0x000000070c200000, 0x000000070c2a9a10, 0x000000070c400000| 33%| O|  |TAMS 0x000000070c200000| PB 0x000000070c200000| Untracked |  0
|  14|0x000000070c400000, 0x000000070c400000, 0x000000070c600000|  0%| F|  |TAMS 0x000000070c400000| PB 0x000000070c400000| Untracked |  0
|  15|0x000000070c600000, 0x000000070c7fbf40, 0x000000070c800000| 99%| S|CS|TAMS 0x000000070c600000| PB 0x000000070c600000| Complete |  0
|  16|0x000000070c800000, 0x000000070c800000, 0x000000070ca00000|  0%| F|  |TAMS 0x000000070c800000| PB 0x000000070c800000| Untracked |  0
|  17|0x000000070ca00000, 0x000000070ca00000, 0x000000070cc00000|  0%| F|  |TAMS 0x000000070ca00000| PB 0x000000070ca00000| Untracked |  0
|  18|0x000000070cc00000, 0x000000070cc00000, 0x000000070ce00000|  0%| F|  |TAMS 0x000000070cc00000| PB 0x000000070cc00000| Untracked |  0
|  19|0x000000070ce00000, 0x000000070ce00000, 0x000000070d000000|  0%| F|  |TAMS 0x000000070ce00000| PB 0x000000070ce00000| Untracked |  0
|  20|0x000000070d000000, 0x000000070d000000, 0x000000070d200000|  0%| F|  |TAMS 0x000000070d000000| PB 0x000000070d000000| Untracked |  0
|  21|0x000000070d200000, 0x000000070d200000, 0x000000070d400000|  0%| F|  |TAMS 0x000000070d200000| PB 0x000000070d200000| Untracked |  0
|  22|0x000000070d400000, 0x000000070d400000, 0x000000070d600000|  0%| F|  |TAMS 0x000000070d400000| PB 0x000000070d400000| Untracked |  0
|  23|0x000000070d600000, 0x000000070d600000, 0x000000070d800000|  0%| F|  |TAMS 0x000000070d600000| PB 0x000000070d600000| Untracked |  0
|  24|0x000000070d800000, 0x000000070d800000, 0x000000070da00000|  0%| F|  |TAMS 0x000000070d800000| PB 0x000000070d800000| Untracked |  0
|  25|0x000000070da00000, 0x000000070da00000, 0x000000070dc00000|  0%| F|  |TAMS 0x000000070da00000| PB 0x000000070da00000| Untracked |  0
|  26|0x000000070dc00000, 0x000000070dc00000, 0x000000070de00000|  0%| F|  |TAMS 0x000000070dc00000| PB 0x000000070dc00000| Untracked |  0
|  27|0x000000070de00000, 0x000000070de00000, 0x000000070e000000|  0%| F|  |TAMS 0x000000070de00000| PB 0x000000070de00000| Untracked |  0
|  28|0x000000070e000000, 0x000000070e000000, 0x000000070e200000|  0%| F|  |TAMS 0x000000070e000000| PB 0x000000070e000000| Untracked |  0
|  29|0x000000070e200000, 0x000000070e200000, 0x000000070e400000|  0%| F|  |TAMS 0x000000070e200000| PB 0x000000070e200000| Untracked |  0
|  30|0x000000070e400000, 0x000000070e400000, 0x000000070e600000|  0%| F|  |TAMS 0x000000070e400000| PB 0x000000070e400000| Untracked |  0
|  31|0x000000070e600000, 0x000000070e600000, 0x000000070e800000|  0%| F|  |TAMS 0x000000070e600000| PB 0x000000070e600000| Untracked |  0
|  32|0x000000070e800000, 0x000000070e800000, 0x000000070ea00000|  0%| F|  |TAMS 0x000000070e800000| PB 0x000000070e800000| Untracked |  0
|  33|0x000000070ea00000, 0x000000070ea00000, 0x000000070ec00000|  0%| F|  |TAMS 0x000000070ea00000| PB 0x000000070ea00000| Untracked |  0
|  34|0x000000070ec00000, 0x000000070ec00000, 0x000000070ee00000|  0%| F|  |TAMS 0x000000070ec00000| PB 0x000000070ec00000| Untracked |  0
|  35|0x000000070ee00000, 0x000000070ee00000, 0x000000070f000000|  0%| F|  |TAMS 0x000000070ee00000| PB 0x000000070ee00000| Untracked |  0
|  36|0x000000070f000000, 0x000000070f000000, 0x000000070f200000|  0%| F|  |TAMS 0x000000070f000000| PB 0x000000070f000000| Untracked |  0
|  37|0x000000070f200000, 0x000000070f200000, 0x000000070f400000|  0%| F|  |TAMS 0x000000070f200000| PB 0x000000070f200000| Untracked |  0
|  38|0x000000070f400000, 0x000000070f400000, 0x000000070f600000|  0%| F|  |TAMS 0x000000070f400000| PB 0x000000070f400000| Untracked |  0
|  39|0x000000070f600000, 0x000000070f600000, 0x000000070f800000|  0%| F|  |TAMS 0x000000070f600000| PB 0x000000070f600000| Untracked |  0
|  40|0x000000070f800000, 0x000000070f800000, 0x000000070fa00000|  0%| F|  |TAMS 0x000000070f800000| PB 0x000000070f800000| Untracked |  0
|  41|0x000000070fa00000, 0x000000070fa00000, 0x000000070fc00000|  0%| F|  |TAMS 0x000000070fa00000| PB 0x000000070fa00000| Untracked |  0
|  42|0x000000070fc00000, 0x000000070fc00000, 0x000000070fe00000|  0%| F|  |TAMS 0x000000070fc00000| PB 0x000000070fc00000| Untracked |  0
|  43|0x000000070fe00000, 0x000000070fe00000, 0x0000000710000000|  0%| F|  |TAMS 0x000000070fe00000| PB 0x000000070fe00000| Untracked |  0
|  44|0x0000000710000000, 0x0000000710000000, 0x0000000710200000|  0%| F|  |TAMS 0x0000000710000000| PB 0x0000000710000000| Untracked |  0
|  45|0x0000000710200000, 0x0000000710200000, 0x0000000710400000|  0%| F|  |TAMS 0x0000000710200000| PB 0x0000000710200000| Untracked |  0
|  46|0x0000000710400000, 0x0000000710400000, 0x0000000710600000|  0%| F|  |TAMS 0x0000000710400000| PB 0x0000000710400000| Untracked |  0
|  47|0x0000000710600000, 0x0000000710600000, 0x0000000710800000|  0%| F|  |TAMS 0x0000000710600000| PB 0x0000000710600000| Untracked |  0
|  48|0x0000000710800000, 0x0000000710800000, 0x0000000710a00000|  0%| F|  |TAMS 0x0000000710800000| PB 0x0000000710800000| Untracked |  0
|  49|0x0000000710a00000, 0x0000000710a00000, 0x0000000710c00000|  0%| F|  |TAMS 0x0000000710a00000| PB 0x0000000710a00000| Untracked |  0
|  50|0x0000000710c00000, 0x0000000710c00000, 0x0000000710e00000|  0%| F|  |TAMS 0x0000000710c00000| PB 0x0000000710c00000| Untracked |  0
|  51|0x0000000710e00000, 0x0000000710e00000, 0x0000000711000000|  0%| F|  |TAMS 0x0000000710e00000| PB 0x0000000710e00000| Untracked |  0
|  52|0x0000000711000000, 0x0000000711000000, 0x0000000711200000|  0%| F|  |TAMS 0x0000000711000000| PB 0x0000000711000000| Untracked |  0
|  53|0x0000000711200000, 0x0000000711200000, 0x0000000711400000|  0%| F|  |TAMS 0x0000000711200000| PB 0x0000000711200000| Untracked |  0
|  54|0x0000000711400000, 0x0000000711400000, 0x0000000711600000|  0%| F|  |TAMS 0x0000000711400000| PB 0x0000000711400000| Untracked |  0
|  55|0x0000000711600000, 0x0000000711600000, 0x0000000711800000|  0%| F|  |TAMS 0x0000000711600000| PB 0x0000000711600000| Untracked |  0
|  56|0x0000000711800000, 0x0000000711800000, 0x0000000711a00000|  0%| F|  |TAMS 0x0000000711800000| PB 0x0000000711800000| Untracked |  0
|  57|0x0000000711a00000, 0x0000000711a00000, 0x0000000711c00000|  0%| F|  |TAMS 0x0000000711a00000| PB 0x0000000711a00000| Untracked |  0
|  58|0x0000000711c00000, 0x0000000711c00000, 0x0000000711e00000|  0%| F|  |TAMS 0x0000000711c00000| PB 0x0000000711c00000| Untracked |  0
|  59|0x0000000711e00000, 0x0000000711e00000, 0x0000000712000000|  0%| F|  |TAMS 0x0000000711e00000| PB 0x0000000711e00000| Untracked |  0
|  60|0x0000000712000000, 0x0000000712000000, 0x0000000712200000|  0%| F|  |TAMS 0x0000000712000000| PB 0x0000000712000000| Untracked |  0
|  61|0x0000000712200000, 0x0000000712200000, 0x0000000712400000|  0%| F|  |TAMS 0x0000000712200000| PB 0x0000000712200000| Untracked |  0
|  62|0x0000000712400000, 0x0000000712400000, 0x0000000712600000|  0%| F|  |TAMS 0x0000000712400000| PB 0x0000000712400000| Untracked |  0
|  63|0x0000000712600000, 0x0000000712600000, 0x0000000712800000|  0%| F|  |TAMS 0x0000000712600000| PB 0x0000000712600000| Untracked |  0
|  64|0x0000000712800000, 0x0000000712800000, 0x0000000712a00000|  0%| F|  |TAMS 0x0000000712800000| PB 0x0000000712800000| Untracked |  0
|  65|0x0000000712a00000, 0x0000000712b228b0, 0x0000000712c00000| 56%| E|  |TAMS 0x0000000712a00000| PB 0x0000000712a00000| Complete |  0
|  66|0x0000000712c00000, 0x0000000712e00000, 0x0000000712e00000|100%| E|CS|TAMS 0x0000000712c00000| PB 0x0000000712c00000| Complete |  0
|  67|0x0000000712e00000, 0x0000000713000000, 0x0000000713000000|100%| E|CS|TAMS 0x0000000712e00000| PB 0x0000000712e00000| Complete |  0
|  68|0x0000000713000000, 0x0000000713200000, 0x0000000713200000|100%| E|CS|TAMS 0x0000000713000000| PB 0x0000000713000000| Complete |  0
|  69|0x0000000713200000, 0x0000000713400000, 0x0000000713400000|100%| E|CS|TAMS 0x0000000713200000| PB 0x0000000713200000| Complete |  0
|  70|0x0000000713400000, 0x0000000713600000, 0x0000000713600000|100%| E|CS|TAMS 0x0000000713400000| PB 0x0000000713400000| Complete |  0
| 105|0x0000000717a00000, 0x0000000717c00000, 0x0000000717c00000|100%| E|CS|TAMS 0x0000000717a00000| PB 0x0000000717a00000| Complete |  0
| 106|0x0000000717c00000, 0x0000000717e00000, 0x0000000717e00000|100%| E|CS|TAMS 0x0000000717c00000| PB 0x0000000717c00000| Complete |  0
| 122|0x0000000719c00000, 0x0000000719e00000, 0x0000000719e00000|100%| E|CS|TAMS 0x0000000719c00000| PB 0x0000000719c00000| Complete |  0

Card table byte_map: [0x00000207b09c0000,0x00000207b1170000] _byte_map_base: 0x00000207ad16c000

Marking Bits: (CMBitMap*) 0x00000207981ba0c0
 Bits: [0x00000207b1170000, 0x00000207b4ed0000)

Polling page: 0x0000020795f40000

Metaspace:

Usage:
  Non-class:     56.32 MB used.
      Class:      8.91 MB used.
       Both:     65.24 MB used.

Virtual space:
  Non-class space:       64.00 MB reserved,      56.69 MB ( 89%) committed,  1 nodes.
      Class space:        1.00 GB reserved,       9.25 MB ( <1%) committed,  1 nodes.
             Both:        1.06 GB reserved,      65.94 MB (  6%) committed. 

Chunk freelists:
   Non-Class:  7.01 MB
       Class:  6.62 MB
        Both:  13.64 MB

MaxMetaspaceSize: unlimited
CompressedClassSpaceSize: 1.00 GB
Initial GC threshold: 21.00 MB
Current GC threshold: 95.94 MB
CDS: on
 - commit_granule_bytes: 65536.
 - commit_granule_words: 8192.
 - virtual_space_node_default_size: 8388608.
 - enlarge_chunks_in_place: 1.
 - use_allocation_guard: 0.


Internal statistics:

num_allocs_failed_limit: 6.
num_arena_births: 904.
num_arena_deaths: 0.
num_vsnodes_births: 2.
num_vsnodes_deaths: 0.
num_space_committed: 1055.
num_space_uncommitted: 0.
num_chunks_returned_to_freelist: 6.
num_chunks_taken_from_freelist: 3120.
num_chunk_merges: 6.
num_chunk_splits: 2225.
num_chunks_enlarged: 1705.
num_inconsistent_stats: 0.

CodeHeap 'non-profiled nmethods': size=119232Kb used=2671Kb max_used=2671Kb free=116560Kb
 bounds [0x00000207a8410000, 0x00000207a86b0000, 0x00000207af880000]
CodeHeap 'profiled nmethods': size=119104Kb used=9328Kb max_used=9328Kb free=109775Kb
 bounds [0x00000207a0880000, 0x00000207a11a0000, 0x00000207a7cd0000]
CodeHeap 'non-nmethods': size=7424Kb used=2829Kb max_used=3459Kb free=4594Kb
 bounds [0x00000207a7cd0000, 0x00000207a8040000, 0x00000207a8410000]
CodeCache: size=245760Kb, used=14828Kb, max_used=15458Kb, free=230929Kb
 total_blobs=6656, nmethods=5908, adapters=650, full_count=0
Compilation: enabled, stopped_count=0, restarted_count=0

Compilation events (20 events):
Event: 8.779 Thread 0x00000207fd310770 nmethod 6625 0x00000207a0f99c88 code [0x00000207a0f99e80, 0x00000207a0f9aa90]
Event: 8.779 Thread 0x00000207fd0cf780 6627       3       jdk.internal.reflect.DirectMethodHandleAccessor::methodAccessor (35 bytes)
Event: 8.779 Thread 0x00000207fd0cf780 nmethod 6627 0x00000207a0f99988 code [0x00000207a0f99aa0, 0x00000207a0f99c48]
Event: 8.779 Thread 0x00000207b7ea32c0 6628       3       jdk.internal.reflect.DirectMethodHandleAccessor::<init> (59 bytes)
Event: 8.780 Thread 0x00000207fd310770 6629       3       jdk.internal.reflect.MethodAccessorImpl::<init> (5 bytes)
Event: 8.780 Thread 0x00000207fd151a70 nmethod 6626 0x00000207a118c188 code [0x00000207a118c460, 0x00000207a118e0c8]
Event: 8.780 Thread 0x00000207fd310770 nmethod 6629 0x00000207a0f99608 code [0x00000207a0f99720, 0x00000207a0f998e8]
Event: 8.781 Thread 0x00000207b7ea32c0 nmethod 6628 0x00000207a0f98f88 code [0x00000207a0f990e0, 0x00000207a0f995b8]
Event: 8.795 Thread 0x00000207fd310770 6630   !   3       java.net.URL::<init> (543 bytes)
Event: 8.801 Thread 0x00000207fd310770 nmethod 6630 0x00000207a118e108 code [0x00000207a118e680, 0x00000207a11919f0]
Event: 8.805 Thread 0x00000207fd310770 6631       3       java.lang.Class::copyFields (36 bytes)
Event: 8.807 Thread 0x00000207fd310770 nmethod 6631 0x00000207a1191b08 code [0x00000207a1191d00, 0x00000207a11927a8]
Event: 8.809 Thread 0x00000207b7ea32c0 6633   !   3       jdk.proxy2.$Proxy39::annotationType (28 bytes)
Event: 8.809 Thread 0x00000207b7ea32c0 nmethod 6633 0x00000207a0f98788 code [0x00000207a0f988e0, 0x00000207a0f98cc8]
Event: 8.810 Thread 0x00000207b7ea32c0 6635   !   3       jdk.proxy2.$Proxy56::annotationType (28 bytes)
Event: 8.810 Thread 0x00000207fd151a70 6636       3       org.springframework.aop.scope.ScopedProxyUtils::isScopedTarget (19 bytes)
Event: 8.811 Thread 0x00000207b7ea32c0 nmethod 6635 0x00000207a1192888 code [0x00000207a11929e0, 0x00000207a1192dc8]
Event: 8.811 Thread 0x00000207fd151a70 nmethod 6636 0x00000207a1192e08 code [0x00000207a1192f40, 0x00000207a1193158]
Event: 8.817 Thread 0x00000207fd151a70 6637       3       java.net.URLStreamHandler::setURL (156 bytes)
Event: 8.819 Thread 0x00000207fd151a70 nmethod 6637 0x00000207a1193188 code [0x00000207a1193420, 0x00000207a1194430]

GC Heap History (20 events):
Event: 3.614 GC heap before
{Heap before GC invocations=5 (full 0):
 garbage-first heap   total reserved 4022272K, committed 49152K, used 33960K [0x000000070a800000, 0x0000000800000000)
  region size 2048K, 11 young (22528K), 2 survivors (4096K)
 Metaspace       used 27256K, committed 27712K, reserved 1114112K
  class space    used 3430K, committed 3648K, reserved 1048576K
}
Event: 3.624 GC heap after
{Heap after GC invocations=6 (full 0):
 garbage-first heap   total reserved 4022272K, committed 49152K, used 16403K [0x000000070a800000, 0x0000000800000000)
  region size 2048K, 1 young (2048K), 1 survivors (2048K)
 Metaspace       used 27256K, committed 27712K, reserved 1114112K
  class space    used 3430K, committed 3648K, reserved 1048576K
}
Event: 4.240 GC heap before
{Heap before GC invocations=6 (full 0):
 garbage-first heap   total reserved 4022272K, committed 49152K, used 34835K [0x000000070a800000, 0x0000000800000000)
  region size 2048K, 10 young (20480K), 1 survivors (2048K)
 Metaspace       used 30603K, committed 31104K, reserved 1114112K
  class space    used 3948K, committed 4160K, reserved 1048576K
}
Event: 4.247 GC heap after
{Heap after GC invocations=7 (full 0):
 garbage-first heap   total reserved 4022272K, committed 49152K, used 18510K [0x000000070a800000, 0x0000000800000000)
  region size 2048K, 2 young (4096K), 2 survivors (4096K)
 Metaspace       used 30603K, committed 31104K, reserved 1114112K
  class space    used 3948K, committed 4160K, reserved 1048576K
}
Event: 4.946 GC heap before
{Heap before GC invocations=7 (full 0):
 garbage-first heap   total reserved 4022272K, committed 49152K, used 34894K [0x000000070a800000, 0x0000000800000000)
  region size 2048K, 11 young (22528K), 2 survivors (4096K)
 Metaspace       used 34642K, committed 35264K, reserved 1114112K
  class space    used 4448K, committed 4736K, reserved 1048576K
}
Event: 4.950 GC heap after
{Heap after GC invocations=8 (full 0):
 garbage-first heap   total reserved 4022272K, committed 49152K, used 20359K [0x000000070a800000, 0x0000000800000000)
  region size 2048K, 2 young (4096K), 2 survivors (4096K)
 Metaspace       used 34642K, committed 35264K, reserved 1114112K
  class space    used 4448K, committed 4736K, reserved 1048576K
}
Event: 5.118 GC heap before
{Heap before GC invocations=8 (full 0):
 garbage-first heap   total reserved 4022272K, committed 49152K, used 22407K [0x000000070a800000, 0x0000000800000000)
  region size 2048K, 4 young (8192K), 2 survivors (4096K)
 Metaspace       used 35502K, committed 36096K, reserved 1114112K
  class space    used 4580K, committed 4800K, reserved 1048576K
}
Event: 5.122 GC heap after
{Heap after GC invocations=9 (full 0):
 garbage-first heap   total reserved 4022272K, committed 49152K, used 20760K [0x000000070a800000, 0x0000000800000000)
  region size 2048K, 2 young (4096K), 2 survivors (4096K)
 Metaspace       used 35502K, committed 36096K, reserved 1114112K
  class space    used 4580K, committed 4800K, reserved 1048576K
}
Event: 5.639 GC heap before
{Heap before GC invocations=10 (full 0):
 garbage-first heap   total reserved 4022272K, committed 49152K, used 37144K [0x000000070a800000, 0x0000000800000000)
  region size 2048K, 10 young (20480K), 2 survivors (4096K)
 Metaspace       used 39717K, committed 40320K, reserved 1114112K
  class space    used 5297K, committed 5568K, reserved 1048576K
}
Event: 5.642 GC heap after
{Heap after GC invocations=11 (full 0):
 garbage-first heap   total reserved 4022272K, committed 49152K, used 21626K [0x000000070a800000, 0x0000000800000000)
  region size 2048K, 1 young (2048K), 1 survivors (2048K)
 Metaspace       used 39717K, committed 40320K, reserved 1114112K
  class space    used 5297K, committed 5568K, reserved 1048576K
}
Event: 6.457 GC heap before
{Heap before GC invocations=11 (full 0):
 garbage-first heap   total reserved 4022272K, committed 49152K, used 40058K [0x000000070a800000, 0x0000000800000000)
  region size 2048K, 10 young (20480K), 1 survivors (2048K)
 Metaspace       used 48735K, committed 49280K, reserved 1114112K
  class space    used 6400K, committed 6656K, reserved 1048576K
}
Event: 6.461 GC heap after
{Heap after GC invocations=12 (full 0):
 garbage-first heap   total reserved 4022272K, committed 49152K, used 23701K [0x000000070a800000, 0x0000000800000000)
  region size 2048K, 2 young (4096K), 2 survivors (4096K)
 Metaspace       used 48735K, committed 49280K, reserved 1114112K
  class space    used 6400K, committed 6656K, reserved 1048576K
}
Event: 7.012 GC heap before
{Heap before GC invocations=12 (full 0):
 garbage-first heap   total reserved 4022272K, committed 49152K, used 38037K [0x000000070a800000, 0x0000000800000000)
  region size 2048K, 10 young (20480K), 2 survivors (4096K)
 Metaspace       used 52507K, committed 53120K, reserved 1114112K
  class space    used 6902K, committed 7168K, reserved 1048576K
}
Event: 7.015 GC heap after
{Heap after GC invocations=13 (full 0):
 garbage-first heap   total reserved 4022272K, committed 49152K, used 25261K [0x000000070a800000, 0x0000000800000000)
  region size 2048K, 1 young (2048K), 1 survivors (2048K)
 Metaspace       used 52507K, committed 53120K, reserved 1114112K
  class space    used 6902K, committed 7168K, reserved 1048576K
}
Event: 7.449 GC heap before
{Heap before GC invocations=13 (full 0):
 garbage-first heap   total reserved 4022272K, committed 49152K, used 41645K [0x000000070a800000, 0x0000000800000000)
  region size 2048K, 9 young (18432K), 1 survivors (2048K)
 Metaspace       used 58213K, committed 58816K, reserved 1114112K
  class space    used 7782K, committed 8000K, reserved 1048576K
}
Event: 7.451 GC heap after
{Heap after GC invocations=14 (full 0):
 garbage-first heap   total reserved 4022272K, committed 49152K, used 25780K [0x000000070a800000, 0x0000000800000000)
  region size 2048K, 2 young (4096K), 2 survivors (4096K)
 Metaspace       used 58213K, committed 58816K, reserved 1114112K
  class space    used 7782K, committed 8000K, reserved 1048576K
}
Event: 7.760 GC heap before
{Heap before GC invocations=15 (full 0):
 garbage-first heap   total reserved 4022272K, committed 49152K, used 36020K [0x000000070a800000, 0x0000000800000000)
  region size 2048K, 8 young (16384K), 2 survivors (4096K)
 Metaspace       used 61386K, committed 62016K, reserved 1114112K
  class space    used 8355K, committed 8640K, reserved 1048576K
}
Event: 7.763 GC heap after
{Heap after GC invocations=16 (full 0):
 garbage-first heap   total reserved 4022272K, committed 49152K, used 26445K [0x000000070a800000, 0x0000000800000000)
  region size 2048K, 1 young (2048K), 1 survivors (2048K)
 Metaspace       used 61386K, committed 62016K, reserved 1114112K
  class space    used 8355K, committed 8640K, reserved 1048576K
}
Event: 8.109 GC heap before
{Heap before GC invocations=16 (full 0):
 garbage-first heap   total reserved 4022272K, committed 49152K, used 40781K [0x000000070a800000, 0x0000000800000000)
  region size 2048K, 8 young (16384K), 1 survivors (2048K)
 Metaspace       used 64057K, committed 64768K, reserved 1114112K
  class space    used 8746K, committed 9088K, reserved 1048576K
}
Event: 8.114 GC heap after
{Heap after GC invocations=17 (full 0):
 garbage-first heap   total reserved 4022272K, committed 151552K, used 27286K [0x000000070a800000, 0x0000000800000000)
  region size 2048K, 1 young (2048K), 1 survivors (2048K)
 Metaspace       used 64057K, committed 64768K, reserved 1114112K
  class space    used 8746K, committed 9088K, reserved 1048576K
}

Dll operation events (13 events):
Event: 0.014 Loaded shared library C:\Program Files\Java\jdk-23\bin\java.dll
Event: 0.048 Loaded shared library C:\Program Files\Java\jdk-23\bin\jsvml.dll
Event: 0.152 Loaded shared library C:\Program Files\Java\jdk-23\bin\zip.dll
Event: 0.157 Loaded shared library C:\Program Files\Java\jdk-23\bin\instrument.dll
Event: 0.167 Loaded shared library C:\Program Files\Java\jdk-23\bin\net.dll
Event: 0.171 Loaded shared library C:\Program Files\Java\jdk-23\bin\nio.dll
Event: 0.176 Loaded shared library C:\Program Files\Java\jdk-23\bin\zip.dll
Event: 0.357 Loaded shared library C:\Program Files\Java\jdk-23\bin\jimage.dll
Event: 0.374 Loaded shared library C:\Program Files\Java\jdk-23\bin\extnet.dll
Event: 0.452 Loaded shared library C:\Program Files\Java\jdk-23\bin\management.dll
Event: 0.474 Loaded shared library C:\Program Files\Java\jdk-23\bin\management_ext.dll
Event: 2.520 Loaded shared library C:\Program Files\Java\jdk-23\bin\sunmscapi.dll
Event: 5.477 Loaded shared library C:\Program Files\Java\jdk-23\bin\verify.dll

Deoptimization events (20 events):
Event: 8.514 Thread 0x0000020798153820 Uncommon trap: trap_request=0xffffffde fr.pc=0x00000207a857abb8 relative=0x00000000000001f8
Event: 8.514 Thread 0x0000020798153820 Uncommon trap: reason=class_check action=maybe_recompile pc=0x00000207a857abb8 method=org.springframework.core.SerializableTypeWrapper.unwrap(Ljava/lang/reflect/Type;)Ljava/lang/reflect/Type; @ 10 c2
Event: 8.514 Thread 0x0000020798153820 DEOPT PACKING pc=0x00000207a857abb8 sp=0x000000feb35fc710
Event: 8.514 Thread 0x0000020798153820 DEOPT UNPACKING pc=0x00000207a7d24402 sp=0x000000feb35fc698 mode 2
Event: 8.544 Thread 0x0000020798153820 Uncommon trap: trap_request=0xffffff45 fr.pc=0x00000207a857ff28 relative=0x00000000000000e8
Event: 8.544 Thread 0x0000020798153820 Uncommon trap: reason=unstable_if action=reinterpret pc=0x00000207a857ff28 method=org.springframework.core.ResolvableType.resolveClass()Ljava/lang/Class; @ 38 c2
Event: 8.544 Thread 0x0000020798153820 DEOPT PACKING pc=0x00000207a857ff28 sp=0x000000feb35f7f90
Event: 8.544 Thread 0x0000020798153820 DEOPT UNPACKING pc=0x00000207a7d24402 sp=0x000000feb35f7f10 mode 2
Event: 8.573 Thread 0x0000020798153820 Uncommon trap: trap_request=0xffffff45 fr.pc=0x00000207a85bbaf0 relative=0x0000000000000370
Event: 8.573 Thread 0x0000020798153820 Uncommon trap: reason=unstable_if action=reinterpret pc=0x00000207a85bbaf0 method=org.springframework.core.annotation.TypeMappedAnnotations$MergedAnnotationFinder.doWithAnnotations(Ljava/lang/Object;ILjava/lang/Object;[Ljava/lang/annotation/Annotation;)Lo
Event: 8.573 Thread 0x0000020798153820 DEOPT PACKING pc=0x00000207a85bbaf0 sp=0x000000feb35f7f10
Event: 8.573 Thread 0x0000020798153820 DEOPT UNPACKING pc=0x00000207a7d24402 sp=0x000000feb35f7ed0 mode 2
Event: 8.723 Thread 0x0000020798153820 Uncommon trap: trap_request=0xffffff45 fr.pc=0x00000207a862aad4 relative=0x0000000000001534
Event: 8.723 Thread 0x0000020798153820 Uncommon trap: reason=unstable_if action=reinterpret pc=0x00000207a862aad4 method=java.net.URL.<init>(Ljava/net/URL;Ljava/lang/String;Ljava/net/URLStreamHandler;)V @ 30 c2
Event: 8.723 Thread 0x0000020798153820 DEOPT PACKING pc=0x00000207a862aad4 sp=0x000000feb35fde40
Event: 8.723 Thread 0x0000020798153820 DEOPT UNPACKING pc=0x00000207a7d24402 sp=0x000000feb35fddf0 mode 2
Event: 8.723 Thread 0x0000020798153820 Uncommon trap: trap_request=0xffffff45 fr.pc=0x00000207a854a9a0 relative=0x0000000000000b40
Event: 8.723 Thread 0x0000020798153820 Uncommon trap: reason=unstable_if action=reinterpret pc=0x00000207a854a9a0 method=java.net.URL.isBuiltinStreamHandler(Ljava/net/URLStreamHandler;)Z @ 13 c2
Event: 8.723 Thread 0x0000020798153820 DEOPT PACKING pc=0x00000207a854a9a0 sp=0x000000feb35fdca0
Event: 8.723 Thread 0x0000020798153820 DEOPT UNPACKING pc=0x00000207a7d24402 sp=0x000000feb35fdbb8 mode 2

Classes loaded (20 events):
Event: 8.171 Loading class java/util/regex/Pattern$Behind
Event: 8.171 Loading class java/util/regex/Pattern$Behind done
Event: 8.219 Loading class sun/reflect/ReflectionFactory
Event: 8.219 Loading class sun/reflect/ReflectionFactory done
Event: 8.219 Loading class sun/reflect/ReflectionFactory$1
Event: 8.219 Loading class sun/reflect/ReflectionFactory$1 done
Event: 8.219 Loading class java/io/OptionalDataException
Event: 8.219 Loading class java/io/OptionalDataException done
Event: 8.431 Loading class java/util/regex/PatternSyntaxException
Event: 8.431 Loading class java/util/regex/PatternSyntaxException done
Event: 8.441 Loading class java/util/Comparators$NullComparator
Event: 8.441 Loading class java/util/Comparators$NullComparator done
Event: 8.469 Loading class java/util/AbstractList$SubList$1
Event: 8.469 Loading class java/util/AbstractList$SubList$1 done
Event: 8.603 Loading class java/util/EnumMap$EntrySet
Event: 8.604 Loading class java/util/EnumMap$EntrySet done
Event: 8.604 Loading class java/util/EnumMap$EntryIterator
Event: 8.604 Loading class java/util/EnumMap$EnumMapIterator
Event: 8.604 Loading class java/util/EnumMap$EnumMapIterator done
Event: 8.604 Loading class java/util/EnumMap$EntryIterator done

Classes unloaded (0 events):
No events

Classes redefined (0 events):
No events

Internal exceptions (20 events):
Event: 7.664 Thread 0x0000020798153820 Exception <a 'java/lang/NoSuchMethodError'{0x000000070d17ae50}: 'java.lang.Object java.lang.invoke.DirectMethodHandle$Holder.newInvokeSpecial(java.lang.Object, java.lang.Object, int)'> (0x000000070d17ae50) 
thrown [s\open\src\hotspot\share\interpreter\linkResolver.cpp, line 796]
Event: 7.664 Thread 0x0000020798153820 Exception <a 'java/lang/IncompatibleClassChangeError'{0x000000070d17e6e8}: Found class java.lang.Object, but interface was expected> (0x000000070d17e6e8) 
thrown [s\open\src\hotspot\share\interpreter\linkResolver.cpp, line 863]
Event: 7.689 Thread 0x0000020798153820 Exception <a 'java/lang/NoSuchMethodError'{0x000000070cec55a8}: 'int java.lang.invoke.DirectMethodHandle$Holder.invokeSpecial(java.lang.Object, java.lang.Object, int, java.lang.Object)'> (0x000000070cec55a8) 
thrown [s\open\src\hotspot\share\interpreter\linkResolver.cpp, line 796]
Event: 7.690 Thread 0x0000020798153820 Exception <a 'java/lang/NoSuchMethodError'{0x000000070cecdd78}: 'int java.lang.invoke.DirectMethodHandle$Holder.invokeStatic(java.lang.Object, int, java.lang.Object)'> (0x000000070cecdd78) 
thrown [s\open\src\hotspot\share\interpreter\linkResolver.cpp, line 796]
Event: 7.692 Thread 0x0000020798153820 Exception <a 'java/lang/NoSuchMethodError'{0x000000070ceea490}: 'java.lang.Object java.lang.invoke.DirectMethodHandle$Holder.newInvokeSpecial(java.lang.Object, java.lang.Object, java.lang.Object, java.lang.Object, java.lang.Object, int, java.lang.Object)'> (0x000000070ceea490) 
thrown [s\open\src\hotspot\share\interpreter\linkResolver.cpp, line 796]
Event: 7.696 Thread 0x0000020798153820 Exception <a 'java/lang/NoSuchMethodError'{0x000000070cf19460}: 'java.lang.Object java.lang.invoke.Invokers$Holder.linkToTargetMethod(java.lang.Object, java.lang.Object, java.lang.Object, java.lang.Object, java.lang.Object, java.lang.Object, java.lang.Object, java.lang.Object, java.lang.Object, java.lang.Object, java.lang.Object, java.lang.Object)'> (0x000000070cf19460) 
thrown [s\open\src\hotspot\share\interpreter\linkResolver.cpp, line 796]
Event: 7.729 Thread 0x0000020798153820 Exception <a 'java/lang/IncompatibleClassChangeError'{0x000000070cc956c0}: Found class java.lang.Object, but interface was expected> (0x000000070cc956c0) 
thrown [s\open\src\hotspot\share\interpreter\linkResolver.cpp, line 863]
Event: 7.738 Thread 0x0000020798153820 Exception <a 'java/lang/NoSuchMethodError'{0x000000070cd060f8}: 'java.lang.Object java.lang.invoke.DirectMethodHandle$Holder.newInvokeSpecial(java.lang.Object, java.lang.Object, java.lang.Object, java.lang.Object, java.lang.Object, java.lang.Object, java.lang.Object, int)'> (0x000000070cd060f8) 
thrown [s\open\src\hotspot\share\interpreter\linkResolver.cpp, line 796]
Event: 7.739 Thread 0x0000020798153820 Exception <a 'java/lang/NoSuchMethodError'{0x000000070cd0a678}: 'java.lang.Object java.lang.invoke.DirectMethodHandle$Holder.invokeSpecial(java.lang.Object, java.lang.Object, java.lang.Object, java.lang.Object, java.lang.Object, java.lang.Object, java.lang.Object, java.lang.Object, int)'> (0x000000070cd0a678) 
thrown [s\open\src\hotspot\share\interpreter\linkResolver.cpp, line 796]
Event: 7.739 Thread 0x0000020798153820 Exception <a 'java/lang/NoSuchMethodError'{0x000000070cd0e660}: 'java.lang.Object java.lang.invoke.Invokers$Holder.linkToTargetMethod(java.lang.Object, java.lang.Object, java.lang.Object, java.lang.Object, java.lang.Object, java.lang.Object, int, java.lang.Object)'> (0x000000070cd0e660) 
thrown [s\open\src\hotspot\share\interpreter\linkResolver.cpp, line 796]
Event: 7.859 Thread 0x0000020798153820 Exception <a 'java/lang/NoSuchMethodError'{0x0000000717da2ef8}: 'void java.lang.invoke.Invokers$Holder.invokeExact_MT(java.lang.Object, java.lang.Object, java.lang.Object, java.lang.Object)'> (0x0000000717da2ef8) 
thrown [s\open\src\hotspot\share\interpreter\linkResolver.cpp, line 796]
Event: 7.877 Thread 0x0000020798153820 Implicit null exception at 0x00000207a8671ef3 to 0x00000207a867215c
Event: 7.924 Thread 0x0000020798153820 Implicit null exception at 0x00000207a85096dc to 0x00000207a850b4f0
Event: 7.932 Thread 0x0000020798153820 Exception <a 'java/lang/IncompatibleClassChangeError'{0x000000070d1f53a8}: Found class java.lang.Object, but interface was expected> (0x000000070d1f53a8) 
thrown [s\open\src\hotspot\share\interpreter\linkResolver.cpp, line 863]
Event: 7.981 Thread 0x0000020798153820 Exception <a 'java/lang/IncompatibleClassChangeError'{0x000000070cf74128}: Found class java.lang.Object, but interface was expected> (0x000000070cf74128) 
thrown [s\open\src\hotspot\share\interpreter\linkResolver.cpp, line 863]
Event: 8.079 Thread 0x0000020798153820 Exception <a 'java/lang/IncompatibleClassChangeError'{0x000000070c8e52c0}: Found class java.lang.Object, but interface was expected> (0x000000070c8e52c0) 
thrown [s\open\src\hotspot\share\interpreter\linkResolver.cpp, line 863]
Event: 8.166 Thread 0x0000020798153820 Exception <a 'java/lang/NoSuchMethodError'{0x0000000719d45ec8}: 'java.lang.Object java.lang.invoke.Invokers$Holder.invoker(java.lang.Object, java.lang.Object, java.lang.Object, java.lang.Object)'> (0x0000000719d45ec8) 
thrown [s\open\src\hotspot\share\interpreter\linkResolver.cpp, line 796]
Event: 8.193 Thread 0x0000020798153820 Exception <a 'java/lang/NoSuchMethodError'{0x0000000719dfa5e0}: 'int java.lang.invoke.DirectMethodHandle$Holder.invokeStaticInit(java.lang.Object, int, java.lang.Object, java.lang.Object, java.lang.Object, java.lang.Object)'> (0x0000000719dfa5e0) 
thrown [s\open\src\hotspot\share\interpreter\linkResolver.cpp, line 796]
Event: 8.281 Thread 0x0000020798153820 Exception <a 'java/lang/NoSuchMethodError'{0x0000000717a369d0}: 'java.lang.Object java.lang.invoke.DirectMethodHandle$Holder.newInvokeSpecial(java.lang.Object, java.lang.Object, java.lang.Object, java.lang.Object, java.lang.Object, java.lang.Object, java.lang.Object, java.lang.Object)'> (0x0000000717a369d0) 
thrown [s\open\src\hotspot\share\interpreter\linkResolver.cpp, line 796]
Event: 8.670 Thread 0x0000020798153820 Exception <a 'java/lang/IncompatibleClassChangeError'{0x0000000712e998c8}: Found class java.lang.Object, but interface was expected> (0x0000000712e998c8) 
thrown [s\open\src\hotspot\share\interpreter\linkResolver.cpp, line 863]

VM Operations (20 events):
Event: 7.760 Executing VM operation: G1CollectForAllocation (G1 Evacuation Pause)
Event: 7.763 Executing VM operation: G1CollectForAllocation (G1 Evacuation Pause) done
Event: 7.834 Executing VM operation: HandshakeAllThreads (Deoptimize)
Event: 7.834 Executing VM operation: HandshakeAllThreads (Deoptimize) done
Event: 8.092 Executing VM operation: HandshakeAllThreads (Deoptimize)
Event: 8.092 Executing VM operation: HandshakeAllThreads (Deoptimize) done
Event: 8.093 Executing VM operation: HandshakeAllThreads (Deoptimize)
Event: 8.093 Executing VM operation: HandshakeAllThreads (Deoptimize) done
Event: 8.109 Executing VM operation: G1CollectForAllocation (G1 Evacuation Pause)
Event: 8.114 Executing VM operation: G1CollectForAllocation (G1 Evacuation Pause) done
Event: 8.404 Executing VM operation: HandshakeAllThreads (Deoptimize)
Event: 8.404 Executing VM operation: HandshakeAllThreads (Deoptimize) done
Event: 8.465 Executing VM operation: HandshakeAllThreads (Deoptimize)
Event: 8.465 Executing VM operation: HandshakeAllThreads (Deoptimize) done
Event: 8.466 Executing VM operation: HandshakeAllThreads (Deoptimize)
Event: 8.466 Executing VM operation: HandshakeAllThreads (Deoptimize) done
Event: 8.702 Executing VM operation: HandshakeAllThreads (Deoptimize)
Event: 8.702 Executing VM operation: HandshakeAllThreads (Deoptimize) done
Event: 8.833 Executing VM operation: HandshakeAllThreads (Deoptimize)
Event: 8.833 Executing VM operation: HandshakeAllThreads (Deoptimize) done

Memory protections (0 events):
No events

Nmethod flushes (20 events):
Event: 7.467 Thread 0x00000207b7e70a50 flushing  nmethod 0x00000207a0959f08
Event: 7.467 Thread 0x00000207b7e70a50 flushing  nmethod 0x00000207a0980508
Event: 7.467 Thread 0x00000207b7e70a50 flushing  nmethod 0x00000207a0981988
Event: 7.467 Thread 0x00000207b7e70a50 flushing  nmethod 0x00000207a0982008
Event: 7.467 Thread 0x00000207b7e70a50 flushing  nmethod 0x00000207a09b6a88
Event: 7.467 Thread 0x00000207b7e70a50 flushing  nmethod 0x00000207a0a6aa08
Event: 7.467 Thread 0x00000207b7e70a50 flushing  nmethod 0x00000207a0bdbc88
Event: 7.467 Thread 0x00000207b7e70a50 flushing  nmethod 0x00000207a0bdc308
Event: 7.467 Thread 0x00000207b7e70a50 flushing  nmethod 0x00000207a0bf4988
Event: 7.467 Thread 0x00000207b7e70a50 flushing  nmethod 0x00000207a0c97f88
Event: 7.467 Thread 0x00000207b7e70a50 flushing  nmethod 0x00000207a0c98288
Event: 7.467 Thread 0x00000207b7e70a50 flushing  nmethod 0x00000207a0c98888
Event: 7.467 Thread 0x00000207b7e70a50 flushing  nmethod 0x00000207a0cbf808
Event: 7.467 Thread 0x00000207b7e70a50 flushing  nmethod 0x00000207a0cbfb08
Event: 7.467 Thread 0x00000207b7e70a50 flushing  nmethod 0x00000207a0cc1f88
Event: 7.467 Thread 0x00000207b7e70a50 flushing  nmethod 0x00000207a0cc2288
Event: 7.467 Thread 0x00000207b7e70a50 flushing  nmethod 0x00000207a0d33e88
Event: 7.467 Thread 0x00000207b7e70a50 flushing  nmethod 0x00000207a0d8c108
Event: 7.467 Thread 0x00000207b7e70a50 flushing  nmethod 0x00000207a0e80208
Event: 7.467 Thread 0x00000207b7e70a50 flushing  nmethod 0x00000207a0fb6188

Events (20 events):
Event: 2.377 Thread 0x00000207fe8ab8b0 Thread exited: 0x00000207fe8ab8b0
Event: 2.493 Thread 0x0000020798153820 Thread added: 0x00000207fea0dbe0
Event: 2.503 Thread 0x00000207fd310770 Thread added: 0x00000207fe8aab10
Event: 2.537 Thread 0x00000207fea0cec0 Thread exited: 0x00000207fea0cec0
Event: 2.553 Thread 0x00000207fea0dbe0 Thread exited: 0x00000207fea0dbe0
Event: 4.649 Thread 0x0000020798153820 Thread added: 0x00000207fea0bb10
Event: 4.651 Thread 0x00000207fea0bb10 Thread added: 0x00000207fea0c1a0
Event: 4.657 Thread 0x0000020798153820 Thread added: 0x00000207fea0f620
Event: 4.743 Thread 0x0000020798153820 Thread added: 0x00000207fea0fcb0
Event: 6.371 Thread 0x0000020798153820 Thread added: 0x00000207fea109d0
Event: 6.488 Thread 0x00000207fea109d0 Thread added: 0x00000207fea116f0
Event: 7.385 Thread 0x00000207fe8aab10 Thread exited: 0x00000207fe8aab10
Event: 7.692 Thread 0x00000207fd313df0 Thread exited: 0x00000207fd313df0
Event: 7.692 Thread 0x00000207fd311be0 Thread exited: 0x00000207fd311be0
Event: 7.905 Thread 0x00000207b7ea32c0 Thread added: 0x00000207fe8ae190
Event: 8.225 Thread 0x00000207b7ea32c0 Thread added: 0x00000207fe8aab10
Event: 8.331 Thread 0x00000207b7ea32c0 Thread added: 0x00000207fe8afcd0
Event: 8.468 Thread 0x00000207fd151a70 Thread added: 0x00000207fe8af600
Event: 8.474 Thread 0x00000207fd0cf780 Thread added: 0x00000207fe8ae860
Event: 8.572 Thread 0x00000207fd151a70 Thread added: 0x00000207fe8b0a70


Dynamic libraries:
0x00007ff65bb80000 - 0x00007ff65bb90000 	C:\Program Files\Java\jdk-23\bin\java.exe
0x00007ffaad560000 - 0x00007ffaad7c9000 	C:\WINDOWS\SYSTEM32\ntdll.dll
0x00007ffaaca20000 - 0x00007ffaacae9000 	C:\WINDOWS\System32\KERNEL32.DLL
0x00007ffaaaf30000 - 0x00007ffaab323000 	C:\WINDOWS\System32\KERNELBASE.dll
0x00007ffaaade0000 - 0x00007ffaaaf2b000 	C:\WINDOWS\System32\ucrtbase.dll
0x00007ffaa5b70000 - 0x00007ffaa5b8b000 	C:\Program Files\Java\jdk-23\bin\VCRUNTIME140.dll
0x00007ffaa5c30000 - 0x00007ffaa5c47000 	C:\Program Files\Java\jdk-23\bin\jli.dll
0x00007ffaac2a0000 - 0x00007ffaac464000 	C:\WINDOWS\System32\USER32.dll
0x00007ffa991d0000 - 0x00007ffa99463000 	C:\WINDOWS\WinSxS\amd64_microsoft.windows.common-controls_6595b64144ccf1df_6.0.26100.5074_none_3e0d6f78e32fd63f\COMCTL32.dll
0x00007ffaaa6f0000 - 0x00007ffaaa717000 	C:\WINDOWS\System32\win32u.dll
0x00007ffaacca0000 - 0x00007ffaacd49000 	C:\WINDOWS\System32\msvcrt.dll
0x00007ffaacf80000 - 0x00007ffaacfab000 	C:\WINDOWS\System32\GDI32.dll
0x00007ffaaa9c0000 - 0x00007ffaaaaed000 	C:\WINDOWS\System32\gdi32full.dll
0x00007ffaaa880000 - 0x00007ffaaa923000 	C:\WINDOWS\System32\msvcp_win.dll
0x00007ffaac160000 - 0x00007ffaac18f000 	C:\WINDOWS\System32\IMM32.DLL
0x00007ffaa0ae0000 - 0x00007ffaa0aec000 	C:\Program Files\Java\jdk-23\bin\vcruntime140_1.dll
0x00007ffa7dca0000 - 0x00007ffa7dd2e000 	C:\Program Files\Java\jdk-23\bin\msvcp140.dll
0x00007ffa09750000 - 0x00007ffa0a49f000 	C:\Program Files\Java\jdk-23\bin\server\jvm.dll
0x00007ffaacbe0000 - 0x00007ffaacc94000 	C:\WINDOWS\System32\ADVAPI32.dll
0x00007ffaab730000 - 0x00007ffaab7d6000 	C:\WINDOWS\System32\sechost.dll
0x00007ffaac470000 - 0x00007ffaac588000 	C:\WINDOWS\System32\RPCRT4.dll
0x00007ffaacb60000 - 0x00007ffaacbd4000 	C:\WINDOWS\System32\WS2_32.dll
0x00007ffaaa550000 - 0x00007ffaaa5ae000 	C:\WINDOWS\SYSTEM32\POWRPROF.dll
0x00007ffaa33b0000 - 0x00007ffaa33e5000 	C:\WINDOWS\SYSTEM32\WINMM.dll
0x00007ffaa33f0000 - 0x00007ffaa33fb000 	C:\WINDOWS\SYSTEM32\VERSION.dll
0x00007ffaaa530000 - 0x00007ffaaa544000 	C:\WINDOWS\SYSTEM32\UMPDC.dll
0x00007ffaa94d0000 - 0x00007ffaa94eb000 	C:\WINDOWS\SYSTEM32\kernel.appcore.dll
0x00007ffaa0ad0000 - 0x00007ffaa0ada000 	C:\Program Files\Java\jdk-23\bin\jimage.dll
0x00007ffa9dd60000 - 0x00007ffa9dfa2000 	C:\WINDOWS\SYSTEM32\DBGHELP.DLL
0x00007ffaad1a0000 - 0x00007ffaad51b000 	C:\WINDOWS\System32\combase.dll
0x00007ffaad030000 - 0x00007ffaad107000 	C:\WINDOWS\System32\OLEAUT32.dll
0x00007ffa96cc0000 - 0x00007ffa96cfd000 	C:\WINDOWS\SYSTEM32\dbgcore.DLL
0x00007ffaaa7e0000 - 0x00007ffaaa879000 	C:\WINDOWS\System32\bcryptPrimitives.dll
0x00007ffaa0310000 - 0x00007ffaa031f000 	C:\Program Files\Java\jdk-23\bin\instrument.dll
0x00007ffaa0320000 - 0x00007ffaa033e000 	C:\Program Files\Java\jdk-23\bin\java.dll
0x00007ffaacd50000 - 0x00007ffaacee8000 	C:\WINDOWS\System32\ole32.dll
0x00007ffaab7f0000 - 0x00007ffaabf3d000 	C:\WINDOWS\System32\SHELL32.dll
0x00007ffaaac70000 - 0x00007ffaaaddc000 	C:\WINDOWS\System32\wintypes.dll
0x00007ffaa8350000 - 0x00007ffaa8ba9000 	C:\WINDOWS\SYSTEM32\windows.storage.dll
0x00007ffaac1a0000 - 0x00007ffaac290000 	C:\WINDOWS\System32\SHCORE.dll
0x00007ffaacaf0000 - 0x00007ffaacb52000 	C:\WINDOWS\System32\shlwapi.dll
0x00007ffaaa610000 - 0x00007ffaaa639000 	C:\WINDOWS\SYSTEM32\profapi.dll
0x00007ffa5e450000 - 0x00007ffa5e527000 	C:\Program Files\Java\jdk-23\bin\jsvml.dll
0x00007ffa89320000 - 0x00007ffa89337000 	C:\Program Files\Java\jdk-23\bin\zip.dll
0x00007ffaa0300000 - 0x00007ffaa0310000 	C:\Program Files\Java\jdk-23\bin\net.dll
0x00007ffaa9a50000 - 0x00007ffaa9abb000 	C:\WINDOWS\system32\mswsock.dll
0x00007ffa8ea10000 - 0x00007ffa8ea26000 	C:\Program Files\Java\jdk-23\bin\nio.dll
0x00007ffa8ea00000 - 0x00007ffa8ea09000 	C:\Program Files\Java\jdk-23\bin\extnet.dll
0x00007ffaa8f60000 - 0x00007ffaa9086000 	C:\WINDOWS\SYSTEM32\DNSAPI.dll
0x00007ffaa8ed0000 - 0x00007ffaa8f04000 	C:\WINDOWS\SYSTEM32\IPHLPAPI.DLL
0x00007ffaac0d0000 - 0x00007ffaac0da000 	C:\WINDOWS\System32\NSI.dll
0x00007ffaa30d0000 - 0x00007ffaa30db000 	C:\Windows\System32\rasadhlp.dll
0x00007ffaa4fe0000 - 0x00007ffaa5066000 	C:\WINDOWS\System32\fwpuclnt.dll
0x00007ffa89250000 - 0x00007ffa8925a000 	C:\Program Files\Java\jdk-23\bin\management.dll
0x00007ffa89240000 - 0x00007ffa8924b000 	C:\Program Files\Java\jdk-23\bin\management_ext.dll
0x00007ffaabf40000 - 0x00007ffaabf48000 	C:\WINDOWS\System32\PSAPI.DLL
0x00007ffaa9cf0000 - 0x00007ffaa9d0b000 	C:\WINDOWS\SYSTEM32\CRYPTSP.dll
0x00007ffaa9430000 - 0x00007ffaa946b000 	C:\WINDOWS\system32\rsaenh.dll
0x00007ffaa9af0000 - 0x00007ffaa9b1b000 	C:\WINDOWS\SYSTEM32\USERENV.dll
0x00007ffaaa5e0000 - 0x00007ffaaa606000 	C:\WINDOWS\SYSTEM32\bcrypt.dll
0x00007ffaa9d10000 - 0x00007ffaa9d1c000 	C:\WINDOWS\SYSTEM32\CRYPTBASE.dll
0x00007ffa90f30000 - 0x00007ffa90f48000 	C:\WINDOWS\system32\napinsp.dll
0x00007ffa90f10000 - 0x00007ffa90f22000 	C:\WINDOWS\System32\winrnr.dll
0x00007ffa8efb0000 - 0x00007ffa8efd8000 	C:\WINDOWS\system32\nlansp_c.dll
0x00007ffa90ef0000 - 0x00007ffa90f06000 	C:\WINDOWS\system32\wshbth.dll
0x00007ffa97020000 - 0x00007ffa97076000 	C:\WINDOWS\SYSTEM32\pdh.dll
0x00007ffaa0be0000 - 0x00007ffaa0bf2000 	C:\WINDOWS\System32\perfproc.dll
0x00007ffa8e940000 - 0x00007ffa8e951000 	C:\WINDOWS\System32\perfos.dll
0x00007ffaa8bd0000 - 0x00007ffaa8be2000 	C:\WINDOWS\SYSTEM32\pfclient.dll
0x00007ffa89260000 - 0x00007ffa8926e000 	C:\Program Files\Java\jdk-23\bin\sunmscapi.dll
0x00007ffaaaaf0000 - 0x00007ffaaac67000 	C:\WINDOWS\System32\CRYPT32.dll
0x00007ffaa9f10000 - 0x00007ffaa9f40000 	C:\WINDOWS\SYSTEM32\ncrypt.dll
0x00007ffaa9ec0000 - 0x00007ffaa9eff000 	C:\WINDOWS\SYSTEM32\NTASN1.dll
0x00007ffa89230000 - 0x00007ffa89240000 	C:\Program Files\Java\jdk-23\bin\verify.dll

dbghelp: loaded successfully - version: 4.0.5 - missing functions: none
symbol engine: initialized successfully - sym options: 0x614 - pdb path: .;C:\Program Files\Java\jdk-23\bin;C:\WINDOWS\SYSTEM32;C:\WINDOWS\WinSxS\amd64_microsoft.windows.common-controls_6595b64144ccf1df_6.0.26100.5074_none_3e0d6f78e32fd63f;C:\Program Files\Java\jdk-23\bin\server

VM Arguments:
jvm_args: -javaagent:C:\Program Files\JetBrains\IntelliJ IDEA 2025.2.1\lib\idea_rt.jar=10182 -Dfile.encoding=UTF-8 -Dsun.stdout.encoding=UTF-8 -Dsun.stderr.encoding=UTF-8 
java_command: com.example.demo.DemoApplication
java_class_path (initial): C:\Users\USER\Downloads\demo\demo\target\classes;C:\Users\USER\.m2\repository\org\springframework\boot\spring-boot-starter-data-jpa\3.5.5\spring-boot-starter-data-jpa-3.5.5.jar;C:\Users\USER\.m2\repository\org\springframework\boot\spring-boot-starter\3.5.5\spring-boot-starter-3.5.5.jar;C:\Users\USER\.m2\repository\org\springframework\boot\spring-boot\3.5.5\spring-boot-3.5.5.jar;C:\Users\USER\.m2\repository\org\springframework\boot\spring-boot-autoconfigure\3.5.5\spring-boot-autoconfigure-3.5.5.jar;C:\Users\USER\.m2\repository\org\springframework\boot\spring-boot-starter-logging\3.5.5\spring-boot-starter-logging-3.5.5.jar;C:\Users\USER\.m2\repository\ch\qos\logback\logback-classic\1.5.18\logback-classic-1.5.18.jar;C:\Users\USER\.m2\repository\ch\qos\logback\logback-core\1.5.18\logback-core-1.5.18.jar;C:\Users\USER\.m2\repository\org\apache\logging\log4j\log4j-to-slf4j\2.24.3\log4j-to-slf4j-2.24.3.jar;C:\Users\USER\.m2\repository\org\apache\logging\log4j\log4j-api\2.24.3\log4j-api-2.24.3.jar;C:\Users\USER\.m2\repository\org\slf4j\jul-to-slf4j\2.0.17\jul-to-slf4j-2.0.17.jar;C:\Users\USER\.m2\repository\jakarta\annotation\jakarta.annotation-api\2.1.1\jakarta.annotation-api-2.1.1.jar;C:\Users\USER\.m2\repository\org\yaml\snakeyaml\2.4\snakeyaml-2.4.jar;C:\Users\USER\.m2\repository\org\springframework\boot\spring-boot-starter-jdbc\3.5.5\spring-boot-starter-jdbc-3.5.5.jar;C:\Users\USER\.m2\repository\com\zaxxer\HikariCP\6.3.2\HikariCP-6.3.2.jar;C:\Users\USER\.m2\repository\org\springframework\spring-jdbc\6.2.10\spring-jdbc-6.2.10.jar;C:\Users\USER\.m2\repository\org\hibernate\orm\hibernate-core\6.6.26.Final\hibernate-core-6.6.26.Final.jar;C:\Users\USER\.m2\repository\jakarta\persistence\jakarta.persistence-api\3.1.0\jakarta.persistence-api-3.1.0.jar;C:\Users\USER\.m2\repository\jakarta\transaction\jakarta.transaction-api\2.0.1\jakarta.transaction-api-2.0.1.jar;C:\Users\USER\.m2\repository\org\jboss\logging\jboss-logging\3.6.1.Final\jboss-logging-3.6.1.Final.jar;C:\Users\USER\.m2\repository\org\hibernate\common\hibernate-commons-annotations\7.0.3.Final\hibernate-commons-annotations-7.0.3.Final.jar;C:\Users\USER\.m2\repository\io\smallrye\jandex\3.2.0\jandex-3.2.0.jar;C:\Users\USER\.m2\repository\com\fasterxml\classmate\1.7.0\classmate-1.7.0.jar;C:\Users\USER\.m2\repository\net\bytebuddy\byte-buddy\1.17.7\byte-buddy-1.17.7.jar;C:\Users\USER\.m2\repository\org\glassfish\jaxb\jaxb-runtime\4.0.5\jaxb-runtime-4.0.5.jar;C:\Users\USER\.m2\repository\org\glassfish\jaxb\jaxb-core\4.0.5\jaxb-core-4.0.5.jar;C:\Users\USER\.m2\repository\org\eclipse\angus\angus-activation\2.0.2\angus-activation-2.0.2.jar;C:\Users\USER\.m2\repository\org\glassfish\jaxb\txw2\4.0.5\txw2-4.0.5.jar;C:\Users\USER\.m2\repository\com\sun\istack\istack-commons-runtime\4.1.2\istack-commons-runtime-4.1.2.jar;C:\Users\USER\.m2\repository\jakarta\inject\jakarta.inject-api\2.0.1\jakarta.inject-api-2.0.1.jar;C:\Users\USER\.m2\repository\org\antlr\antlr4-runtime\4.13.0\antlr4-runtime-4.13.0.jar;C:\Users\USER\.m2\repository\org\springframework\data\spring-data-jpa\3.5.3\spring-data-jpa-3.5.3.jar;C:\Users\USER\.m2\repository\org\springframework\data\spring-data-commons\3.5.3\spring-data-commons-3.5.3.jar;C:\Users\USER\.m2\repository\org\springframework\spring-orm\6.2.10\spring-orm-6.2.10.jar;C:\Users\USER\.m2\repository\org\springframework\spring-context\6.2.10\spring-context-6.2.10.jar;C:\Users\USER\.m2\repository\org\springframework\spring-aop\6.2.10\spring-aop-6.2.10.jar;C:\Users\USER\.m2\repository\org\springframework\spring-tx\6.2.10\spring-tx-6.2.10.jar;C:\Users\USER\.m2\repository\org\springframework\spring-beans\6.2.10\spring-beans-6.2.10.jar;C:\Users\USER\.m2\repository\org\slf4j\slf4j-api\2.0.17\slf4j-api-2.0.17.jar;C:\Users\USER\.m2\repository\org\springframework\spring-aspects\6.2.10\spring-aspects-6.2.10.jar;C:\Users\USER\.m2\repository\org\aspectj\aspectjweaver\1.9.24\aspectjweaver-1.9.24.jar;C:\Users\USER\.m2\repository\org\springframework\boot\spring-boot-starter-web\3.5.5\spring-boot-starter-web-3.5.5.jar;C:\Users\USER\.m2\repository\org\springframework\boot\spring-boot-starter-json\3.5.5\spring-boot-starter-json-3.5.5.jar;C:\Users\USER\.m2\repository\com\fasterxml\jackson\core\jackson-databind\2.19.2\jackson-databind-2.19.2.jar;C:\Users\USER\.m2\repository\com\fasterxml\jackson\core\jackson-annotations\2.19.2\jackson-annotations-2.19.2.jar;C:\Users\USER\.m2\repository\com\fasterxml\jackson\core\jackson-core\2.19.2\jackson-core-2.19.2.jar;C:\Users\USER\.m2\repository\com\fasterxml\jackson\datatype\jackson-datatype-jdk8\2.19.2\jackson-datatype-jdk8-2.19.2.jar;C:\Users\USER\.m2\repository\com\fasterxml\jackson\datatype\jackson-datatype-jsr310\2.19.2\jackson-datatype-jsr310-2.19.2.jar;C:\Users\USER\.m2\repository\com\fasterxml\jackson\module\jackson-module-parameter-names\2.19.2\jackson-module-parameter-names-2.19.2.jar;C:\Users\USER\.m2\repository\org\springframework\boot\spring-boot-starter-tomcat\3.5.5\spring-boot-starter-tomcat-3.5.5.jar;C:\Users\USER\.m2\repository\org\apache\tomcat\embed\tomcat-embed-core\10.1.44\tomcat-embed-core-10.1.44.jar;C:\Users\USER\.m2\repository\org\apache\tomcat\embed\tomcat-embed-el\10.1.44\tomcat-embed-el-10.1.44.jar;C:\Users\USER\.m2\repository\org\apache\tomcat\embed\tomcat-embed-websocket\10.1.44\tomcat-embed-websocket-10.1.44.jar;C:\Users\USER\.m2\repository\org\springframework\spring-web\6.2.10\spring-web-6.2.10.jar;C:\Users\USER\.m2\repository\io\micrometer\micrometer-observation\1.15.3\micrometer-observation-1.15.3.jar;C:\Users\USER\.m2\repository\io\micrometer\micrometer-commons\1.15.3\micrometer-commons-1.15.3.jar;C:\Users\USER\.m2\repository\org\springframework\spring-webmvc\6.2.10\spring-webmvc-6.2.10.jar;C:\Users\USER\.m2\repository\org\springframework\spring-expression\6.2.10\spring-expression-6.2.10.jar;C:\Users\USER\.m2\repository\com\mysql\mysql-connector-j\9.4.0\mysql-connector-j-9.4.0.jar;C:\Users\USER\.m2\repository\org\projectlombok\lombok\1.18.32\lombok-1.18.32.jar;C:\Users\USER\.m2\repository\jakarta\xml\bind\jakarta.xml.bind-api\4.0.2\jakarta.xml.bind-api-4.0.2.jar;C:\Users\USER\.m2\repository\jakarta\activation\jakarta.activation-api\2.1.3\jakarta.activation-api-2.1.3.jar;C:\Users\USER\.m2\repository\org\springframework\spring-core\6.2.10\spring-core-6.2.10.jar;C:\Users\USER\.m2\repository\org\springframework\spring-jcl\6.2.10\spring-jcl-6.2.10.jar;C:\Users\USER\.m2\repository\org\modelmapper\modelmapper\3.1.1\modelmapper-3.1.1.jar
Launcher Type: SUN_STANDARD

[Global flags]
     intx CICompilerCount                          = 12                                        {product} {ergonomic}
     uint ConcGCThreads                            = 3                                         {product} {ergonomic}
     uint G1ConcRefinementThreads                  = 13                                        {product} {ergonomic}
   size_t G1HeapRegionSize                         = 2097152                                   {product} {ergonomic}
   size_t InitialHeapSize                          = 257949696                                 {product} {ergonomic}
   size_t MarkStackSize                            = 4194304                                   {product} {ergonomic}
   size_t MarkStackSizeMax                         = 536870912                                 {product} {ergonomic}
   size_t MaxHeapSize                              = 4118806528                                {product} {ergonomic}
   size_t MaxNewSize                               = 2470445056                                {product} {ergonomic}
   size_t MinHeapDeltaBytes                        = 2097152                                   {product} {ergonomic}
   size_t MinHeapSize                              = 8388608                                   {product} {ergonomic}
    uintx NonNMethodCodeHeapSize                   = 7602176                                {pd product} {ergonomic}
    uintx NonProfiledCodeHeapSize                  = 122093568                              {pd product} {ergonomic}
    uintx ProfiledCodeHeapSize                     = 121962496                              {pd product} {ergonomic}
    uintx ReservedCodeCacheSize                    = 251658240                              {pd product} {ergonomic}
     bool SegmentedCodeCache                       = true                                      {product} {ergonomic}
   size_t SoftMaxHeapSize                          = 4118806528                             {manageable} {ergonomic}
     bool UseCompressedOops                        = true                           {product lp64_product} {ergonomic}
     bool UseG1GC                                  = true                                      {product} {ergonomic}
     bool UseLargePagesIndividualAllocation        = false                                  {pd product} {ergonomic}

Logging:
Log output configuration:
 #0: stdout all=warning uptime,level,tags foldmultilines=false
 #1: stderr all=off uptime,level,tags foldmultilines=false

Environment Variables:
JAVA_HOME=C:\Program Files\Java\jdk-23
PATH=C:\Program Files\Common Files\Oracle\Java\javapath;C:\Program Files\OpenLogic\jdk-11.0.24.8-hotspot\bin;C:\WINDOWS\system32;C:\WINDOWS;C:\WINDOWS\System32\Wbem;C:\WINDOWS\System32\WindowsPowerShell\v1.0\;C:\WINDOWS\System32\OpenSSH\;C:\Program Files\nodejs;C:\Program Files\Git\cmd;D:\dev\flutter\bin;C:\Users\USER\Downloads\poppler-24.07.0\Library\bin;C:\Program Files\Java\jdk-23\bin;C:\Program Files (x86)\Windows Kits\10\Windows Performance Toolkit\;C:\Users\USER\AppData\Local\Android\Sdk\platform-tools;C:\Users\USER\AppData\Local\Programs\Python\Python311;C:\Users\USER\AppData\Local\Programs\Python\Python311\Scripts;C:\Program Files\Microsoft SQL Server\150\Tools\Binn\;C:\Program Files\Microsoft SQL Server\Client SDK\ODBC\170\Tools\Binn\;C:\Program Files\dotnet\;C:\Program Files\MySQL\MySQL Server 8.0\bin;C:\Program Files\MySQL\MySQL Shell 8.0\bin\;C:\Users\USER\AppData\Local\Microsoft\WindowsApps;C:\Users\USER\AppData\Roaming\npm;C:\Program Files\nodejs;C:\Program Files\OpenLogic\jdk-11.0.24.8-hotspot\bin;D:\dev\flutter\bin;C:\Users\USER\AppData\Local\GitHubDesktop\bin;C:\Users\USER\Downloads\poppler-24.07.0\Library\bin;C:\Users\USER\AppData\Local\Programs\Microsoft VS Code\bin;C:\Users\USER\AppData\Local\Programs\PyCharm 2025.2\bin;C:\Users\USER\AppData\Local\Programs\Python\Python311;C:\Users\USER\AppData\Local\Programs\Python\Python311\Scripts;C:\Users\USER\.dotnet\tools;
USERNAME=USER
OS=Windows_NT
PROCESSOR_IDENTIFIER=AMD64 Family 23 Model 104 Stepping 1, AuthenticAMD
TMP=C:\Users\USER\AppData\Local\Temp
TEMP=C:\Users\USER\AppData\Local\Temp




Periodic native trim disabled

---------------  S Y S T E M  ---------------

OS:
 Windows 11 , 64 bit Build 26100 (10.0.26100.5074)
OS uptime: 0 days 8:46 hours
Hyper-V role detected

CPU: total 16 (initial active 16) (16 cores per cpu, 2 threads per core) family 23 model 104 stepping 1 microcode 0x8608104, cx8, cmov, fxsr, ht, mmx, 3dnowpref, sse, sse2, sse3, ssse3, sse4a, sse4.1, sse4.2, popcnt, lzcnt, tsc, tscinvbit, avx, avx2, aes, clmul, bmi1, bmi2, adx, sha, fma, vzeroupper, clflush, clflushopt, hv, rdtscp, rdpid, f16c
Processor Information for the first 16 processors :
  Max Mhz: 1801, Current Mhz: 1801, Mhz Limit: 1801

Memory: 4k page, system-wide physical 15706M (3539M free)
TotalPageFile size 19802M (AvailPageFile size 20M)
current process WorkingSet (physical memory assigned to process): 339M, peak: 339M
current process commit charge ("private bytes"): 476M, peak: 476M

vm_info: Java HotSpot(TM) 64-Bit Server VM (23+37-2369) for windows-amd64 JRE (23+37-2369), built on 2024-08-20T16:01:23Z with MS VC++ 17.6 (VS2022)

END.
