#
# There is insufficient memory for the Java Runtime Environment to continue.
# Native memory allocation (malloc) failed to allocate 1583312 bytes. Error detail: Chunk::new
# Possible reasons:
#   The system is out of physical RAM or swap space
#   This process is running with CompressedOops enabled, and the Java Heap may be blocking the growth of the native heap
# Possible solutions:
#   Reduce memory load on the system
#   Increase physical memory or swap space
#   Check if swap backing store is full
#   Decrease Java heap size (-Xmx/-Xms)
#   Decrease number of Java threads
#   Decrease Java thread stack sizes (-Xss)
#   Set larger code cache with -XX:ReservedCodeCacheSize=
#   JVM is running with Zero Based Compressed Oops mode in which the Java heap is
#     placed in the first 32GB address space. The Java Heap base address is the
#     maximum limit for the native heap growth. Please use -XX:HeapBaseMinAddress
#     to set the Java Heap base and to place the Java Heap above 32GB virtual address.
# This output file may be truncated or incomplete.
#
#  Out of Memory Error (arena.cpp:149), pid=25584, tid=15144
#
# JRE version: Java(TM) SE Runtime Environment (23.0+37) (build 23+37-2369)
# Java VM: Java HotSpot(TM) 64-Bit Server VM (23+37-2369, mixed mode, sharing, tiered, compressed oops, compressed class ptrs, g1 gc, windows-amd64)
# No core dump will be written. Minidumps are not enabled by default on client versions of Windows
#

---------------  S U M M A R Y ------------

Command Line: -javaagent:C:\Program Files\JetBrains\IntelliJ IDEA 2025.2.1\lib\idea_rt.jar=14172 -Dfile.encoding=UTF-8 -Dsun.stdout.encoding=UTF-8 -Dsun.stderr.encoding=UTF-8 com.example.demo.DemoApplication

Host: AMD Ryzen 7 5700U with Radeon Graphics         , 16 cores, 15G,  Windows 11 , 64 bit Build 26100 (10.0.26100.5074)
Time: Tue Sep 16 22:20:22 2025 Sri Lanka Standard Time elapsed time: 2.662337 seconds (0d 0h 0m 2s)

---------------  T H R E A D  ---------------

Current thread (0x0000028546129e40):  JavaThread "C2 CompilerThread2" daemon [_thread_in_native, id=15144, stack(0x000000a89be00000,0x000000a89bf00000) (1024K)]


Current CompileTask:
C2:2662 2445       4       java.lang.invoke.MethodType::makeImpl (109 bytes)

Stack: [0x000000a89be00000,0x000000a89bf00000]
Native frames: (J=compiled Java code, j=interpreted, Vv=VM code, C=native code)
V  [jvm.dll+0x6e08a9]  (no source info available)
V  [jvm.dll+0x87da63]  (no source info available)
V  [jvm.dll+0x87feee]  (no source info available)
V  [jvm.dll+0x8805c3]  (no source info available)
V  [jvm.dll+0x27aee6]  (no source info available)
V  [jvm.dll+0xbc06f]  (no source info available)
V  [jvm.dll+0xbc2cb]  (no source info available)
V  [jvm.dll+0x3b3a9c]  (no source info available)
V  [jvm.dll+0x38a42b]  (no source info available)
V  [jvm.dll+0x38989a]  (no source info available)
V  [jvm.dll+0x244aa1]  (no source info available)
V  [jvm.dll+0x243dff]  (no source info available)
V  [jvm.dll+0x1c33a0]  (no source info available)
V  [jvm.dll+0x253cf1]  (no source info available)
V  [jvm.dll+0x251faa]  (no source info available)
V  [jvm.dll+0x3ee036]  (no source info available)
V  [jvm.dll+0x824f1b]  (no source info available)
V  [jvm.dll+0x6df055]  (no source info available)
C  [ucrtbase.dll+0x37b0]  (no source info available)
C  [KERNEL32.DLL+0x2e8d7]  (no source info available)
C  [ntdll.dll+0x8d9c]  (no source info available)

Lock stack of current Java thread (top to bottom):


---------------  P R O C E S S  ---------------

Threads class SMR info:
_java_thread_list=0x00000285462ab200, length=15, elements={
0x000002855b2232a0, 0x000002857ade4b70, 0x000002857ade95e0, 0x000002857adea2a0,
0x000002857adeb090, 0x000002857adebe40, 0x000002857adf48b0, 0x000002857ae07790,
0x000002857ae09990, 0x000002854516ae90, 0x0000028545181af0, 0x00000285452d1820,
0x00000285455c7b60, 0x000002854653a950, 0x0000028546129e40
}

Java Threads: ( => current thread )
  0x000002855b2232a0 JavaThread "main"                              [_thread_in_vm, id=24684, stack(0x000000a899e00000,0x000000a899f00000) (1024K)]
  0x000002857ade4b70 JavaThread "Reference Handler"          daemon [_thread_blocked, id=22328, stack(0x000000a89a600000,0x000000a89a700000) (1024K)]
  0x000002857ade95e0 JavaThread "Finalizer"                  daemon [_thread_blocked, id=25480, stack(0x000000a89a700000,0x000000a89a800000) (1024K)]
  0x000002857adea2a0 JavaThread "Signal Dispatcher"          daemon [_thread_blocked, id=22920, stack(0x000000a89a800000,0x000000a89a900000) (1024K)]
  0x000002857adeb090 JavaThread "Attach Listener"            daemon [_thread_blocked, id=25348, stack(0x000000a89a900000,0x000000a89aa00000) (1024K)]
  0x000002857adebe40 JavaThread "Service Thread"             daemon [_thread_blocked, id=3948, stack(0x000000a89aa00000,0x000000a89ab00000) (1024K)]
  0x000002857adf48b0 JavaThread "Monitor Deflation Thread"   daemon [_thread_blocked, id=17264, stack(0x000000a89ab00000,0x000000a89ac00000) (1024K)]
  0x000002857ae07790 JavaThread "C2 CompilerThread0"         daemon [_thread_in_native, id=20372, stack(0x000000a89ac00000,0x000000a89ad00000) (1024K)]
  0x000002857ae09990 JavaThread "C1 CompilerThread0"         daemon [_thread_blocked, id=10736, stack(0x000000a89ad00000,0x000000a89ae00000) (1024K)]
  0x000002854516ae90 JavaThread "Common-Cleaner"             daemon [_thread_blocked, id=11604, stack(0x000000a89af00000,0x000000a89b000000) (1024K)]
  0x0000028545181af0 JavaThread "C2 CompilerThread1"         daemon [_thread_blocked, id=20956, stack(0x000000a89b000000,0x000000a89b100000) (1024K)]
  0x00000285452d1820 JavaThread "Monitor Ctrl-Break"         daemon [_thread_in_native, id=18476, stack(0x000000a89b100000,0x000000a89b200000) (1024K)]
  0x00000285455c7b60 JavaThread "Notification Thread"        daemon [_thread_blocked, id=8556, stack(0x000000a89b200000,0x000000a89b300000) (1024K)]
  0x000002854653a950 JavaThread "background-preinit"                [_thread_in_Java, id=16008, stack(0x000000a89ba00000,0x000000a89bb00000) (1024K)]
=>0x0000028546129e40 JavaThread "C2 CompilerThread2"         daemon [_thread_in_native, id=15144, stack(0x000000a89be00000,0x000000a89bf00000) (1024K)]
Total: 15

Other Threads:
  0x000002857adcdcd0 VMThread "VM Thread"                           [id=7448, stack(0x000000a89a500000,0x000000a89a600000) (1024K)]
  0x000002857adb81f0 WatcherThread "VM Periodic Task Thread"        [id=17688, stack(0x000000a89a400000,0x000000a89a500000) (1024K)]
  0x000002855b289430 WorkerThread "GC Thread#0"                     [id=13916, stack(0x000000a899f00000,0x000000a89a000000) (1024K)]
  0x0000028545d263d0 WorkerThread "GC Thread#1"                     [id=24336, stack(0x000000a89b500000,0x000000a89b600000) (1024K)]
  0x0000028545d26780 WorkerThread "GC Thread#2"                     [id=16132, stack(0x000000a89b600000,0x000000a89b700000) (1024K)]
  0x0000028545d26b30 WorkerThread "GC Thread#3"                     [id=22656, stack(0x000000a89b700000,0x000000a89b800000) (1024K)]
  0x0000028545d72660 WorkerThread "GC Thread#4"                     [id=2164, stack(0x000000a89b800000,0x000000a89b900000) (1024K)]
  0x0000028545d722b0 WorkerThread "GC Thread#5"                     [id=10672, stack(0x000000a89b900000,0x000000a89ba00000) (1024K)]
  0x0000028545d73520 WorkerThread "GC Thread#6"                     [id=21480, stack(0x000000a89bb00000,0x000000a89bc00000) (1024K)]
  0x0000028545d73c80 WorkerThread "GC Thread#7"                     [id=23324, stack(0x000000a89bc00000,0x000000a89bd00000) (1024K)]
  0x00000285462e0730 WorkerThread "GC Thread#8"                     [id=5140, stack(0x000000a89bd00000,0x000000a89be00000) (1024K)]
  0x000002855b29eb70 ConcurrentGCThread "G1 Main Marker"            [id=8048, stack(0x000000a89a000000,0x000000a89a100000) (1024K)]
  0x000002855b2a1450 WorkerThread "G1 Conc#0"                       [id=26268, stack(0x000000a89a100000,0x000000a89a200000) (1024K)]
  0x000002857ac8d5a0 ConcurrentGCThread "G1 Refine#0"               [id=16904, stack(0x000000a89a200000,0x000000a89a300000) (1024K)]
  0x000002857ac8dec0 ConcurrentGCThread "G1 Service"                [id=10372, stack(0x000000a89a300000,0x000000a89a400000) (1024K)]
Total: 15

Threads with active compile tasks:
C2 CompilerThread0  2714 2506       4       java.lang.invoke.MethodType::methodType (69 bytes)
C2 CompilerThread2  2714 2445       4       java.lang.invoke.MethodType::makeImpl (109 bytes)
Total: 2

VM state: not at safepoint (normal execution)

VM Mutex/Monitor currently owned by a thread: None

Heap address: 0x000000070a800000, size: 3928 MB, Compressed Oops mode: Zero based, Oop shift amount: 3

CDS archive(s) mapped at: [0x0000028500000000-0x0000028500d70000-0x0000028500d70000), size 14090240, SharedBaseAddress: 0x0000028500000000, ArchiveRelocationMode: 1.
Compressed class space mapped at: 0x0000028501000000-0x0000028541000000, reserved size: 1073741824
Narrow klass base: 0x0000028500000000, Narrow klass shift: 0, Narrow klass range: 0x41000000

GC Precious Log:
 CardTable entry size: 512
 Card Set container configuration: InlinePtr #cards 4 size 8 Array Of Cards #cards 16 size 48 Howl #buckets 8 coarsen threshold 3686 Howl Bitmap #cards 512 size 80 coarsen threshold 460 Card regions per heap region 1 cards per card region 4096
 CPUs: 16 total, 16 available
 Memory: 15706M
 Large Page Support: Disabled
 NUMA Support: Disabled
 Compressed Oops: Enabled (Zero based)
 Heap Region Size: 2M
 Heap Min Capacity: 8M
 Heap Initial Capacity: 246M
 Heap Max Capacity: 3928M
 Pre-touch: Disabled
 Parallel Workers: 13
 Concurrent Workers: 3
 Concurrent Refinement Workers: 13
 Periodic GC: Disabled

Heap:
 garbage-first heap   total reserved 4022272K, committed 251904K, used 25728K [0x000000070a800000, 0x0000000800000000)
  region size 2048K, 11 young (22528K), 1 survivors (2048K)
 Metaspace       used 17071K, committed 17344K, reserved 1114112K
  class space    used 2130K, committed 2240K, reserved 1048576K

Heap Regions: E=young(eden), S=young(survivor), O=old, HS=humongous(starts), HC=humongous(continues), CS=collection set, F=free, TAMS=top-at-mark-start, PB=parsable bottom
|   0|0x000000070a800000, 0x000000070aa00000, 0x000000070aa00000|100%| O|  |TAMS 0x000000070a800000| PB 0x000000070a800000| Untracked |  0
|   1|0x000000070aa00000, 0x000000070ac00000, 0x000000070ac00000|100%| O|  |TAMS 0x000000070aa00000| PB 0x000000070aa00000| Untracked |  0
|   2|0x000000070ac00000, 0x000000070ae00000, 0x000000070ae00000|100%| O|  |TAMS 0x000000070ac00000| PB 0x000000070ac00000| Untracked |  0
|   3|0x000000070ae00000, 0x000000070af64890, 0x000000070b000000| 69%| O|  |TAMS 0x000000070ae00000| PB 0x000000070ae00000| Untracked |  0
|   4|0x000000070b000000, 0x000000070b000000, 0x000000070b200000|  0%| F|  |TAMS 0x000000070b000000| PB 0x000000070b000000| Untracked |  0
|   5|0x000000070b200000, 0x000000070b200000, 0x000000070b400000|  0%| F|  |TAMS 0x000000070b200000| PB 0x000000070b200000| Untracked |  0
|   6|0x000000070b400000, 0x000000070b400000, 0x000000070b600000|  0%| F|  |TAMS 0x000000070b400000| PB 0x000000070b400000| Untracked |  0
|   7|0x000000070b600000, 0x000000070b600000, 0x000000070b800000|  0%| F|  |TAMS 0x000000070b600000| PB 0x000000070b600000| Untracked |  0
|   8|0x000000070b800000, 0x000000070b800000, 0x000000070ba00000|  0%| F|  |TAMS 0x000000070b800000| PB 0x000000070b800000| Untracked |  0
|   9|0x000000070ba00000, 0x000000070ba00000, 0x000000070bc00000|  0%| F|  |TAMS 0x000000070ba00000| PB 0x000000070ba00000| Untracked |  0
|  10|0x000000070bc00000, 0x000000070bc00000, 0x000000070be00000|  0%| F|  |TAMS 0x000000070bc00000| PB 0x000000070bc00000| Untracked |  0
|  11|0x000000070be00000, 0x000000070be00000, 0x000000070c000000|  0%| F|  |TAMS 0x000000070be00000| PB 0x000000070be00000| Untracked |  0
|  12|0x000000070c000000, 0x000000070c000000, 0x000000070c200000|  0%| F|  |TAMS 0x000000070c000000| PB 0x000000070c000000| Untracked |  0
|  13|0x000000070c200000, 0x000000070c200000, 0x000000070c400000|  0%| F|  |TAMS 0x000000070c200000| PB 0x000000070c200000| Untracked |  0
|  14|0x000000070c400000, 0x000000070c400000, 0x000000070c600000|  0%| F|  |TAMS 0x000000070c400000| PB 0x000000070c400000| Untracked |  0
|  15|0x000000070c600000, 0x000000070c600000, 0x000000070c800000|  0%| F|  |TAMS 0x000000070c600000| PB 0x000000070c600000| Untracked |  0
|  16|0x000000070c800000, 0x000000070c800000, 0x000000070ca00000|  0%| F|  |TAMS 0x000000070c800000| PB 0x000000070c800000| Untracked |  0
|  17|0x000000070ca00000, 0x000000070ca00000, 0x000000070cc00000|  0%| F|  |TAMS 0x000000070ca00000| PB 0x000000070ca00000| Untracked |  0
|  18|0x000000070cc00000, 0x000000070cc00000, 0x000000070ce00000|  0%| F|  |TAMS 0x000000070cc00000| PB 0x000000070cc00000| Untracked |  0
|  19|0x000000070ce00000, 0x000000070ce00000, 0x000000070d000000|  0%| F|  |TAMS 0x000000070ce00000| PB 0x000000070ce00000| Untracked |  0
|  20|0x000000070d000000, 0x000000070d000000, 0x000000070d200000|  0%| F|  |TAMS 0x000000070d000000| PB 0x000000070d000000| Untracked |  0
|  21|0x000000070d200000, 0x000000070d200000, 0x000000070d400000|  0%| F|  |TAMS 0x000000070d200000| PB 0x000000070d200000| Untracked |  0
|  22|0x000000070d400000, 0x000000070d400000, 0x000000070d600000|  0%| F|  |TAMS 0x000000070d400000| PB 0x000000070d400000| Untracked |  0
|  23|0x000000070d600000, 0x000000070d600000, 0x000000070d800000|  0%| F|  |TAMS 0x000000070d600000| PB 0x000000070d600000| Untracked |  0
|  24|0x000000070d800000, 0x000000070d800000, 0x000000070da00000|  0%| F|  |TAMS 0x000000070d800000| PB 0x000000070d800000| Untracked |  0
|  25|0x000000070da00000, 0x000000070da00000, 0x000000070dc00000|  0%| F|  |TAMS 0x000000070da00000| PB 0x000000070da00000| Untracked |  0
|  26|0x000000070dc00000, 0x000000070dc00000, 0x000000070de00000|  0%| F|  |TAMS 0x000000070dc00000| PB 0x000000070dc00000| Untracked |  0
|  27|0x000000070de00000, 0x000000070de00000, 0x000000070e000000|  0%| F|  |TAMS 0x000000070de00000| PB 0x000000070de00000| Untracked |  0
|  28|0x000000070e000000, 0x000000070e000000, 0x000000070e200000|  0%| F|  |TAMS 0x000000070e000000| PB 0x000000070e000000| Untracked |  0
|  29|0x000000070e200000, 0x000000070e200000, 0x000000070e400000|  0%| F|  |TAMS 0x000000070e200000| PB 0x000000070e200000| Untracked |  0
|  30|0x000000070e400000, 0x000000070e400000, 0x000000070e600000|  0%| F|  |TAMS 0x000000070e400000| PB 0x000000070e400000| Untracked |  0
|  31|0x000000070e600000, 0x000000070e600000, 0x000000070e800000|  0%| F|  |TAMS 0x000000070e600000| PB 0x000000070e600000| Untracked |  0
|  32|0x000000070e800000, 0x000000070e800000, 0x000000070ea00000|  0%| F|  |TAMS 0x000000070e800000| PB 0x000000070e800000| Untracked |  0
|  33|0x000000070ea00000, 0x000000070ea00000, 0x000000070ec00000|  0%| F|  |TAMS 0x000000070ea00000| PB 0x000000070ea00000| Untracked |  0
|  34|0x000000070ec00000, 0x000000070ec00000, 0x000000070ee00000|  0%| F|  |TAMS 0x000000070ec00000| PB 0x000000070ec00000| Untracked |  0
|  35|0x000000070ee00000, 0x000000070ee00000, 0x000000070f000000|  0%| F|  |TAMS 0x000000070ee00000| PB 0x000000070ee00000| Untracked |  0
|  36|0x000000070f000000, 0x000000070f000000, 0x000000070f200000|  0%| F|  |TAMS 0x000000070f000000| PB 0x000000070f000000| Untracked |  0
|  37|0x000000070f200000, 0x000000070f200000, 0x000000070f400000|  0%| F|  |TAMS 0x000000070f200000| PB 0x000000070f200000| Untracked |  0
|  38|0x000000070f400000, 0x000000070f400000, 0x000000070f600000|  0%| F|  |TAMS 0x000000070f400000| PB 0x000000070f400000| Untracked |  0
|  39|0x000000070f600000, 0x000000070f600000, 0x000000070f800000|  0%| F|  |TAMS 0x000000070f600000| PB 0x000000070f600000| Untracked |  0
|  40|0x000000070f800000, 0x000000070f800000, 0x000000070fa00000|  0%| F|  |TAMS 0x000000070f800000| PB 0x000000070f800000| Untracked |  0
|  41|0x000000070fa00000, 0x000000070fa00000, 0x000000070fc00000|  0%| F|  |TAMS 0x000000070fa00000| PB 0x000000070fa00000| Untracked |  0
|  42|0x000000070fc00000, 0x000000070fc00000, 0x000000070fe00000|  0%| F|  |TAMS 0x000000070fc00000| PB 0x000000070fc00000| Untracked |  0
|  43|0x000000070fe00000, 0x000000070fe00000, 0x0000000710000000|  0%| F|  |TAMS 0x000000070fe00000| PB 0x000000070fe00000| Untracked |  0
|  44|0x0000000710000000, 0x0000000710000000, 0x0000000710200000|  0%| F|  |TAMS 0x0000000710000000| PB 0x0000000710000000| Untracked |  0
|  45|0x0000000710200000, 0x0000000710200000, 0x0000000710400000|  0%| F|  |TAMS 0x0000000710200000| PB 0x0000000710200000| Untracked |  0
|  46|0x0000000710400000, 0x0000000710400000, 0x0000000710600000|  0%| F|  |TAMS 0x0000000710400000| PB 0x0000000710400000| Untracked |  0
|  47|0x0000000710600000, 0x0000000710600000, 0x0000000710800000|  0%| F|  |TAMS 0x0000000710600000| PB 0x0000000710600000| Untracked |  0
|  48|0x0000000710800000, 0x0000000710800000, 0x0000000710a00000|  0%| F|  |TAMS 0x0000000710800000| PB 0x0000000710800000| Untracked |  0
|  49|0x0000000710a00000, 0x0000000710a00000, 0x0000000710c00000|  0%| F|  |TAMS 0x0000000710a00000| PB 0x0000000710a00000| Untracked |  0
|  50|0x0000000710c00000, 0x0000000710c00000, 0x0000000710e00000|  0%| F|  |TAMS 0x0000000710c00000| PB 0x0000000710c00000| Untracked |  0
|  51|0x0000000710e00000, 0x0000000710e00000, 0x0000000711000000|  0%| F|  |TAMS 0x0000000710e00000| PB 0x0000000710e00000| Untracked |  0
|  52|0x0000000711000000, 0x0000000711000000, 0x0000000711200000|  0%| F|  |TAMS 0x0000000711000000| PB 0x0000000711000000| Untracked |  0
|  53|0x0000000711200000, 0x0000000711200000, 0x0000000711400000|  0%| F|  |TAMS 0x0000000711200000| PB 0x0000000711200000| Untracked |  0
|  54|0x0000000711400000, 0x0000000711400000, 0x0000000711600000|  0%| F|  |TAMS 0x0000000711400000| PB 0x0000000711400000| Untracked |  0
|  55|0x0000000711600000, 0x0000000711600000, 0x0000000711800000|  0%| F|  |TAMS 0x0000000711600000| PB 0x0000000711600000| Untracked |  0
|  56|0x0000000711800000, 0x0000000711800000, 0x0000000711a00000|  0%| F|  |TAMS 0x0000000711800000| PB 0x0000000711800000| Untracked |  0
|  57|0x0000000711a00000, 0x0000000711a00000, 0x0000000711c00000|  0%| F|  |TAMS 0x0000000711a00000| PB 0x0000000711a00000| Untracked |  0
|  58|0x0000000711c00000, 0x0000000711c00000, 0x0000000711e00000|  0%| F|  |TAMS 0x0000000711c00000| PB 0x0000000711c00000| Untracked |  0
|  59|0x0000000711e00000, 0x0000000711e00000, 0x0000000712000000|  0%| F|  |TAMS 0x0000000711e00000| PB 0x0000000711e00000| Untracked |  0
|  60|0x0000000712000000, 0x0000000712000000, 0x0000000712200000|  0%| F|  |TAMS 0x0000000712000000| PB 0x0000000712000000| Untracked |  0
|  61|0x0000000712200000, 0x0000000712200000, 0x0000000712400000|  0%| F|  |TAMS 0x0000000712200000| PB 0x0000000712200000| Untracked |  0
|  62|0x0000000712400000, 0x0000000712400000, 0x0000000712600000|  0%| F|  |TAMS 0x0000000712400000| PB 0x0000000712400000| Untracked |  0
|  63|0x0000000712600000, 0x0000000712600000, 0x0000000712800000|  0%| F|  |TAMS 0x0000000712600000| PB 0x0000000712600000| Untracked |  0
|  64|0x0000000712800000, 0x0000000712800000, 0x0000000712a00000|  0%| F|  |TAMS 0x0000000712800000| PB 0x0000000712800000| Untracked |  0
|  65|0x0000000712a00000, 0x0000000712a00000, 0x0000000712c00000|  0%| F|  |TAMS 0x0000000712a00000| PB 0x0000000712a00000| Untracked |  0
|  66|0x0000000712c00000, 0x0000000712c00000, 0x0000000712e00000|  0%| F|  |TAMS 0x0000000712c00000| PB 0x0000000712c00000| Untracked |  0
|  67|0x0000000712e00000, 0x0000000712e00000, 0x0000000713000000|  0%| F|  |TAMS 0x0000000712e00000| PB 0x0000000712e00000| Untracked |  0
|  68|0x0000000713000000, 0x0000000713000000, 0x0000000713200000|  0%| F|  |TAMS 0x0000000713000000| PB 0x0000000713000000| Untracked |  0
|  69|0x0000000713200000, 0x0000000713200000, 0x0000000713400000|  0%| F|  |TAMS 0x0000000713200000| PB 0x0000000713200000| Untracked |  0
|  70|0x0000000713400000, 0x0000000713400000, 0x0000000713600000|  0%| F|  |TAMS 0x0000000713400000| PB 0x0000000713400000| Untracked |  0
|  71|0x0000000713600000, 0x0000000713600000, 0x0000000713800000|  0%| F|  |TAMS 0x0000000713600000| PB 0x0000000713600000| Untracked |  0
|  72|0x0000000713800000, 0x0000000713800000, 0x0000000713a00000|  0%| F|  |TAMS 0x0000000713800000| PB 0x0000000713800000| Untracked |  0
|  73|0x0000000713a00000, 0x0000000713a00000, 0x0000000713c00000|  0%| F|  |TAMS 0x0000000713a00000| PB 0x0000000713a00000| Untracked |  0
|  74|0x0000000713c00000, 0x0000000713c00000, 0x0000000713e00000|  0%| F|  |TAMS 0x0000000713c00000| PB 0x0000000713c00000| Untracked |  0
|  75|0x0000000713e00000, 0x0000000713e00000, 0x0000000714000000|  0%| F|  |TAMS 0x0000000713e00000| PB 0x0000000713e00000| Untracked |  0
|  76|0x0000000714000000, 0x0000000714000000, 0x0000000714200000|  0%| F|  |TAMS 0x0000000714000000| PB 0x0000000714000000| Untracked |  0
|  77|0x0000000714200000, 0x0000000714200000, 0x0000000714400000|  0%| F|  |TAMS 0x0000000714200000| PB 0x0000000714200000| Untracked |  0
|  78|0x0000000714400000, 0x0000000714400000, 0x0000000714600000|  0%| F|  |TAMS 0x0000000714400000| PB 0x0000000714400000| Untracked |  0
|  79|0x0000000714600000, 0x0000000714600000, 0x0000000714800000|  0%| F|  |TAMS 0x0000000714600000| PB 0x0000000714600000| Untracked |  0
|  80|0x0000000714800000, 0x0000000714800000, 0x0000000714a00000|  0%| F|  |TAMS 0x0000000714800000| PB 0x0000000714800000| Untracked |  0
|  81|0x0000000714a00000, 0x0000000714a00000, 0x0000000714c00000|  0%| F|  |TAMS 0x0000000714a00000| PB 0x0000000714a00000| Untracked |  0
|  82|0x0000000714c00000, 0x0000000714c00000, 0x0000000714e00000|  0%| F|  |TAMS 0x0000000714c00000| PB 0x0000000714c00000| Untracked |  0
|  83|0x0000000714e00000, 0x0000000714e00000, 0x0000000715000000|  0%| F|  |TAMS 0x0000000714e00000| PB 0x0000000714e00000| Untracked |  0
|  84|0x0000000715000000, 0x0000000715000000, 0x0000000715200000|  0%| F|  |TAMS 0x0000000715000000| PB 0x0000000715000000| Untracked |  0
|  85|0x0000000715200000, 0x0000000715200000, 0x0000000715400000|  0%| F|  |TAMS 0x0000000715200000| PB 0x0000000715200000| Untracked |  0
|  86|0x0000000715400000, 0x0000000715400000, 0x0000000715600000|  0%| F|  |TAMS 0x0000000715400000| PB 0x0000000715400000| Untracked |  0
|  87|0x0000000715600000, 0x0000000715600000, 0x0000000715800000|  0%| F|  |TAMS 0x0000000715600000| PB 0x0000000715600000| Untracked |  0
|  88|0x0000000715800000, 0x0000000715800000, 0x0000000715a00000|  0%| F|  |TAMS 0x0000000715800000| PB 0x0000000715800000| Untracked |  0
|  89|0x0000000715a00000, 0x0000000715a00000, 0x0000000715c00000|  0%| F|  |TAMS 0x0000000715a00000| PB 0x0000000715a00000| Untracked |  0
|  90|0x0000000715c00000, 0x0000000715c00000, 0x0000000715e00000|  0%| F|  |TAMS 0x0000000715c00000| PB 0x0000000715c00000| Untracked |  0
|  91|0x0000000715e00000, 0x0000000715e00000, 0x0000000716000000|  0%| F|  |TAMS 0x0000000715e00000| PB 0x0000000715e00000| Untracked |  0
|  92|0x0000000716000000, 0x0000000716000000, 0x0000000716200000|  0%| F|  |TAMS 0x0000000716000000| PB 0x0000000716000000| Untracked |  0
|  93|0x0000000716200000, 0x0000000716200000, 0x0000000716400000|  0%| F|  |TAMS 0x0000000716200000| PB 0x0000000716200000| Untracked |  0
|  94|0x0000000716400000, 0x0000000716400000, 0x0000000716600000|  0%| F|  |TAMS 0x0000000716400000| PB 0x0000000716400000| Untracked |  0
|  95|0x0000000716600000, 0x0000000716600000, 0x0000000716800000|  0%| F|  |TAMS 0x0000000716600000| PB 0x0000000716600000| Untracked |  0
|  96|0x0000000716800000, 0x0000000716800000, 0x0000000716a00000|  0%| F|  |TAMS 0x0000000716800000| PB 0x0000000716800000| Untracked |  0
|  97|0x0000000716a00000, 0x0000000716a00000, 0x0000000716c00000|  0%| F|  |TAMS 0x0000000716a00000| PB 0x0000000716a00000| Untracked |  0
|  98|0x0000000716c00000, 0x0000000716c00000, 0x0000000716e00000|  0%| F|  |TAMS 0x0000000716c00000| PB 0x0000000716c00000| Untracked |  0
|  99|0x0000000716e00000, 0x0000000716e00000, 0x0000000717000000|  0%| F|  |TAMS 0x0000000716e00000| PB 0x0000000716e00000| Untracked |  0
| 100|0x0000000717000000, 0x0000000717000000, 0x0000000717200000|  0%| F|  |TAMS 0x0000000717000000| PB 0x0000000717000000| Untracked |  0
| 101|0x0000000717200000, 0x0000000717200000, 0x0000000717400000|  0%| F|  |TAMS 0x0000000717200000| PB 0x0000000717200000| Untracked |  0
| 102|0x0000000717400000, 0x0000000717400000, 0x0000000717600000|  0%| F|  |TAMS 0x0000000717400000| PB 0x0000000717400000| Untracked |  0
| 103|0x0000000717600000, 0x0000000717600000, 0x0000000717800000|  0%| F|  |TAMS 0x0000000717600000| PB 0x0000000717600000| Untracked |  0
| 104|0x0000000717800000, 0x0000000717800000, 0x0000000717a00000|  0%| F|  |TAMS 0x0000000717800000| PB 0x0000000717800000| Untracked |  0
| 105|0x0000000717a00000, 0x0000000717a00000, 0x0000000717c00000|  0%| F|  |TAMS 0x0000000717a00000| PB 0x0000000717a00000| Untracked |  0
| 106|0x0000000717c00000, 0x0000000717c00000, 0x0000000717e00000|  0%| F|  |TAMS 0x0000000717c00000| PB 0x0000000717c00000| Untracked |  0
| 107|0x0000000717e00000, 0x0000000717e00000, 0x0000000718000000|  0%| F|  |TAMS 0x0000000717e00000| PB 0x0000000717e00000| Untracked |  0
| 108|0x0000000718000000, 0x0000000718000000, 0x0000000718200000|  0%| F|  |TAMS 0x0000000718000000| PB 0x0000000718000000| Untracked |  0
| 109|0x0000000718200000, 0x0000000718200000, 0x0000000718400000|  0%| F|  |TAMS 0x0000000718200000| PB 0x0000000718200000| Untracked |  0
| 110|0x0000000718400000, 0x0000000718400000, 0x0000000718600000|  0%| F|  |TAMS 0x0000000718400000| PB 0x0000000718400000| Untracked |  0
| 111|0x0000000718600000, 0x0000000718600000, 0x0000000718800000|  0%| F|  |TAMS 0x0000000718600000| PB 0x0000000718600000| Untracked |  0
| 112|0x0000000718800000, 0x00000007189bbb10, 0x0000000718a00000| 86%| S|CS|TAMS 0x0000000718800000| PB 0x0000000718800000| Complete |  0
| 113|0x0000000718a00000, 0x0000000718ac9bd0, 0x0000000718c00000| 39%| E|  |TAMS 0x0000000718a00000| PB 0x0000000718a00000| Complete |  0
| 114|0x0000000718c00000, 0x0000000718e00000, 0x0000000718e00000|100%| E|  |TAMS 0x0000000718c00000| PB 0x0000000718c00000| Complete |  0
| 115|0x0000000718e00000, 0x0000000719000000, 0x0000000719000000|100%| E|CS|TAMS 0x0000000718e00000| PB 0x0000000718e00000| Complete |  0
| 116|0x0000000719000000, 0x0000000719200000, 0x0000000719200000|100%| E|CS|TAMS 0x0000000719000000| PB 0x0000000719000000| Complete |  0
| 117|0x0000000719200000, 0x0000000719400000, 0x0000000719400000|100%| E|CS|TAMS 0x0000000719200000| PB 0x0000000719200000| Complete |  0
| 118|0x0000000719400000, 0x0000000719600000, 0x0000000719600000|100%| E|CS|TAMS 0x0000000719400000| PB 0x0000000719400000| Complete |  0
| 119|0x0000000719600000, 0x0000000719800000, 0x0000000719800000|100%| E|CS|TAMS 0x0000000719600000| PB 0x0000000719600000| Complete |  0
| 120|0x0000000719800000, 0x0000000719a00000, 0x0000000719a00000|100%| E|CS|TAMS 0x0000000719800000| PB 0x0000000719800000| Complete |  0
| 121|0x0000000719a00000, 0x0000000719c00000, 0x0000000719c00000|100%| E|CS|TAMS 0x0000000719a00000| PB 0x0000000719a00000| Complete |  0
| 122|0x0000000719c00000, 0x0000000719e00000, 0x0000000719e00000|100%| E|CS|TAMS 0x0000000719c00000| PB 0x0000000719c00000| Complete |  0

Card table byte_map: [0x0000028573a90000,0x0000028574240000] _byte_map_base: 0x000002857023c000

Marking Bits: (CMBitMap*) 0x000002855b289b40
 Bits: [0x0000028574240000, 0x0000028577fa0000)

Polling page: 0x0000028559010000

Metaspace:

Usage:
  Non-class:     14.67 MB used.
      Class:      2.09 MB used.
       Both:     16.76 MB used.

Virtual space:
  Non-class space:       64.00 MB reserved,      14.88 MB ( 23%) committed,  1 nodes.
      Class space:        1.00 GB reserved,       2.25 MB ( <1%) committed,  1 nodes.
             Both:        1.06 GB reserved,      17.12 MB (  2%) committed. 

Chunk freelists:
   Non-Class:  1008.00 KB
       Class:  13.61 MB
        Both:  14.59 MB

MaxMetaspaceSize: unlimited
CompressedClassSpaceSize: 1.00 GB
Initial GC threshold: 21.00 MB
Current GC threshold: 21.00 MB
CDS: on
 - commit_granule_bytes: 65536.
 - commit_granule_words: 8192.
 - virtual_space_node_default_size: 8388608.
 - enlarge_chunks_in_place: 1.
 - use_allocation_guard: 0.


Internal statistics:

num_allocs_failed_limit: 0.
num_arena_births: 354.
num_arena_deaths: 0.
num_vsnodes_births: 2.
num_vsnodes_deaths: 0.
num_space_committed: 274.
num_space_uncommitted: 0.
num_chunks_returned_to_freelist: 0.
num_chunks_taken_from_freelist: 887.
num_chunk_merges: 0.
num_chunk_splits: 590.
num_chunks_enlarged: 404.
num_inconsistent_stats: 0.

CodeHeap 'non-profiled nmethods': size=119232Kb used=715Kb max_used=715Kb free=118516Kb
 bounds [0x000002856b4e0000, 0x000002856b750000, 0x0000028572950000]
CodeHeap 'profiled nmethods': size=119104Kb used=3548Kb max_used=3548Kb free=115555Kb
 bounds [0x0000028563950000, 0x0000028563cd0000, 0x000002856ada0000]
CodeHeap 'non-nmethods': size=7424Kb used=1451Kb max_used=3152Kb free=5972Kb
 bounds [0x000002856ada0000, 0x000002856b0c0000, 0x000002856b4e0000]
CodeCache: size=245760Kb, used=5714Kb, max_used=7415Kb, free=240043Kb
 total_blobs=3063, nmethods=2517, adapters=451, full_count=0
Compilation: enabled, stopped_count=0, restarted_count=0

Compilation events (20 events):
Event: 1.605 Thread 0x000002857ae07790 2461       4       java.lang.StringConcatHelper::newString (67 bytes)
Event: 1.606 Thread 0x000002857ae07790 nmethod 2461 0x000002856b58ee88 code [0x000002856b58ef80, 0x000002856b58f098]
Event: 1.607 Thread 0x0000028545181af0 nmethod 2454 0x000002856b58f188 code [0x000002856b58f300, 0x000002856b58fc78]
Event: 1.618 Thread 0x000002857ae07790 2463       4       java.util.zip.Inflater::ensureOpen (47 bytes)
Event: 1.618 Thread 0x000002857ae07790 nmethod 2463 0x000002856b58fd88 code [0x000002856b58fe80, 0x000002856b58ff40]
Event: 1.633 Thread 0x000002857ae07790 2464   !   4       java.util.jar.JarFile::checkForSpecialAttributes (163 bytes)
Event: 1.639 Thread 0x000002857ae07790 nmethod 2464 0x000002856b590088 code [0x000002856b590240, 0x000002856b5909b8]
Event: 1.642 Thread 0x0000028545181af0 2465       4       java.util.HashMap::putVal (300 bytes)
Event: 1.648 Thread 0x000002857ae09990 2466       3       java.lang.PublicMethods$Key::hashCode (19 bytes)
Event: 1.648 Thread 0x00000285457254d0 2467       3       jdk.internal.reflect.ReflectionFactory::getExecutableSharedParameterTypes (11 bytes)
Event: 1.648 Thread 0x000002854574bcf0 2468       3       java.lang.reflect.ReflectAccess::getExecutableSharedParameterTypes (5 bytes)
Event: 1.648 Thread 0x00000285450da570 2469       3       java.lang.Class::privateGetDeclaredMethods (64 bytes)
Event: 1.648 Thread 0x00000285457254d0 nmethod 2467 0x0000028563cb6308 code [0x0000028563cb6440, 0x0000028563cb66b8]
Event: 1.648 Thread 0x000002857ae09990 nmethod 2466 0x0000028563cb6708 code [0x0000028563cb6840, 0x0000028563cb6a88]
Event: 1.649 Thread 0x000002854574bcf0 nmethod 2468 0x0000028563cb6b08 code [0x0000028563cb6c20, 0x0000028563cb6df8]
Event: 1.649 Thread 0x00000285450da570 nmethod 2469 0x0000028563cb6e08 code [0x0000028563cb6fa0, 0x0000028563cb7720]
Event: 1.656 Thread 0x00000285450da570 2470       3       java.lang.StringBuilder::append (8 bytes)
Event: 1.656 Thread 0x00000285450da570 nmethod 2470 0x0000028563cb7788 code [0x0000028563cb78a0, 0x0000028563cb79f0]
Event: 1.656 Thread 0x00000285450da570 2471       3       java.lang.invoke.SimpleMethodHandle::speciesData (4 bytes)
Event: 1.656 Thread 0x00000285450da570 nmethod 2471 0x0000028563cb7a88 code [0x0000028563cb7ba0, 0x0000028563cb7cb8]

GC Heap History (4 events):
Event: 0.853 GC heap before
{Heap before GC invocations=0 (full 0):
 garbage-first heap   total reserved 4022272K, committed 251904K, used 22528K [0x000000070a800000, 0x0000000800000000)
  region size 2048K, 12 young (24576K), 0 survivors (0K)
 Metaspace       used 6095K, committed 6336K, reserved 1114112K
  class space    used 722K, committed 832K, reserved 1048576K
}
Event: 0.858 GC heap after
{Heap after GC invocations=1 (full 0):
 garbage-first heap   total reserved 4022272K, committed 251904K, used 7472K [0x000000070a800000, 0x0000000800000000)
  region size 2048K, 2 young (4096K), 2 survivors (4096K)
 Metaspace       used 6095K, committed 6336K, reserved 1114112K
  class space    used 722K, committed 832K, reserved 1048576K
}
Event: 1.374 GC heap before
{Heap before GC invocations=1 (full 0):
 garbage-first heap   total reserved 4022272K, committed 251904K, used 25904K [0x000000070a800000, 0x0000000800000000)
  region size 2048K, 12 young (24576K), 2 survivors (4096K)
 Metaspace       used 12288K, committed 12608K, reserved 1114112K
  class space    used 1532K, committed 1664K, reserved 1048576K
}
Event: 1.378 GC heap after
{Heap after GC invocations=2 (full 0):
 garbage-first heap   total reserved 4022272K, committed 251904K, used 9344K [0x000000070a800000, 0x0000000800000000)
  region size 2048K, 1 young (2048K), 1 survivors (2048K)
 Metaspace       used 12288K, committed 12608K, reserved 1114112K
  class space    used 1532K, committed 1664K, reserved 1048576K
}

Dll operation events (9 events):
Event: 0.014 Loaded shared library C:\Program Files\Java\jdk-23\bin\java.dll
Event: 0.049 Loaded shared library C:\Program Files\Java\jdk-23\bin\jsvml.dll
Event: 0.144 Loaded shared library C:\Program Files\Java\jdk-23\bin\zip.dll
Event: 0.147 Loaded shared library C:\Program Files\Java\jdk-23\bin\instrument.dll
Event: 0.152 Loaded shared library C:\Program Files\Java\jdk-23\bin\net.dll
Event: 0.154 Loaded shared library C:\Program Files\Java\jdk-23\bin\nio.dll
Event: 0.158 Loaded shared library C:\Program Files\Java\jdk-23\bin\zip.dll
Event: 0.294 Loaded shared library C:\Program Files\Java\jdk-23\bin\extnet.dll
Event: 0.339 Loaded shared library C:\Program Files\Java\jdk-23\bin\jimage.dll

Deoptimization events (20 events):
Event: 1.461 Thread 0x000002854653a950 Uncommon trap: trap_request=0xffffff45 fr.pc=0x000002856b4fc020 relative=0x0000000000000460
Event: 1.461 Thread 0x000002854653a950 Uncommon trap: reason=unstable_if action=reinterpret pc=0x000002856b4fc020 method=java.lang.AbstractStringBuilder.isLatin1()Z @ 10 c2
Event: 1.461 Thread 0x000002854653a950 DEOPT PACKING pc=0x000002856b4fc020 sp=0x000000a89bafd990
Event: 1.461 Thread 0x000002854653a950 DEOPT UNPACKING pc=0x000002856adf4402 sp=0x000000a89bafd920 mode 2
Event: 1.461 Thread 0x000002854653a950 Uncommon trap: trap_request=0xffffff45 fr.pc=0x000002856b501cdc relative=0x000000000000005c
Event: 1.461 Thread 0x000002854653a950 Uncommon trap: reason=unstable_if action=reinterpret pc=0x000002856b501cdc method=java.lang.AbstractStringBuilder.isLatin1()Z @ 10 c2
Event: 1.461 Thread 0x000002854653a950 DEOPT PACKING pc=0x000002856b501cdc sp=0x000000a89bafd990
Event: 1.461 Thread 0x000002854653a950 DEOPT UNPACKING pc=0x000002856adf4402 sp=0x000000a89bafd920 mode 2
Event: 1.462 Thread 0x000002854653a950 Uncommon trap: trap_request=0xffffff45 fr.pc=0x000002856b53b7d4 relative=0x0000000000000054
Event: 1.463 Thread 0x000002854653a950 Uncommon trap: reason=unstable_if action=reinterpret pc=0x000002856b53b7d4 method=java.lang.CharacterData.of(I)Ljava/lang/CharacterData; @ 4 c2
Event: 1.463 Thread 0x000002854653a950 DEOPT PACKING pc=0x000002856b53b7d4 sp=0x000000a89bafd5b0
Event: 1.463 Thread 0x000002854653a950 DEOPT UNPACKING pc=0x000002856adf4402 sp=0x000000a89bafd548 mode 2
Event: 1.586 Thread 0x000002855b2232a0 Uncommon trap: trap_request=0xffffff45 fr.pc=0x000002856b575450 relative=0x0000000000000710
Event: 1.586 Thread 0x000002855b2232a0 Uncommon trap: reason=unstable_if action=reinterpret pc=0x000002856b575450 method=java.util.ArrayList.grow(I)[Ljava/lang/Object; @ 17 c2
Event: 1.586 Thread 0x000002855b2232a0 DEOPT PACKING pc=0x000002856b575450 sp=0x000000a899efefc0
Event: 1.586 Thread 0x000002855b2232a0 DEOPT UNPACKING pc=0x000002856adf4402 sp=0x000000a899efee58 mode 2
Event: 1.594 Thread 0x000002855b2232a0 Uncommon trap: trap_request=0xffffff45 fr.pc=0x000002856b5414ec relative=0x0000000000000f6c
Event: 1.594 Thread 0x000002855b2232a0 Uncommon trap: reason=unstable_if action=reinterpret pc=0x000002856b5414ec method=java.util.concurrent.ConcurrentHashMap.putVal(Ljava/lang/Object;Ljava/lang/Object;Z)Ljava/lang/Object; @ 231 c2
Event: 1.594 Thread 0x000002855b2232a0 DEOPT PACKING pc=0x000002856b5414ec sp=0x000000a899efee60
Event: 1.594 Thread 0x000002855b2232a0 DEOPT UNPACKING pc=0x000002856adf4402 sp=0x000000a899efedd0 mode 2

Classes loaded (20 events):
Event: 1.601 Loading class java/lang/Short$ShortCache
Event: 1.601 Loading class java/lang/Short$ShortCache done
Event: 1.635 Loading class java/util/concurrent/ExecutionException
Event: 1.635 Loading class java/util/concurrent/ExecutionException done
Event: 1.640 Loading class java/beans/IntrospectionException
Event: 1.640 Loading class java/beans/IntrospectionException done
Event: 1.640 Loading class java/beans/PropertyDescriptor
Event: 1.640 Loading class java/beans/PropertyDescriptor done
Event: 1.643 Loading class java/beans/BeanInfo
Event: 1.643 Loading class java/beans/BeanInfo done
Event: 1.650 Loading class java/beans/MethodRef
Event: 1.650 Loading class java/beans/MethodRef done
Event: 1.651 Loading class java/beans/SimpleBeanInfo
Event: 1.652 Loading class java/beans/SimpleBeanInfo done
Event: 1.652 Loading class com/sun/beans/TypeResolver
Event: 1.652 Loading class com/sun/beans/TypeResolver done
Event: 1.652 Loading class com/sun/beans/WeakCache
Event: 1.652 Loading class com/sun/beans/WeakCache done
Event: 1.653 Loading class com/sun/beans/WildcardTypeImpl
Event: 1.653 Loading class com/sun/beans/WildcardTypeImpl done

Classes unloaded (0 events):
No events

Classes redefined (0 events):
No events

Internal exceptions (20 events):
Event: 1.019 Thread 0x000002855b2232a0 Exception <a 'java/lang/NoSuchMethodError'{0x00000007199a4f50}: 'int java.lang.invoke.DirectMethodHandle$Holder.invokeStaticInit(java.lang.Object, long, long)'> (0x00000007199a4f50) 
thrown [s\open\src\hotspot\share\interpreter\linkResolver.cpp, line 796]
Event: 1.020 Thread 0x000002855b2232a0 Exception <a 'java/lang/NoSuchMethodError'{0x00000007199ab9f8}: 'int java.lang.invoke.DirectMethodHandle$Holder.invokeStaticInit(java.lang.Object, float, float)'> (0x00000007199ab9f8) 
thrown [s\open\src\hotspot\share\interpreter\linkResolver.cpp, line 796]
Event: 1.021 Thread 0x000002855b2232a0 Exception <a 'java/lang/NoSuchMethodError'{0x00000007199b2498}: 'int java.lang.invoke.DirectMethodHandle$Holder.invokeStaticInit(java.lang.Object, double, double)'> (0x00000007199b2498) 
thrown [s\open\src\hotspot\share\interpreter\linkResolver.cpp, line 796]
Event: 1.021 Thread 0x000002855b2232a0 Exception <a 'java/lang/NoSuchMethodError'{0x00000007199b6a08}: 'int java.lang.invoke.DirectMethodHandle$Holder.invokeStatic(java.lang.Object, long)'> (0x00000007199b6a08) 
thrown [s\open\src\hotspot\share\interpreter\linkResolver.cpp, line 796]
Event: 1.027 Thread 0x000002855b2232a0 Exception <a 'java/lang/NoSuchMethodError'{0x00000007199d8e28}: 'int java.lang.invoke.Invokers$Holder.linkToTargetMethod(java.lang.Object, java.lang.Object)'> (0x00000007199d8e28) 
thrown [s\open\src\hotspot\share\interpreter\linkResolver.cpp, line 796]
Event: 1.049 Thread 0x000002855b2232a0 Exception <a 'java/lang/NoSuchMethodError'{0x00000007196721b0}: 'java.lang.Object java.lang.invoke.DirectMethodHandle$Holder.invokeSpecial(java.lang.Object, java.lang.Object, java.lang.Object, int, java.lang.Object)'> (0x00000007196721b0) 
thrown [s\open\src\hotspot\share\interpreter\linkResolver.cpp, line 796]
Event: 1.051 Thread 0x000002855b2232a0 Exception <a 'java/lang/NoSuchMethodError'{0x0000000719679cb8}: 'java.lang.Object java.lang.invoke.DirectMethodHandle$Holder.newInvokeSpecial(java.lang.Object, java.lang.Object, java.lang.Object, int, java.lang.Object)'> (0x0000000719679cb8) 
thrown [s\open\src\hotspot\share\interpreter\linkResolver.cpp, line 796]
Event: 1.052 Thread 0x000002855b2232a0 Exception <a 'java/lang/NoSuchMethodError'{0x0000000719681290}: 'java.lang.Object java.lang.invoke.Invokers$Holder.linkToTargetMethod(java.lang.Object, java.lang.Object, int, java.lang.Object, java.lang.Object)'> (0x0000000719681290) 
thrown [s\open\src\hotspot\share\interpreter\linkResolver.cpp, line 796]
Event: 1.053 Thread 0x000002855b2232a0 Exception <a 'java/lang/NoSuchMethodError'{0x0000000719688e30}: 'int java.lang.invoke.DirectMethodHandle$Holder.invokeStatic(java.lang.Object, int, java.lang.Object, java.lang.Object)'> (0x0000000719688e30) 
thrown [s\open\src\hotspot\share\interpreter\linkResolver.cpp, line 796]
Event: 1.054 Thread 0x000002855b2232a0 Exception <a 'java/lang/NoSuchMethodError'{0x000000071968fff8}: 'java.lang.Object java.lang.invoke.DirectMethodHandle$Holder.newInvokeSpecial(java.lang.Object, int, java.lang.Object)'> (0x000000071968fff8) 
thrown [s\open\src\hotspot\share\interpreter\linkResolver.cpp, line 796]
Event: 1.055 Thread 0x000002855b2232a0 Exception <a 'java/lang/NoSuchMethodError'{0x0000000719694b80}: 'int java.lang.invoke.DirectMethodHandle$Holder.invokeSpecialIFC(java.lang.Object, java.lang.Object, java.lang.Object, java.lang.Object)'> (0x0000000719694b80) 
thrown [s\open\src\hotspot\share\interpreter\linkResolver.cpp, line 796]
Event: 1.085 Thread 0x000002855b2232a0 Exception <a 'java/lang/NoSuchMethodError'{0x000000071973fdc8}: 'void java.lang.invoke.DirectMethodHandle$Holder.invokeInterface(java.lang.Object, java.lang.Object, java.lang.Object)'> (0x000000071973fdc8) 
thrown [s\open\src\hotspot\share\interpreter\linkResolver.cpp, line 796]
Event: 1.107 Thread 0x000002855b2232a0 Exception <a 'java/lang/NoSuchMethodError'{0x00000007197bfce0}: 'void java.lang.invoke.DirectMethodHandle$Holder.invokeStaticInit(java.lang.Object, java.lang.Object, java.lang.Object)'> (0x00000007197bfce0) 
thrown [s\open\src\hotspot\share\interpreter\linkResolver.cpp, line 796]
Event: 1.118 Thread 0x000002855b2232a0 Exception <a 'java/lang/NoSuchMethodError'{0x0000000719410358}: 'java.lang.Object java.lang.invoke.DirectMethodHandle$Holder.invokeVirtual(java.lang.Object, java.lang.Object, java.lang.Object)'> (0x0000000719410358) 
thrown [s\open\src\hotspot\share\interpreter\linkResolver.cpp, line 796]
Event: 1.149 Thread 0x000002855b2232a0 Exception <a 'java/lang/NoSuchMethodError'{0x00000007194df540}: 'void java.lang.invoke.DirectMethodHandle$Holder.invokeVirtual(java.lang.Object, java.lang.Object, java.lang.Object, java.lang.Object)'> (0x00000007194df540) 
thrown [s\open\src\hotspot\share\interpreter\linkResolver.cpp, line 796]
Event: 1.243 Thread 0x000002854653a950 Exception <a 'java/lang/NoClassDefFoundError'{0x0000000719337660}: jakarta/validation/Validation> (0x0000000719337660) 
thrown [s\open\src\hotspot\share\classfile\systemDictionary.cpp, line 302]
Event: 1.249 Thread 0x000002855b2232a0 Exception <a 'java/lang/NoSuchMethodError'{0x0000000719359490}: 'java.lang.reflect.Field[] java.lang.Class.getDeclaredFields(java.lang.Class)'> (0x0000000719359490) 
thrown [s\open\src\hotspot\share\interpreter\linkResolver.cpp, line 796]
Event: 1.250 Thread 0x000002855b2232a0 Exception <a 'java/lang/NoSuchMethodError'{0x000000071935dea0}: 'java.lang.Object java.lang.invoke.DirectMethodHandle$Holder.invokeStatic(java.lang.Object, java.lang.Object, int)'> (0x000000071935dea0) 
thrown [s\open\src\hotspot\share\interpreter\linkResolver.cpp, line 796]
Event: 1.251 Thread 0x000002855b2232a0 Exception <a 'java/lang/NoSuchMethodError'{0x0000000719368dd0}: 'void java.lang.invoke.DelegatingMethodHandle$Holder.delegate(java.lang.Object, java.lang.Object, int, java.lang.Object)'> (0x0000000719368dd0) 
thrown [s\open\src\hotspot\share\interpreter\linkResolver.cpp, line 796]
Event: 1.267 Thread 0x000002855b2232a0 Exception <a 'java/lang/IncompatibleClassChangeError'{0x000000071907a238}: Found class java.lang.Object, but interface was expected> (0x000000071907a238) 
thrown [s\open\src\hotspot\share\interpreter\linkResolver.cpp, line 863]

VM Operations (20 events):
Event: 0.752 Executing VM operation: HandshakeAllThreads (Deoptimize)
Event: 0.752 Executing VM operation: HandshakeAllThreads (Deoptimize) done
Event: 0.763 Executing VM operation: HandshakeAllThreads (Deoptimize)
Event: 0.763 Executing VM operation: HandshakeAllThreads (Deoptimize) done
Event: 0.853 Executing VM operation: G1CollectForAllocation (G1 Evacuation Pause)
Event: 0.858 Executing VM operation: G1CollectForAllocation (G1 Evacuation Pause) done
Event: 1.226 Executing VM operation: HandshakeAllThreads (Deoptimize)
Event: 1.227 Executing VM operation: HandshakeAllThreads (Deoptimize) done
Event: 1.231 Executing VM operation: HandshakeAllThreads (Deoptimize)
Event: 1.231 Executing VM operation: HandshakeAllThreads (Deoptimize) done
Event: 1.231 Executing VM operation: HandshakeAllThreads (Deoptimize)
Event: 1.231 Executing VM operation: HandshakeAllThreads (Deoptimize) done
Event: 1.250 Executing VM operation: HandshakeAllThreads (Deoptimize)
Event: 1.250 Executing VM operation: HandshakeAllThreads (Deoptimize) done
Event: 1.374 Executing VM operation: G1CollectForAllocation (G1 Evacuation Pause)
Event: 1.379 Executing VM operation: G1CollectForAllocation (G1 Evacuation Pause) done
Event: 1.463 Executing VM operation: HandshakeAllThreads (Deoptimize)
Event: 1.464 Executing VM operation: HandshakeAllThreads (Deoptimize) done
Event: 1.589 Executing VM operation: HandshakeAllThreads (Deoptimize)
Event: 1.589 Executing VM operation: HandshakeAllThreads (Deoptimize) done

Memory protections (0 events):
No events

Nmethod flushes (0 events):
No events

Events (20 events):
Event: 0.030 Thread 0x000002855b2232a0 Thread added: 0x000002855b2232a0
Event: 0.046 Thread 0x000002855b2232a0 Thread added: 0x000002857ade4b70
Event: 0.046 Thread 0x000002855b2232a0 Thread added: 0x000002857ade95e0
Event: 0.046 Thread 0x000002855b2232a0 Thread added: 0x000002857adea2a0
Event: 0.046 Thread 0x000002855b2232a0 Thread added: 0x000002857adeb090
Event: 0.047 Thread 0x000002855b2232a0 Thread added: 0x000002857adebe40
Event: 0.047 Thread 0x000002855b2232a0 Thread added: 0x000002857adf48b0
Event: 0.047 Thread 0x000002855b2232a0 Thread added: 0x000002857ae07790
Event: 0.047 Thread 0x000002855b2232a0 Thread added: 0x000002857ae09990
Event: 0.056 Thread 0x000002857ae09990 Thread added: 0x00000285450da570
Event: 0.119 Thread 0x000002855b2232a0 Thread added: 0x000002854516ae90
Event: 0.137 Thread 0x000002857ae07790 Thread added: 0x0000028545181af0
Event: 0.280 Thread 0x000002855b2232a0 Thread added: 0x00000285452d1820
Event: 0.280 Thread 0x000002855b2232a0 Thread added: 0x00000285455c7b60
Event: 0.418 Thread 0x000002857ae09990 Thread added: 0x00000285457254d0
Event: 0.419 Thread 0x00000285457254d0 Thread added: 0x000002854574bcf0
Event: 0.427 Thread 0x000002857ae07790 Thread added: 0x0000028545750660
Event: 0.624 Thread 0x0000028545750660 Thread exited: 0x0000028545750660
Event: 1.239 Thread 0x000002855b2232a0 Thread added: 0x000002854653a950
Event: 1.457 Thread 0x00000285457254d0 Thread added: 0x0000028546129e40


Dynamic libraries:
0x00007ff65bb80000 - 0x00007ff65bb90000 	C:\Program Files\Java\jdk-23\bin\java.exe
0x00007ffaad560000 - 0x00007ffaad7c9000 	C:\WINDOWS\SYSTEM32\ntdll.dll
0x00007ffaaca20000 - 0x00007ffaacae9000 	C:\WINDOWS\System32\KERNEL32.DLL
0x00007ffaaaf30000 - 0x00007ffaab323000 	C:\WINDOWS\System32\KERNELBASE.dll
0x00007ffaaade0000 - 0x00007ffaaaf2b000 	C:\WINDOWS\System32\ucrtbase.dll
0x00007ffaa5b70000 - 0x00007ffaa5b8b000 	C:\Program Files\Java\jdk-23\bin\VCRUNTIME140.dll
0x00007ffaa5c30000 - 0x00007ffaa5c47000 	C:\Program Files\Java\jdk-23\bin\jli.dll
0x00007ffaac2a0000 - 0x00007ffaac464000 	C:\WINDOWS\System32\USER32.dll
0x00007ffa991d0000 - 0x00007ffa99463000 	C:\WINDOWS\WinSxS\amd64_microsoft.windows.common-controls_6595b64144ccf1df_6.0.26100.5074_none_3e0d6f78e32fd63f\COMCTL32.dll
0x00007ffaaa6f0000 - 0x00007ffaaa717000 	C:\WINDOWS\System32\win32u.dll
0x00007ffaacca0000 - 0x00007ffaacd49000 	C:\WINDOWS\System32\msvcrt.dll
0x00007ffaacf80000 - 0x00007ffaacfab000 	C:\WINDOWS\System32\GDI32.dll
0x00007ffaaa9c0000 - 0x00007ffaaaaed000 	C:\WINDOWS\System32\gdi32full.dll
0x00007ffaaa880000 - 0x00007ffaaa923000 	C:\WINDOWS\System32\msvcp_win.dll
0x00007ffaac160000 - 0x00007ffaac18f000 	C:\WINDOWS\System32\IMM32.DLL
0x00007ffaa0ae0000 - 0x00007ffaa0aec000 	C:\Program Files\Java\jdk-23\bin\vcruntime140_1.dll
0x00007ffa7dca0000 - 0x00007ffa7dd2e000 	C:\Program Files\Java\jdk-23\bin\msvcp140.dll
0x00007ffa09750000 - 0x00007ffa0a49f000 	C:\Program Files\Java\jdk-23\bin\server\jvm.dll
0x00007ffaacbe0000 - 0x00007ffaacc94000 	C:\WINDOWS\System32\ADVAPI32.dll
0x00007ffaab730000 - 0x00007ffaab7d6000 	C:\WINDOWS\System32\sechost.dll
0x00007ffaac470000 - 0x00007ffaac588000 	C:\WINDOWS\System32\RPCRT4.dll
0x00007ffaacb60000 - 0x00007ffaacbd4000 	C:\WINDOWS\System32\WS2_32.dll
0x00007ffaaa550000 - 0x00007ffaaa5ae000 	C:\WINDOWS\SYSTEM32\POWRPROF.dll
0x00007ffaa33b0000 - 0x00007ffaa33e5000 	C:\WINDOWS\SYSTEM32\WINMM.dll
0x00007ffaa33f0000 - 0x00007ffaa33fb000 	C:\WINDOWS\SYSTEM32\VERSION.dll
0x00007ffaaa530000 - 0x00007ffaaa544000 	C:\WINDOWS\SYSTEM32\UMPDC.dll
0x00007ffaa94d0000 - 0x00007ffaa94eb000 	C:\WINDOWS\SYSTEM32\kernel.appcore.dll
0x00007ffaa0ad0000 - 0x00007ffaa0ada000 	C:\Program Files\Java\jdk-23\bin\jimage.dll
0x00007ffa9dd60000 - 0x00007ffa9dfa2000 	C:\WINDOWS\SYSTEM32\DBGHELP.DLL
0x00007ffaad1a0000 - 0x00007ffaad51b000 	C:\WINDOWS\System32\combase.dll
0x00007ffaad030000 - 0x00007ffaad107000 	C:\WINDOWS\System32\OLEAUT32.dll
0x00007ffa96cc0000 - 0x00007ffa96cfd000 	C:\WINDOWS\SYSTEM32\dbgcore.DLL
0x00007ffaaa7e0000 - 0x00007ffaaa879000 	C:\WINDOWS\System32\bcryptPrimitives.dll
0x00007ffaa0310000 - 0x00007ffaa031f000 	C:\Program Files\Java\jdk-23\bin\instrument.dll
0x00007ffaa0320000 - 0x00007ffaa033e000 	C:\Program Files\Java\jdk-23\bin\java.dll
0x00007ffaacd50000 - 0x00007ffaacee8000 	C:\WINDOWS\System32\ole32.dll
0x00007ffaab7f0000 - 0x00007ffaabf3d000 	C:\WINDOWS\System32\SHELL32.dll
0x00007ffaaac70000 - 0x00007ffaaaddc000 	C:\WINDOWS\System32\wintypes.dll
0x00007ffaa8350000 - 0x00007ffaa8ba9000 	C:\WINDOWS\SYSTEM32\windows.storage.dll
0x00007ffaac1a0000 - 0x00007ffaac290000 	C:\WINDOWS\System32\SHCORE.dll
0x00007ffaacaf0000 - 0x00007ffaacb52000 	C:\WINDOWS\System32\shlwapi.dll
0x00007ffaaa610000 - 0x00007ffaaa639000 	C:\WINDOWS\SYSTEM32\profapi.dll
0x00007ffa5e450000 - 0x00007ffa5e527000 	C:\Program Files\Java\jdk-23\bin\jsvml.dll
0x00007ffa89320000 - 0x00007ffa89337000 	C:\Program Files\Java\jdk-23\bin\zip.dll
0x00007ffaa0300000 - 0x00007ffaa0310000 	C:\Program Files\Java\jdk-23\bin\net.dll
0x00007ffaa9a50000 - 0x00007ffaa9abb000 	C:\WINDOWS\system32\mswsock.dll
0x00007ffa8ea10000 - 0x00007ffa8ea26000 	C:\Program Files\Java\jdk-23\bin\nio.dll
0x00007ffa8ea00000 - 0x00007ffa8ea09000 	C:\Program Files\Java\jdk-23\bin\extnet.dll

dbghelp: loaded successfully - version: 4.0.5 - missing functions: none
symbol engine: initialized successfully - sym options: 0x614 - pdb path: .;C:\Program Files\Java\jdk-23\bin;C:\WINDOWS\SYSTEM32;C:\WINDOWS\WinSxS\amd64_microsoft.windows.common-controls_6595b64144ccf1df_6.0.26100.5074_none_3e0d6f78e32fd63f;C:\Program Files\Java\jdk-23\bin\server

VM Arguments:
jvm_args: -javaagent:C:\Program Files\JetBrains\IntelliJ IDEA 2025.2.1\lib\idea_rt.jar=14172 -Dfile.encoding=UTF-8 -Dsun.stdout.encoding=UTF-8 -Dsun.stderr.encoding=UTF-8 
java_command: com.example.demo.DemoApplication
java_class_path (initial): C:\Users\USER\Downloads\demo\demo\target\classes;C:\Users\USER\.m2\repository\org\springframework\boot\spring-boot-starter-data-jpa\3.5.5\spring-boot-starter-data-jpa-3.5.5.jar;C:\Users\USER\.m2\repository\org\springframework\boot\spring-boot-starter\3.5.5\spring-boot-starter-3.5.5.jar;C:\Users\USER\.m2\repository\org\springframework\boot\spring-boot\3.5.5\spring-boot-3.5.5.jar;C:\Users\USER\.m2\repository\org\springframework\boot\spring-boot-autoconfigure\3.5.5\spring-boot-autoconfigure-3.5.5.jar;C:\Users\USER\.m2\repository\org\springframework\boot\spring-boot-starter-logging\3.5.5\spring-boot-starter-logging-3.5.5.jar;C:\Users\USER\.m2\repository\ch\qos\logback\logback-classic\1.5.18\logback-classic-1.5.18.jar;C:\Users\USER\.m2\repository\ch\qos\logback\logback-core\1.5.18\logback-core-1.5.18.jar;C:\Users\USER\.m2\repository\org\apache\logging\log4j\log4j-to-slf4j\2.24.3\log4j-to-slf4j-2.24.3.jar;C:\Users\USER\.m2\repository\org\apache\logging\log4j\log4j-api\2.24.3\log4j-api-2.24.3.jar;C:\Users\USER\.m2\repository\org\slf4j\jul-to-slf4j\2.0.17\jul-to-slf4j-2.0.17.jar;C:\Users\USER\.m2\repository\jakarta\annotation\jakarta.annotation-api\2.1.1\jakarta.annotation-api-2.1.1.jar;C:\Users\USER\.m2\repository\org\yaml\snakeyaml\2.4\snakeyaml-2.4.jar;C:\Users\USER\.m2\repository\org\springframework\boot\spring-boot-starter-jdbc\3.5.5\spring-boot-starter-jdbc-3.5.5.jar;C:\Users\USER\.m2\repository\com\zaxxer\HikariCP\6.3.2\HikariCP-6.3.2.jar;C:\Users\USER\.m2\repository\org\springframework\spring-jdbc\6.2.10\spring-jdbc-6.2.10.jar;C:\Users\USER\.m2\repository\org\hibernate\orm\hibernate-core\6.6.26.Final\hibernate-core-6.6.26.Final.jar;C:\Users\USER\.m2\repository\jakarta\persistence\jakarta.persistence-api\3.1.0\jakarta.persistence-api-3.1.0.jar;C:\Users\USER\.m2\repository\jakarta\transaction\jakarta.transaction-api\2.0.1\jakarta.transaction-api-2.0.1.jar;C:\Users\USER\.m2\repository\org\jboss\logging\jboss-logging\3.6.1.Final\jboss-logging-3.6.1.Final.jar;C:\Users\USER\.m2\repository\org\hibernate\common\hibernate-commons-annotations\7.0.3.Final\hibernate-commons-annotations-7.0.3.Final.jar;C:\Users\USER\.m2\repository\io\smallrye\jandex\3.2.0\jandex-3.2.0.jar;C:\Users\USER\.m2\repository\com\fasterxml\classmate\1.7.0\classmate-1.7.0.jar;C:\Users\USER\.m2\repository\net\bytebuddy\byte-buddy\1.17.7\byte-buddy-1.17.7.jar;C:\Users\USER\.m2\repository\org\glassfish\jaxb\jaxb-runtime\4.0.5\jaxb-runtime-4.0.5.jar;C:\Users\USER\.m2\repository\org\glassfish\jaxb\jaxb-core\4.0.5\jaxb-core-4.0.5.jar;C:\Users\USER\.m2\repository\org\eclipse\angus\angus-activation\2.0.2\angus-activation-2.0.2.jar;C:\Users\USER\.m2\repository\org\glassfish\jaxb\txw2\4.0.5\txw2-4.0.5.jar;C:\Users\USER\.m2\repository\com\sun\istack\istack-commons-runtime\4.1.2\istack-commons-runtime-4.1.2.jar;C:\Users\USER\.m2\repository\jakarta\inject\jakarta.inject-api\2.0.1\jakarta.inject-api-2.0.1.jar;C:\Users\USER\.m2\repository\org\antlr\antlr4-runtime\4.13.0\antlr4-runtime-4.13.0.jar;C:\Users\USER\.m2\repository\org\springframework\data\spring-data-jpa\3.5.3\spring-data-jpa-3.5.3.jar;C:\Users\USER\.m2\repository\org\springframework\data\spring-data-commons\3.5.3\spring-data-commons-3.5.3.jar;C:\Users\USER\.m2\repository\org\springframework\spring-orm\6.2.10\spring-orm-6.2.10.jar;C:\Users\USER\.m2\repository\org\springframework\spring-context\6.2.10\spring-context-6.2.10.jar;C:\Users\USER\.m2\repository\org\springframework\spring-aop\6.2.10\spring-aop-6.2.10.jar;C:\Users\USER\.m2\repository\org\springframework\spring-tx\6.2.10\spring-tx-6.2.10.jar;C:\Users\USER\.m2\repository\org\springframework\spring-beans\6.2.10\spring-beans-6.2.10.jar;C:\Users\USER\.m2\repository\org\slf4j\slf4j-api\2.0.17\slf4j-api-2.0.17.jar;C:\Users\USER\.m2\repository\org\springframework\spring-aspects\6.2.10\spring-aspects-6.2.10.jar;C:\Users\USER\.m2\repository\org\aspectj\aspectjweaver\1.9.24\aspectjweaver-1.9.24.jar;C:\Users\USER\.m2\repository\org\springframework\boot\spring-boot-starter-web\3.5.5\spring-boot-starter-web-3.5.5.jar;C:\Users\USER\.m2\repository\org\springframework\boot\spring-boot-starter-json\3.5.5\spring-boot-starter-json-3.5.5.jar;C:\Users\USER\.m2\repository\com\fasterxml\jackson\core\jackson-databind\2.19.2\jackson-databind-2.19.2.jar;C:\Users\USER\.m2\repository\com\fasterxml\jackson\core\jackson-annotations\2.19.2\jackson-annotations-2.19.2.jar;C:\Users\USER\.m2\repository\com\fasterxml\jackson\core\jackson-core\2.19.2\jackson-core-2.19.2.jar;C:\Users\USER\.m2\repository\com\fasterxml\jackson\datatype\jackson-datatype-jdk8\2.19.2\jackson-datatype-jdk8-2.19.2.jar;C:\Users\USER\.m2\repository\com\fasterxml\jackson\datatype\jackson-datatype-jsr310\2.19.2\jackson-datatype-jsr310-2.19.2.jar;C:\Users\USER\.m2\repository\com\fasterxml\jackson\module\jackson-module-parameter-names\2.19.2\jackson-module-parameter-names-2.19.2.jar;C:\Users\USER\.m2\repository\org\springframework\boot\spring-boot-starter-tomcat\3.5.5\spring-boot-starter-tomcat-3.5.5.jar;C:\Users\USER\.m2\repository\org\apache\tomcat\embed\tomcat-embed-core\10.1.44\tomcat-embed-core-10.1.44.jar;C:\Users\USER\.m2\repository\org\apache\tomcat\embed\tomcat-embed-el\10.1.44\tomcat-embed-el-10.1.44.jar;C:\Users\USER\.m2\repository\org\apache\tomcat\embed\tomcat-embed-websocket\10.1.44\tomcat-embed-websocket-10.1.44.jar;C:\Users\USER\.m2\repository\org\springframework\spring-web\6.2.10\spring-web-6.2.10.jar;C:\Users\USER\.m2\repository\io\micrometer\micrometer-observation\1.15.3\micrometer-observation-1.15.3.jar;C:\Users\USER\.m2\repository\io\micrometer\micrometer-commons\1.15.3\micrometer-commons-1.15.3.jar;C:\Users\USER\.m2\repository\org\springframework\spring-webmvc\6.2.10\spring-webmvc-6.2.10.jar;C:\Users\USER\.m2\repository\org\springframework\spring-expression\6.2.10\spring-expression-6.2.10.jar;C:\Users\USER\.m2\repository\com\mysql\mysql-connector-j\9.4.0\mysql-connector-j-9.4.0.jar;C:\Users\USER\.m2\repository\org\projectlombok\lombok\1.18.32\lombok-1.18.32.jar;C:\Users\USER\.m2\repository\jakarta\xml\bind\jakarta.xml.bind-api\4.0.2\jakarta.xml.bind-api-4.0.2.jar;C:\Users\USER\.m2\repository\jakarta\activation\jakarta.activation-api\2.1.3\jakarta.activation-api-2.1.3.jar;C:\Users\USER\.m2\repository\org\springframework\spring-core\6.2.10\spring-core-6.2.10.jar;C:\Users\USER\.m2\repository\org\springframework\spring-jcl\6.2.10\spring-jcl-6.2.10.jar;C:\Users\USER\.m2\repository\org\modelmapper\modelmapper\3.1.1\modelmapper-3.1.1.jar
Launcher Type: SUN_STANDARD

[Global flags]
     intx CICompilerCount                          = 12                                        {product} {ergonomic}
     uint ConcGCThreads                            = 3                                         {product} {ergonomic}
     uint G1ConcRefinementThreads                  = 13                                        {product} {ergonomic}
   size_t G1HeapRegionSize                         = 2097152                                   {product} {ergonomic}
   size_t InitialHeapSize                          = 257949696                                 {product} {ergonomic}
   size_t MarkStackSize                            = 4194304                                   {product} {ergonomic}
   size_t MarkStackSizeMax                         = 536870912                                 {product} {ergonomic}
   size_t MaxHeapSize                              = 4118806528                                {product} {ergonomic}
   size_t MaxNewSize                               = 2470445056                                {product} {ergonomic}
   size_t MinHeapDeltaBytes                        = 2097152                                   {product} {ergonomic}
   size_t MinHeapSize                              = 8388608                                   {product} {ergonomic}
    uintx NonNMethodCodeHeapSize                   = 7602176                                {pd product} {ergonomic}
    uintx NonProfiledCodeHeapSize                  = 122093568                              {pd product} {ergonomic}
    uintx ProfiledCodeHeapSize                     = 121962496                              {pd product} {ergonomic}
    uintx ReservedCodeCacheSize                    = 251658240                              {pd product} {ergonomic}
     bool SegmentedCodeCache                       = true                                      {product} {ergonomic}
   size_t SoftMaxHeapSize                          = 4118806528                             {manageable} {ergonomic}
     bool UseCompressedOops                        = true                           {product lp64_product} {ergonomic}
     bool UseG1GC                                  = true                                      {product} {ergonomic}
     bool UseLargePagesIndividualAllocation        = false                                  {pd product} {ergonomic}

Logging:
Log output configuration:
 #0: stdout all=warning uptime,level,tags foldmultilines=false
 #1: stderr all=off uptime,level,tags foldmultilines=false

Environment Variables:
JAVA_HOME=C:\Program Files\Java\jdk-23
PATH=C:\Program Files\Common Files\Oracle\Java\javapath;C:\Program Files\OpenLogic\jdk-11.0.24.8-hotspot\bin;C:\WINDOWS\system32;C:\WINDOWS;C:\WINDOWS\System32\Wbem;C:\WINDOWS\System32\WindowsPowerShell\v1.0\;C:\WINDOWS\System32\OpenSSH\;C:\Program Files\nodejs;C:\Program Files\Git\cmd;D:\dev\flutter\bin;C:\Users\USER\Downloads\poppler-24.07.0\Library\bin;C:\Program Files\Java\jdk-23\bin;C:\Program Files (x86)\Windows Kits\10\Windows Performance Toolkit\;C:\Users\USER\AppData\Local\Android\Sdk\platform-tools;C:\Users\USER\AppData\Local\Programs\Python\Python311;C:\Users\USER\AppData\Local\Programs\Python\Python311\Scripts;C:\Program Files\Microsoft SQL Server\150\Tools\Binn\;C:\Program Files\Microsoft SQL Server\Client SDK\ODBC\170\Tools\Binn\;C:\Program Files\dotnet\;C:\Program Files\MySQL\MySQL Server 8.0\bin;C:\Program Files\MySQL\MySQL Shell 8.0\bin\;C:\Users\USER\AppData\Local\Microsoft\WindowsApps;C:\Users\USER\AppData\Roaming\npm;C:\Program Files\nodejs;C:\Program Files\OpenLogic\jdk-11.0.24.8-hotspot\bin;D:\dev\flutter\bin;C:\Users\USER\AppData\Local\GitHubDesktop\bin;C:\Users\USER\Downloads\poppler-24.07.0\Library\bin;C:\Users\USER\AppData\Local\Programs\Microsoft VS Code\bin;C:\Users\USER\AppData\Local\Programs\PyCharm 2025.2\bin;C:\Users\USER\AppData\Local\Programs\Python\Python311;C:\Users\USER\AppData\Local\Programs\Python\Python311\Scripts;C:\Users\USER\.dotnet\tools;
USERNAME=USER
OS=Windows_NT
PROCESSOR_IDENTIFIER=AMD64 Family 23 Model 104 Stepping 1, AuthenticAMD
TMP=C:\Users\USER\AppData\Local\Temp
TEMP=C:\Users\USER\AppData\Local\Temp




Periodic native trim disabled

---------------  S Y S T E M  ---------------

OS:
 Windows 11 , 64 bit Build 26100 (10.0.26100.5074)
OS uptime: 0 days 8:41 hours
Hyper-V role detected

CPU: total 16 (initial active 16) (16 cores per cpu, 2 threads per core) family 23 model 104 stepping 1 microcode 0x8608104, cx8, cmov, fxsr, ht, mmx, 3dnowpref, sse, sse2, sse3, ssse3, sse4a, sse4.1, sse4.2, popcnt, lzcnt, tsc, tscinvbit, avx, avx2, aes, clmul, bmi1, bmi2, adx, sha, fma, vzeroupper, clflush, clflushopt, hv, rdtscp, rdpid, f16c
Processor Information for the first 16 processors :
  Max Mhz: 1801, Current Mhz: 1801, Mhz Limit: 1801

Memory: 4k page, system-wide physical 15706M (3546M free)
TotalPageFile size 19802M (AvailPageFile size 9M)
current process WorkingSet (physical memory assigned to process): 124M, peak: 124M
current process commit charge ("private bytes"): 389M, peak: 389M

vm_info: Java HotSpot(TM) 64-Bit Server VM (23+37-2369) for windows-amd64 JRE (23+37-2369), built on 2024-08-20T16:01:23Z with MS VC++ 17.6 (VS2022)

END.
