#
# There is insufficient memory for the Java Runtime Environment to continue.
# Native memory allocation (malloc) failed to allocate 1133456 bytes. Error detail: Chunk::new
# Possible reasons:
#   The system is out of physical RAM or swap space
#   This process is running with CompressedOops enabled, and the Java Heap may be blocking the growth of the native heap
# Possible solutions:
#   Reduce memory load on the system
#   Increase physical memory or swap space
#   Check if swap backing store is full
#   Decrease Java heap size (-Xmx/-Xms)
#   Decrease number of Java threads
#   Decrease Java thread stack sizes (-Xss)
#   Set larger code cache with -XX:ReservedCodeCacheSize=
#   JVM is running with Zero Based Compressed Oops mode in which the Java heap is
#     placed in the first 32GB address space. The Java Heap base address is the
#     maximum limit for the native heap growth. Please use -XX:HeapBaseMinAddress
#     to set the Java Heap base and to place the Java Heap above 32GB virtual address.
# This output file may be truncated or incomplete.
#
#  Out of Memory Error (arena.cpp:149), pid=20856, tid=25380
#
# JRE version: Java(TM) SE Runtime Environment (23.0+37) (build 23+37-2369)
# Java VM: Java HotSpot(TM) 64-Bit Server VM (23+37-2369, mixed mode, sharing, tiered, compressed oops, compressed class ptrs, g1 gc, windows-amd64)
# No core dump will be written. Minidumps are not enabled by default on client versions of Windows
#

---------------  S U M M A R Y ------------

Command Line: -javaagent:C:\Program Files\JetBrains\IntelliJ IDEA 2025.2.1\lib\idea_rt.jar=7641 -Dfile.encoding=UTF-8 -Dsun.stdout.encoding=UTF-8 -Dsun.stderr.encoding=UTF-8 com.example.demo.DemoApplication

Host: AMD Ryzen 7 5700U with Radeon Graphics         , 16 cores, 15G,  Windows 11 , 64 bit Build 26100 (10.0.26100.5074)
Time: Tue Sep 16 22:20:56 2025 Sri Lanka Standard Time elapsed time: 6.228137 seconds (0d 0h 0m 6s)

---------------  T H R E A D  ---------------

Current thread (0x0000020245013c20):  JavaThread "C2 CompilerThread2" daemon [_thread_in_native, id=25380, stack(0x000000cc15400000,0x000000cc15500000) (1024K)]


Current CompileTask:
C2:6228 2426       4       java.lang.invoke.MethodType::makeImpl (109 bytes)

Stack: [0x000000cc15400000,0x000000cc15500000]
Native frames: (J=compiled Java code, j=interpreted, Vv=VM code, C=native code)
V  [jvm.dll+0x6e08a9]  (no source info available)
V  [jvm.dll+0x87da63]  (no source info available)
V  [jvm.dll+0x87feee]  (no source info available)
V  [jvm.dll+0x8805c3]  (no source info available)
V  [jvm.dll+0x27aee6]  (no source info available)
V  [jvm.dll+0xbc06f]  (no source info available)
V  [jvm.dll+0xbc2cb]  (no source info available)
V  [jvm.dll+0x2ee94d]  (no source info available)
V  [jvm.dll+0x6063c9]  (no source info available)
V  [jvm.dll+0x24ddf2]  (no source info available)
V  [jvm.dll+0x24e1d5]  (no source info available)
V  [jvm.dll+0x246b54]  (no source info available)
V  [jvm.dll+0x243d04]  (no source info available)
V  [jvm.dll+0x1c33a0]  (no source info available)
V  [jvm.dll+0x253cf1]  (no source info available)
V  [jvm.dll+0x251faa]  (no source info available)
V  [jvm.dll+0x3ee036]  (no source info available)
V  [jvm.dll+0x824f1b]  (no source info available)
V  [jvm.dll+0x6df055]  (no source info available)
C  [ucrtbase.dll+0x37b0]  (no source info available)
C  [KERNEL32.DLL+0x2e8d7]  (no source info available)
C  [ntdll.dll+0x8d9c]  (no source info available)

Lock stack of current Java thread (top to bottom):


---------------  P R O C E S S  ---------------

Threads class SMR info:
_java_thread_list=0x0000020246a07520, length=15, elements={
0x000002025c2f5210, 0x000002027c0d3d90, 0x000002027c0d9370, 0x000002027c0dce10,
0x000002027c0ddc20, 0x000002027c0dfd60, 0x000002027c0e28e0, 0x000002027c0ef690,
0x0000020245013550, 0x000002027c0e2250, 0x000002027c0e0ea0, 0x000002027c0e1bc0,
0x0000020245012e80, 0x0000020245013c20, 0x000002027c0e3c90
}

Java Threads: ( => current thread )
  0x000002025c2f5210 JavaThread "main"                              [_thread_in_Java, id=22360, stack(0x000000cc13800000,0x000000cc13900000) (1024K)]
  0x000002027c0d3d90 JavaThread "Reference Handler"          daemon [_thread_blocked, id=11272, stack(0x000000cc14000000,0x000000cc14100000) (1024K)]
  0x000002027c0d9370 JavaThread "Finalizer"                  daemon [_thread_blocked, id=21060, stack(0x000000cc14100000,0x000000cc14200000) (1024K)]
  0x000002027c0dce10 JavaThread "Signal Dispatcher"          daemon [_thread_blocked, id=25456, stack(0x000000cc14200000,0x000000cc14300000) (1024K)]
  0x000002027c0ddc20 JavaThread "Attach Listener"            daemon [_thread_blocked, id=26612, stack(0x000000cc14300000,0x000000cc14400000) (1024K)]
  0x000002027c0dfd60 JavaThread "Service Thread"             daemon [_thread_blocked, id=24096, stack(0x000000cc14400000,0x000000cc14500000) (1024K)]
  0x000002027c0e28e0 JavaThread "Monitor Deflation Thread"   daemon [_thread_blocked, id=9960, stack(0x000000cc14500000,0x000000cc14600000) (1024K)]
  0x000002027c0ef690 JavaThread "C2 CompilerThread0"         daemon [_thread_in_native, id=10076, stack(0x000000cc14600000,0x000000cc14700000) (1024K)]
  0x0000020245013550 JavaThread "C1 CompilerThread0"         daemon [_thread_blocked, id=23456, stack(0x000000cc14700000,0x000000cc14800000) (1024K)]
  0x000002027c0e2250 JavaThread "Common-Cleaner"             daemon [_thread_blocked, id=24176, stack(0x000000cc14800000,0x000000cc14900000) (1024K)]
  0x000002027c0e0ea0 JavaThread "Monitor Ctrl-Break"         daemon [_thread_in_native, id=276, stack(0x000000cc14d00000,0x000000cc14e00000) (1024K)]
  0x000002027c0e1bc0 JavaThread "Notification Thread"        daemon [_thread_blocked, id=24804, stack(0x000000cc14e00000,0x000000cc14f00000) (1024K)]
  0x0000020245012e80 JavaThread "C2 CompilerThread1"         daemon [_thread_in_native, id=9156, stack(0x000000cc15300000,0x000000cc15400000) (1024K)]
=>0x0000020245013c20 JavaThread "C2 CompilerThread2"         daemon [_thread_in_native, id=25380, stack(0x000000cc15400000,0x000000cc15500000) (1024K)]
  0x000002027c0e3c90 JavaThread "background-preinit"                [_thread_in_native, id=24416, stack(0x000000cc15500000,0x000000cc15600000) (1024K)]
Total: 15

Other Threads:
  0x000002027c0bcc40 VMThread "VM Thread"                           [id=23188, stack(0x000000cc13f00000,0x000000cc14000000) (1024K)]
  0x000002027c0a5a10 WatcherThread "VM Periodic Task Thread"        [id=22760, stack(0x000000cc13e00000,0x000000cc13f00000) (1024K)]
  0x000002025c35b3a0 WorkerThread "GC Thread#0"                     [id=21028, stack(0x000000cc13900000,0x000000cc13a00000) (1024K)]
  0x0000020245d346c0 WorkerThread "GC Thread#1"                     [id=18516, stack(0x000000cc14b00000,0x000000cc14c00000) (1024K)]
  0x0000020245e88300 WorkerThread "GC Thread#2"                     [id=18884, stack(0x000000cc14c00000,0x000000cc14d00000) (1024K)]
  0x0000020245e88ab0 WorkerThread "GC Thread#3"                     [id=17120, stack(0x000000cc15000000,0x000000cc15100000) (1024K)]
  0x0000020245d6cbf0 WorkerThread "GC Thread#4"                     [id=18364, stack(0x000000cc15100000,0x000000cc15200000) (1024K)]
  0x0000020245d6bd30 WorkerThread "GC Thread#5"                     [id=19428, stack(0x000000cc15200000,0x000000cc15300000) (1024K)]
  0x0000020245d6c840 WorkerThread "GC Thread#6"                     [id=12548, stack(0x000000cc15600000,0x000000cc15700000) (1024K)]
  0x0000020245d6c490 WorkerThread "GC Thread#7"                     [id=6068, stack(0x000000cc15700000,0x000000cc15800000) (1024K)]
  0x000002024636f8e0 WorkerThread "GC Thread#8"                     [id=13572, stack(0x000000cc15800000,0x000000cc15900000) (1024K)]
  0x0000020246370040 WorkerThread "GC Thread#9"                     [id=25520, stack(0x000000cc15900000,0x000000cc15a00000) (1024K)]
  0x000002025c370ae0 ConcurrentGCThread "G1 Main Marker"            [id=21260, stack(0x000000cc13a00000,0x000000cc13b00000) (1024K)]
  0x000002025c372510 WorkerThread "G1 Conc#0"                       [id=18356, stack(0x000000cc13b00000,0x000000cc13c00000) (1024K)]
  0x000002027bf74400 ConcurrentGCThread "G1 Refine#0"               [id=22008, stack(0x000000cc13c00000,0x000000cc13d00000) (1024K)]
  0x000002027bf74c30 ConcurrentGCThread "G1 Service"                [id=12888, stack(0x000000cc13d00000,0x000000cc13e00000) (1024K)]
Total: 16

Threads with active compile tasks:
C2 CompilerThread0  6286 2492       4       java.lang.invoke.MethodType::methodType (69 bytes)
C2 CompilerThread1  6286 2511       4       java.util.zip.ZipFile$Source::getEntryPos (164 bytes)
C2 CompilerThread2  6286 2426       4       java.lang.invoke.MethodType::makeImpl (109 bytes)
Total: 3

VM state: not at safepoint (normal execution)

VM Mutex/Monitor currently owned by a thread: None

Heap address: 0x000000070a800000, size: 3928 MB, Compressed Oops mode: Zero based, Oop shift amount: 3

CDS archive(s) mapped at: [0x0000020200000000-0x0000020200d70000-0x0000020200d70000), size 14090240, SharedBaseAddress: 0x0000020200000000, ArchiveRelocationMode: 1.
Compressed class space mapped at: 0x0000020201000000-0x0000020241000000, reserved size: 1073741824
Narrow klass base: 0x0000020200000000, Narrow klass shift: 0, Narrow klass range: 0x41000000

GC Precious Log:
 CardTable entry size: 512
 Card Set container configuration: InlinePtr #cards 4 size 8 Array Of Cards #cards 16 size 48 Howl #buckets 8 coarsen threshold 3686 Howl Bitmap #cards 512 size 80 coarsen threshold 460 Card regions per heap region 1 cards per card region 4096
 CPUs: 16 total, 16 available
 Memory: 15706M
 Large Page Support: Disabled
 NUMA Support: Disabled
 Compressed Oops: Enabled (Zero based)
 Heap Region Size: 2M
 Heap Min Capacity: 8M
 Heap Initial Capacity: 246M
 Heap Max Capacity: 3928M
 Pre-touch: Disabled
 Parallel Workers: 13
 Concurrent Workers: 3
 Concurrent Refinement Workers: 13
 Periodic GC: Disabled

Heap:
 garbage-first heap   total reserved 4022272K, committed 251904K, used 28179K [0x000000070a800000, 0x0000000800000000)
  region size 2048K, 11 young (22528K), 1 survivors (2048K)
 Metaspace       used 17224K, committed 17536K, reserved 1114112K
  class space    used 2161K, committed 2304K, reserved 1048576K

Heap Regions: E=young(eden), S=young(survivor), O=old, HS=humongous(starts), HC=humongous(continues), CS=collection set, F=free, TAMS=top-at-mark-start, PB=parsable bottom
|   0|0x000000070a800000, 0x000000070aa00000, 0x000000070aa00000|100%| O|  |TAMS 0x000000070a800000| PB 0x000000070a800000| Untracked |  0
|   1|0x000000070aa00000, 0x000000070ac00000, 0x000000070ac00000|100%| O|  |TAMS 0x000000070aa00000| PB 0x000000070aa00000| Untracked |  0
|   2|0x000000070ac00000, 0x000000070ae00000, 0x000000070ae00000|100%| O|  |TAMS 0x000000070ac00000| PB 0x000000070ac00000| Untracked |  0
|   3|0x000000070ae00000, 0x000000070afc6480, 0x000000070b000000| 88%| O|  |TAMS 0x000000070ae00000| PB 0x000000070ae00000| Untracked |  0
|   4|0x000000070b000000, 0x000000070b000000, 0x000000070b200000|  0%| F|  |TAMS 0x000000070b000000| PB 0x000000070b000000| Untracked |  0
|   5|0x000000070b200000, 0x000000070b200000, 0x000000070b400000|  0%| F|  |TAMS 0x000000070b200000| PB 0x000000070b200000| Untracked |  0
|   6|0x000000070b400000, 0x000000070b400000, 0x000000070b600000|  0%| F|  |TAMS 0x000000070b400000| PB 0x000000070b400000| Untracked |  0
|   7|0x000000070b600000, 0x000000070b600000, 0x000000070b800000|  0%| F|  |TAMS 0x000000070b600000| PB 0x000000070b600000| Untracked |  0
|   8|0x000000070b800000, 0x000000070b800000, 0x000000070ba00000|  0%| F|  |TAMS 0x000000070b800000| PB 0x000000070b800000| Untracked |  0
|   9|0x000000070ba00000, 0x000000070ba00000, 0x000000070bc00000|  0%| F|  |TAMS 0x000000070ba00000| PB 0x000000070ba00000| Untracked |  0
|  10|0x000000070bc00000, 0x000000070bc00000, 0x000000070be00000|  0%| F|  |TAMS 0x000000070bc00000| PB 0x000000070bc00000| Untracked |  0
|  11|0x000000070be00000, 0x000000070be00000, 0x000000070c000000|  0%| F|  |TAMS 0x000000070be00000| PB 0x000000070be00000| Untracked |  0
|  12|0x000000070c000000, 0x000000070c000000, 0x000000070c200000|  0%| F|  |TAMS 0x000000070c000000| PB 0x000000070c000000| Untracked |  0
|  13|0x000000070c200000, 0x000000070c200000, 0x000000070c400000|  0%| F|  |TAMS 0x000000070c200000| PB 0x000000070c200000| Untracked |  0
|  14|0x000000070c400000, 0x000000070c400000, 0x000000070c600000|  0%| F|  |TAMS 0x000000070c400000| PB 0x000000070c400000| Untracked |  0
|  15|0x000000070c600000, 0x000000070c600000, 0x000000070c800000|  0%| F|  |TAMS 0x000000070c600000| PB 0x000000070c600000| Untracked |  0
|  16|0x000000070c800000, 0x000000070c800000, 0x000000070ca00000|  0%| F|  |TAMS 0x000000070c800000| PB 0x000000070c800000| Untracked |  0
|  17|0x000000070ca00000, 0x000000070ca00000, 0x000000070cc00000|  0%| F|  |TAMS 0x000000070ca00000| PB 0x000000070ca00000| Untracked |  0
|  18|0x000000070cc00000, 0x000000070cc00000, 0x000000070ce00000|  0%| F|  |TAMS 0x000000070cc00000| PB 0x000000070cc00000| Untracked |  0
|  19|0x000000070ce00000, 0x000000070ce00000, 0x000000070d000000|  0%| F|  |TAMS 0x000000070ce00000| PB 0x000000070ce00000| Untracked |  0
|  20|0x000000070d000000, 0x000000070d000000, 0x000000070d200000|  0%| F|  |TAMS 0x000000070d000000| PB 0x000000070d000000| Untracked |  0
|  21|0x000000070d200000, 0x000000070d200000, 0x000000070d400000|  0%| F|  |TAMS 0x000000070d200000| PB 0x000000070d200000| Untracked |  0
|  22|0x000000070d400000, 0x000000070d400000, 0x000000070d600000|  0%| F|  |TAMS 0x000000070d400000| PB 0x000000070d400000| Untracked |  0
|  23|0x000000070d600000, 0x000000070d600000, 0x000000070d800000|  0%| F|  |TAMS 0x000000070d600000| PB 0x000000070d600000| Untracked |  0
|  24|0x000000070d800000, 0x000000070d800000, 0x000000070da00000|  0%| F|  |TAMS 0x000000070d800000| PB 0x000000070d800000| Untracked |  0
|  25|0x000000070da00000, 0x000000070da00000, 0x000000070dc00000|  0%| F|  |TAMS 0x000000070da00000| PB 0x000000070da00000| Untracked |  0
|  26|0x000000070dc00000, 0x000000070dc00000, 0x000000070de00000|  0%| F|  |TAMS 0x000000070dc00000| PB 0x000000070dc00000| Untracked |  0
|  27|0x000000070de00000, 0x000000070de00000, 0x000000070e000000|  0%| F|  |TAMS 0x000000070de00000| PB 0x000000070de00000| Untracked |  0
|  28|0x000000070e000000, 0x000000070e000000, 0x000000070e200000|  0%| F|  |TAMS 0x000000070e000000| PB 0x000000070e000000| Untracked |  0
|  29|0x000000070e200000, 0x000000070e200000, 0x000000070e400000|  0%| F|  |TAMS 0x000000070e200000| PB 0x000000070e200000| Untracked |  0
|  30|0x000000070e400000, 0x000000070e400000, 0x000000070e600000|  0%| F|  |TAMS 0x000000070e400000| PB 0x000000070e400000| Untracked |  0
|  31|0x000000070e600000, 0x000000070e600000, 0x000000070e800000|  0%| F|  |TAMS 0x000000070e600000| PB 0x000000070e600000| Untracked |  0
|  32|0x000000070e800000, 0x000000070e800000, 0x000000070ea00000|  0%| F|  |TAMS 0x000000070e800000| PB 0x000000070e800000| Untracked |  0
|  33|0x000000070ea00000, 0x000000070ea00000, 0x000000070ec00000|  0%| F|  |TAMS 0x000000070ea00000| PB 0x000000070ea00000| Untracked |  0
|  34|0x000000070ec00000, 0x000000070ec00000, 0x000000070ee00000|  0%| F|  |TAMS 0x000000070ec00000| PB 0x000000070ec00000| Untracked |  0
|  35|0x000000070ee00000, 0x000000070ee00000, 0x000000070f000000|  0%| F|  |TAMS 0x000000070ee00000| PB 0x000000070ee00000| Untracked |  0
|  36|0x000000070f000000, 0x000000070f000000, 0x000000070f200000|  0%| F|  |TAMS 0x000000070f000000| PB 0x000000070f000000| Untracked |  0
|  37|0x000000070f200000, 0x000000070f200000, 0x000000070f400000|  0%| F|  |TAMS 0x000000070f200000| PB 0x000000070f200000| Untracked |  0
|  38|0x000000070f400000, 0x000000070f400000, 0x000000070f600000|  0%| F|  |TAMS 0x000000070f400000| PB 0x000000070f400000| Untracked |  0
|  39|0x000000070f600000, 0x000000070f600000, 0x000000070f800000|  0%| F|  |TAMS 0x000000070f600000| PB 0x000000070f600000| Untracked |  0
|  40|0x000000070f800000, 0x000000070f800000, 0x000000070fa00000|  0%| F|  |TAMS 0x000000070f800000| PB 0x000000070f800000| Untracked |  0
|  41|0x000000070fa00000, 0x000000070fa00000, 0x000000070fc00000|  0%| F|  |TAMS 0x000000070fa00000| PB 0x000000070fa00000| Untracked |  0
|  42|0x000000070fc00000, 0x000000070fc00000, 0x000000070fe00000|  0%| F|  |TAMS 0x000000070fc00000| PB 0x000000070fc00000| Untracked |  0
|  43|0x000000070fe00000, 0x000000070fe00000, 0x0000000710000000|  0%| F|  |TAMS 0x000000070fe00000| PB 0x000000070fe00000| Untracked |  0
|  44|0x0000000710000000, 0x0000000710000000, 0x0000000710200000|  0%| F|  |TAMS 0x0000000710000000| PB 0x0000000710000000| Untracked |  0
|  45|0x0000000710200000, 0x0000000710200000, 0x0000000710400000|  0%| F|  |TAMS 0x0000000710200000| PB 0x0000000710200000| Untracked |  0
|  46|0x0000000710400000, 0x0000000710400000, 0x0000000710600000|  0%| F|  |TAMS 0x0000000710400000| PB 0x0000000710400000| Untracked |  0
|  47|0x0000000710600000, 0x0000000710600000, 0x0000000710800000|  0%| F|  |TAMS 0x0000000710600000| PB 0x0000000710600000| Untracked |  0
|  48|0x0000000710800000, 0x0000000710800000, 0x0000000710a00000|  0%| F|  |TAMS 0x0000000710800000| PB 0x0000000710800000| Untracked |  0
|  49|0x0000000710a00000, 0x0000000710a00000, 0x0000000710c00000|  0%| F|  |TAMS 0x0000000710a00000| PB 0x0000000710a00000| Untracked |  0
|  50|0x0000000710c00000, 0x0000000710c00000, 0x0000000710e00000|  0%| F|  |TAMS 0x0000000710c00000| PB 0x0000000710c00000| Untracked |  0
|  51|0x0000000710e00000, 0x0000000710e00000, 0x0000000711000000|  0%| F|  |TAMS 0x0000000710e00000| PB 0x0000000710e00000| Untracked |  0
|  52|0x0000000711000000, 0x0000000711000000, 0x0000000711200000|  0%| F|  |TAMS 0x0000000711000000| PB 0x0000000711000000| Untracked |  0
|  53|0x0000000711200000, 0x0000000711200000, 0x0000000711400000|  0%| F|  |TAMS 0x0000000711200000| PB 0x0000000711200000| Untracked |  0
|  54|0x0000000711400000, 0x0000000711400000, 0x0000000711600000|  0%| F|  |TAMS 0x0000000711400000| PB 0x0000000711400000| Untracked |  0
|  55|0x0000000711600000, 0x0000000711600000, 0x0000000711800000|  0%| F|  |TAMS 0x0000000711600000| PB 0x0000000711600000| Untracked |  0
|  56|0x0000000711800000, 0x0000000711800000, 0x0000000711a00000|  0%| F|  |TAMS 0x0000000711800000| PB 0x0000000711800000| Untracked |  0
|  57|0x0000000711a00000, 0x0000000711a00000, 0x0000000711c00000|  0%| F|  |TAMS 0x0000000711a00000| PB 0x0000000711a00000| Untracked |  0
|  58|0x0000000711c00000, 0x0000000711c00000, 0x0000000711e00000|  0%| F|  |TAMS 0x0000000711c00000| PB 0x0000000711c00000| Untracked |  0
|  59|0x0000000711e00000, 0x0000000711e00000, 0x0000000712000000|  0%| F|  |TAMS 0x0000000711e00000| PB 0x0000000711e00000| Untracked |  0
|  60|0x0000000712000000, 0x0000000712000000, 0x0000000712200000|  0%| F|  |TAMS 0x0000000712000000| PB 0x0000000712000000| Untracked |  0
|  61|0x0000000712200000, 0x0000000712200000, 0x0000000712400000|  0%| F|  |TAMS 0x0000000712200000| PB 0x0000000712200000| Untracked |  0
|  62|0x0000000712400000, 0x0000000712400000, 0x0000000712600000|  0%| F|  |TAMS 0x0000000712400000| PB 0x0000000712400000| Untracked |  0
|  63|0x0000000712600000, 0x0000000712600000, 0x0000000712800000|  0%| F|  |TAMS 0x0000000712600000| PB 0x0000000712600000| Untracked |  0
|  64|0x0000000712800000, 0x0000000712800000, 0x0000000712a00000|  0%| F|  |TAMS 0x0000000712800000| PB 0x0000000712800000| Untracked |  0
|  65|0x0000000712a00000, 0x0000000712a00000, 0x0000000712c00000|  0%| F|  |TAMS 0x0000000712a00000| PB 0x0000000712a00000| Untracked |  0
|  66|0x0000000712c00000, 0x0000000712c00000, 0x0000000712e00000|  0%| F|  |TAMS 0x0000000712c00000| PB 0x0000000712c00000| Untracked |  0
|  67|0x0000000712e00000, 0x0000000712e00000, 0x0000000713000000|  0%| F|  |TAMS 0x0000000712e00000| PB 0x0000000712e00000| Untracked |  0
|  68|0x0000000713000000, 0x0000000713000000, 0x0000000713200000|  0%| F|  |TAMS 0x0000000713000000| PB 0x0000000713000000| Untracked |  0
|  69|0x0000000713200000, 0x0000000713200000, 0x0000000713400000|  0%| F|  |TAMS 0x0000000713200000| PB 0x0000000713200000| Untracked |  0
|  70|0x0000000713400000, 0x0000000713400000, 0x0000000713600000|  0%| F|  |TAMS 0x0000000713400000| PB 0x0000000713400000| Untracked |  0
|  71|0x0000000713600000, 0x0000000713600000, 0x0000000713800000|  0%| F|  |TAMS 0x0000000713600000| PB 0x0000000713600000| Untracked |  0
|  72|0x0000000713800000, 0x0000000713800000, 0x0000000713a00000|  0%| F|  |TAMS 0x0000000713800000| PB 0x0000000713800000| Untracked |  0
|  73|0x0000000713a00000, 0x0000000713a00000, 0x0000000713c00000|  0%| F|  |TAMS 0x0000000713a00000| PB 0x0000000713a00000| Untracked |  0
|  74|0x0000000713c00000, 0x0000000713c00000, 0x0000000713e00000|  0%| F|  |TAMS 0x0000000713c00000| PB 0x0000000713c00000| Untracked |  0
|  75|0x0000000713e00000, 0x0000000713e00000, 0x0000000714000000|  0%| F|  |TAMS 0x0000000713e00000| PB 0x0000000713e00000| Untracked |  0
|  76|0x0000000714000000, 0x0000000714000000, 0x0000000714200000|  0%| F|  |TAMS 0x0000000714000000| PB 0x0000000714000000| Untracked |  0
|  77|0x0000000714200000, 0x0000000714200000, 0x0000000714400000|  0%| F|  |TAMS 0x0000000714200000| PB 0x0000000714200000| Untracked |  0
|  78|0x0000000714400000, 0x0000000714400000, 0x0000000714600000|  0%| F|  |TAMS 0x0000000714400000| PB 0x0000000714400000| Untracked |  0
|  79|0x0000000714600000, 0x0000000714600000, 0x0000000714800000|  0%| F|  |TAMS 0x0000000714600000| PB 0x0000000714600000| Untracked |  0
|  80|0x0000000714800000, 0x0000000714800000, 0x0000000714a00000|  0%| F|  |TAMS 0x0000000714800000| PB 0x0000000714800000| Untracked |  0
|  81|0x0000000714a00000, 0x0000000714a00000, 0x0000000714c00000|  0%| F|  |TAMS 0x0000000714a00000| PB 0x0000000714a00000| Untracked |  0
|  82|0x0000000714c00000, 0x0000000714c00000, 0x0000000714e00000|  0%| F|  |TAMS 0x0000000714c00000| PB 0x0000000714c00000| Untracked |  0
|  83|0x0000000714e00000, 0x0000000714e00000, 0x0000000715000000|  0%| F|  |TAMS 0x0000000714e00000| PB 0x0000000714e00000| Untracked |  0
|  84|0x0000000715000000, 0x0000000715000000, 0x0000000715200000|  0%| F|  |TAMS 0x0000000715000000| PB 0x0000000715000000| Untracked |  0
|  85|0x0000000715200000, 0x0000000715200000, 0x0000000715400000|  0%| F|  |TAMS 0x0000000715200000| PB 0x0000000715200000| Untracked |  0
|  86|0x0000000715400000, 0x0000000715400000, 0x0000000715600000|  0%| F|  |TAMS 0x0000000715400000| PB 0x0000000715400000| Untracked |  0
|  87|0x0000000715600000, 0x0000000715600000, 0x0000000715800000|  0%| F|  |TAMS 0x0000000715600000| PB 0x0000000715600000| Untracked |  0
|  88|0x0000000715800000, 0x0000000715800000, 0x0000000715a00000|  0%| F|  |TAMS 0x0000000715800000| PB 0x0000000715800000| Untracked |  0
|  89|0x0000000715a00000, 0x0000000715a00000, 0x0000000715c00000|  0%| F|  |TAMS 0x0000000715a00000| PB 0x0000000715a00000| Untracked |  0
|  90|0x0000000715c00000, 0x0000000715c00000, 0x0000000715e00000|  0%| F|  |TAMS 0x0000000715c00000| PB 0x0000000715c00000| Untracked |  0
|  91|0x0000000715e00000, 0x0000000715e00000, 0x0000000716000000|  0%| F|  |TAMS 0x0000000715e00000| PB 0x0000000715e00000| Untracked |  0
|  92|0x0000000716000000, 0x0000000716000000, 0x0000000716200000|  0%| F|  |TAMS 0x0000000716000000| PB 0x0000000716000000| Untracked |  0
|  93|0x0000000716200000, 0x0000000716200000, 0x0000000716400000|  0%| F|  |TAMS 0x0000000716200000| PB 0x0000000716200000| Untracked |  0
|  94|0x0000000716400000, 0x0000000716400000, 0x0000000716600000|  0%| F|  |TAMS 0x0000000716400000| PB 0x0000000716400000| Untracked |  0
|  95|0x0000000716600000, 0x0000000716600000, 0x0000000716800000|  0%| F|  |TAMS 0x0000000716600000| PB 0x0000000716600000| Untracked |  0
|  96|0x0000000716800000, 0x0000000716800000, 0x0000000716a00000|  0%| F|  |TAMS 0x0000000716800000| PB 0x0000000716800000| Untracked |  0
|  97|0x0000000716a00000, 0x0000000716a00000, 0x0000000716c00000|  0%| F|  |TAMS 0x0000000716a00000| PB 0x0000000716a00000| Untracked |  0
|  98|0x0000000716c00000, 0x0000000716c00000, 0x0000000716e00000|  0%| F|  |TAMS 0x0000000716c00000| PB 0x0000000716c00000| Untracked |  0
|  99|0x0000000716e00000, 0x0000000716e00000, 0x0000000717000000|  0%| F|  |TAMS 0x0000000716e00000| PB 0x0000000716e00000| Untracked |  0
| 100|0x0000000717000000, 0x0000000717000000, 0x0000000717200000|  0%| F|  |TAMS 0x0000000717000000| PB 0x0000000717000000| Untracked |  0
| 101|0x0000000717200000, 0x0000000717200000, 0x0000000717400000|  0%| F|  |TAMS 0x0000000717200000| PB 0x0000000717200000| Untracked |  0
| 102|0x0000000717400000, 0x0000000717400000, 0x0000000717600000|  0%| F|  |TAMS 0x0000000717400000| PB 0x0000000717400000| Untracked |  0
| 103|0x0000000717600000, 0x0000000717600000, 0x0000000717800000|  0%| F|  |TAMS 0x0000000717600000| PB 0x0000000717600000| Untracked |  0
| 104|0x0000000717800000, 0x0000000717800000, 0x0000000717a00000|  0%| F|  |TAMS 0x0000000717800000| PB 0x0000000717800000| Untracked |  0
| 105|0x0000000717a00000, 0x0000000717a00000, 0x0000000717c00000|  0%| F|  |TAMS 0x0000000717a00000| PB 0x0000000717a00000| Untracked |  0
| 106|0x0000000717c00000, 0x0000000717c00000, 0x0000000717e00000|  0%| F|  |TAMS 0x0000000717c00000| PB 0x0000000717c00000| Untracked |  0
| 107|0x0000000717e00000, 0x0000000717e00000, 0x0000000718000000|  0%| F|  |TAMS 0x0000000717e00000| PB 0x0000000717e00000| Untracked |  0
| 108|0x0000000718000000, 0x0000000718000000, 0x0000000718200000|  0%| F|  |TAMS 0x0000000718000000| PB 0x0000000718000000| Untracked |  0
| 109|0x0000000718200000, 0x0000000718200000, 0x0000000718400000|  0%| F|  |TAMS 0x0000000718200000| PB 0x0000000718200000| Untracked |  0
| 110|0x0000000718400000, 0x0000000718400000, 0x0000000718600000|  0%| F|  |TAMS 0x0000000718400000| PB 0x0000000718400000| Untracked |  0
| 111|0x0000000718600000, 0x0000000718600000, 0x0000000718800000|  0%| F|  |TAMS 0x0000000718600000| PB 0x0000000718600000| Untracked |  0
| 112|0x0000000718800000, 0x00000007189beac0, 0x0000000718a00000| 87%| S|CS|TAMS 0x0000000718800000| PB 0x0000000718800000| Complete |  0
| 113|0x0000000718a00000, 0x0000000718a187b0, 0x0000000718c00000|  4%| E|  |TAMS 0x0000000718a00000| PB 0x0000000718a00000| Complete |  0
| 114|0x0000000718c00000, 0x0000000718e00000, 0x0000000718e00000|100%| E|CS|TAMS 0x0000000718c00000| PB 0x0000000718c00000| Complete |  0
| 115|0x0000000718e00000, 0x0000000719000000, 0x0000000719000000|100%| E|CS|TAMS 0x0000000718e00000| PB 0x0000000718e00000| Complete |  0
| 116|0x0000000719000000, 0x0000000719200000, 0x0000000719200000|100%| E|CS|TAMS 0x0000000719000000| PB 0x0000000719000000| Complete |  0
| 117|0x0000000719200000, 0x0000000719400000, 0x0000000719400000|100%| E|CS|TAMS 0x0000000719200000| PB 0x0000000719200000| Complete |  0
| 118|0x0000000719400000, 0x0000000719600000, 0x0000000719600000|100%| E|CS|TAMS 0x0000000719400000| PB 0x0000000719400000| Complete |  0
| 119|0x0000000719600000, 0x0000000719800000, 0x0000000719800000|100%| E|CS|TAMS 0x0000000719600000| PB 0x0000000719600000| Complete |  0
| 120|0x0000000719800000, 0x0000000719a00000, 0x0000000719a00000|100%| E|CS|TAMS 0x0000000719800000| PB 0x0000000719800000| Complete |  0
| 121|0x0000000719a00000, 0x0000000719c00000, 0x0000000719c00000|100%| E|CS|TAMS 0x0000000719a00000| PB 0x0000000719a00000| Complete |  0
| 122|0x0000000719c00000, 0x0000000719e00000, 0x0000000719e00000|100%| E|CS|TAMS 0x0000000719c00000| PB 0x0000000719c00000| Complete |  0

Card table byte_map: [0x0000020274b60000,0x0000020275310000] _byte_map_base: 0x000002027130c000

Marking Bits: (CMBitMap*) 0x000002025c35bab0
 Bits: [0x0000020275310000, 0x0000020279070000)

Polling page: 0x0000020259e50000

Metaspace:

Usage:
  Non-class:     14.73 MB used.
      Class:      2.11 MB used.
       Both:     16.85 MB used.

Virtual space:
  Non-class space:       64.00 MB reserved,      14.94 MB ( 23%) committed,  1 nodes.
      Class space:        1.00 GB reserved,       2.25 MB ( <1%) committed,  1 nodes.
             Both:        1.06 GB reserved,      17.19 MB (  2%) committed. 

Chunk freelists:
   Non-Class:  944.00 KB
       Class:  13.59 MB
        Both:  14.52 MB

MaxMetaspaceSize: unlimited
CompressedClassSpaceSize: 1.00 GB
Initial GC threshold: 21.00 MB
Current GC threshold: 21.00 MB
CDS: on
 - commit_granule_bytes: 65536.
 - commit_granule_words: 8192.
 - virtual_space_node_default_size: 8388608.
 - enlarge_chunks_in_place: 1.
 - use_allocation_guard: 0.


Internal statistics:

num_allocs_failed_limit: 0.
num_arena_births: 354.
num_arena_deaths: 0.
num_vsnodes_births: 2.
num_vsnodes_deaths: 0.
num_space_committed: 275.
num_space_uncommitted: 0.
num_chunks_returned_to_freelist: 0.
num_chunks_taken_from_freelist: 894.
num_chunk_merges: 0.
num_chunk_splits: 591.
num_chunks_enlarged: 411.
num_inconsistent_stats: 0.

CodeHeap 'non-profiled nmethods': size=119232Kb used=716Kb max_used=716Kb free=118515Kb
 bounds [0x000002026c5b0000, 0x000002026c820000, 0x0000020273a20000]
CodeHeap 'profiled nmethods': size=119104Kb used=3564Kb max_used=3564Kb free=115539Kb
 bounds [0x0000020264a20000, 0x0000020264da0000, 0x000002026be70000]
CodeHeap 'non-nmethods': size=7424Kb used=3143Kb max_used=3151Kb free=4281Kb
 bounds [0x000002026be70000, 0x000002026c190000, 0x000002026c5b0000]
CodeCache: size=245760Kb, used=7423Kb, max_used=7431Kb, free=238335Kb
 total_blobs=3074, nmethods=2525, adapters=451, full_count=0
Compilation: enabled, stopped_count=0, restarted_count=0

Compilation events (20 events):
Event: 5.221 Thread 0x0000020245013550 nmethod 2466 0x0000020264d85b08 code [0x0000020264d85c40, 0x0000020264d85ea0]
Event: 5.221 Thread 0x0000020245013550 2468       3       java.lang.invoke.SimpleMethodHandle::copyWithExtendL (7 bytes)
Event: 5.221 Thread 0x00000202450142f0 nmethod 2467 0x0000020264d85f08 code [0x0000020264d86020, 0x0000020264d86148]
Event: 5.221 Thread 0x0000020245013550 nmethod 2468 0x0000020264d86208 code [0x0000020264d86340, 0x0000020264d864d8]
Event: 5.221 Thread 0x00000202450142f0 2469       3       java.lang.invoke.BoundMethodHandle::bindSingle (7 bytes)
Event: 5.221 Thread 0x00000202450142f0 nmethod 2469 0x0000020264d86508 code [0x0000020264d86620, 0x0000020264d86738]
Event: 5.222 Thread 0x0000020245013550 2470       3       java.lang.invoke.MethodHandleImpl$IntrinsicMethodHandle::<init> (25 bytes)
Event: 5.222 Thread 0x0000020245013550 nmethod 2470 0x0000020264d86808 code [0x0000020264d86960, 0x0000020264d86f88]
Event: 5.223 Thread 0x00000202450142f0 2471       3       java.lang.invoke.MethodHandle::setAsTypeCache (33 bytes)
Event: 5.223 Thread 0x0000020245013550 2472       3       org.springframework.core.annotation.AnnotationTypeMappings::get (14 bytes)
Event: 5.223 Thread 0x0000020245013550 nmethod 2472 0x0000020264d87008 code [0x0000020264d87140, 0x0000020264d873f0]
Event: 5.223 Thread 0x0000020245013550 2474       3       java.lang.Class::isAnnotation (17 bytes)
Event: 5.223 Thread 0x00000202450142f0 nmethod 2471 0x0000020264d87408 code [0x0000020264d87580, 0x0000020264d87b90]
Event: 5.223 Thread 0x00000202450142f0 2475       3       java.lang.ClassLoader::createOrGetClassLoaderValueMap (37 bytes)
Event: 5.223 Thread 0x0000020245013550 nmethod 2474 0x0000020264d87c08 code [0x0000020264d87d20, 0x0000020264d87eb0]
Event: 5.223 Thread 0x0000020245013550 2473       3       jdk.internal.loader.AbstractClassLoaderValue$Sub::equals (55 bytes)
Event: 5.224 Thread 0x00000202450142f0 nmethod 2475 0x0000020264d87f08 code [0x0000020264d88040, 0x0000020264d883a0]
Event: 5.224 Thread 0x00000202450142f0 2476       3       org.springframework.core.annotation.AnnotationTypeMappings::size (10 bytes)
Event: 5.224 Thread 0x0000020245013550 nmethod 2473 0x0000020264d88408 code [0x0000020264d88580, 0x0000020264d88c50]
Event: 5.224 Thread 0x00000202450142f0 nmethod 2476 0x0000020264d88c88 code [0x0000020264d88da0, 0x0000020264d88f80]

GC Heap History (4 events):
Event: 1.127 GC heap before
{Heap before GC invocations=0 (full 0):
 garbage-first heap   total reserved 4022272K, committed 251904K, used 22528K [0x000000070a800000, 0x0000000800000000)
  region size 2048K, 12 young (24576K), 0 survivors (0K)
 Metaspace       used 6233K, committed 6400K, reserved 1114112K
  class space    used 745K, committed 832K, reserved 1048576K
}
Event: 1.134 GC heap after
{Heap after GC invocations=1 (full 0):
 garbage-first heap   total reserved 4022272K, committed 251904K, used 7795K [0x000000070a800000, 0x0000000800000000)
  region size 2048K, 2 young (4096K), 2 survivors (4096K)
 Metaspace       used 6233K, committed 6400K, reserved 1114112K
  class space    used 745K, committed 832K, reserved 1048576K
}
Event: 1.820 GC heap before
{Heap before GC invocations=1 (full 0):
 garbage-first heap   total reserved 4022272K, committed 251904K, used 26227K [0x000000070a800000, 0x0000000800000000)
  region size 2048K, 12 young (24576K), 2 survivors (4096K)
 Metaspace       used 12610K, committed 12992K, reserved 1114112K
  class space    used 1575K, committed 1728K, reserved 1048576K
}
Event: 1.825 GC heap after
{Heap after GC invocations=2 (full 0):
 garbage-first heap   total reserved 4022272K, committed 251904K, used 9747K [0x000000070a800000, 0x0000000800000000)
  region size 2048K, 1 young (2048K), 1 survivors (2048K)
 Metaspace       used 12610K, committed 12992K, reserved 1114112K
  class space    used 1575K, committed 1728K, reserved 1048576K
}

Dll operation events (9 events):
Event: 0.015 Loaded shared library C:\Program Files\Java\jdk-23\bin\java.dll
Event: 0.052 Loaded shared library C:\Program Files\Java\jdk-23\bin\jsvml.dll
Event: 0.180 Loaded shared library C:\Program Files\Java\jdk-23\bin\zip.dll
Event: 0.185 Loaded shared library C:\Program Files\Java\jdk-23\bin\instrument.dll
Event: 0.192 Loaded shared library C:\Program Files\Java\jdk-23\bin\net.dll
Event: 0.195 Loaded shared library C:\Program Files\Java\jdk-23\bin\nio.dll
Event: 0.200 Loaded shared library C:\Program Files\Java\jdk-23\bin\zip.dll
Event: 0.376 Loaded shared library C:\Program Files\Java\jdk-23\bin\extnet.dll
Event: 0.436 Loaded shared library C:\Program Files\Java\jdk-23\bin\jimage.dll

Deoptimization events (20 events):
Event: 1.929 Thread 0x000002027c0e3c90 Uncommon trap: trap_request=0xffffff45 fr.pc=0x000002026c5c924c relative=0x000000000000048c
Event: 1.929 Thread 0x000002027c0e3c90 Uncommon trap: reason=unstable_if action=reinterpret pc=0x000002026c5c924c method=java.lang.StringLatin1.canEncode(C)Z @ 4 c2
Event: 1.929 Thread 0x000002027c0e3c90 DEOPT PACKING pc=0x000002026c5c924c sp=0x000000cc155fe0b0
Event: 1.929 Thread 0x000002027c0e3c90 DEOPT UNPACKING pc=0x000002026bec4402 sp=0x000000cc155fdfe0 mode 2
Event: 1.929 Thread 0x000002027c0e3c90 Uncommon trap: trap_request=0xffffff45 fr.pc=0x000002026c5cc720 relative=0x0000000000000460
Event: 1.929 Thread 0x000002027c0e3c90 Uncommon trap: reason=unstable_if action=reinterpret pc=0x000002026c5cc720 method=java.lang.AbstractStringBuilder.isLatin1()Z @ 10 c2
Event: 1.929 Thread 0x000002027c0e3c90 DEOPT PACKING pc=0x000002026c5cc720 sp=0x000000cc155fe0c0
Event: 1.929 Thread 0x000002027c0e3c90 DEOPT UNPACKING pc=0x000002026bec4402 sp=0x000000cc155fe050 mode 2
Event: 1.932 Thread 0x000002027c0e3c90 Uncommon trap: trap_request=0xffffff45 fr.pc=0x000002026c60eb54 relative=0x0000000000000054
Event: 1.932 Thread 0x000002027c0e3c90 Uncommon trap: reason=unstable_if action=reinterpret pc=0x000002026c60eb54 method=java.lang.CharacterData.of(I)Ljava/lang/CharacterData; @ 4 c2
Event: 1.932 Thread 0x000002027c0e3c90 DEOPT PACKING pc=0x000002026c60eb54 sp=0x000000cc155fdce0
Event: 1.932 Thread 0x000002027c0e3c90 DEOPT UNPACKING pc=0x000002026bec4402 sp=0x000000cc155fdc78 mode 2
Event: 2.012 Thread 0x000002025c2f5210 Uncommon trap: trap_request=0xffffff45 fr.pc=0x000002026c612898 relative=0x0000000000000b98
Event: 2.012 Thread 0x000002025c2f5210 Uncommon trap: reason=unstable_if action=reinterpret pc=0x000002026c612898 method=java.util.concurrent.ConcurrentHashMap.addCount(JI)V @ 34 c2
Event: 2.013 Thread 0x000002025c2f5210 DEOPT PACKING pc=0x000002026c612898 sp=0x000000cc138fd5b0
Event: 2.013 Thread 0x000002025c2f5210 DEOPT UNPACKING pc=0x000002026bec4402 sp=0x000000cc138fd470 mode 2
Event: 2.080 Thread 0x000002025c2f5210 Uncommon trap: trap_request=0xffffff45 fr.pc=0x000002026c645dd0 relative=0x0000000000000710
Event: 2.080 Thread 0x000002025c2f5210 Uncommon trap: reason=unstable_if action=reinterpret pc=0x000002026c645dd0 method=java.util.ArrayList.grow(I)[Ljava/lang/Object; @ 17 c2
Event: 2.080 Thread 0x000002025c2f5210 DEOPT PACKING pc=0x000002026c645dd0 sp=0x000000cc138fe980
Event: 2.080 Thread 0x000002025c2f5210 DEOPT UNPACKING pc=0x000002026bec4402 sp=0x000000cc138fe818 mode 2

Classes loaded (20 events):
Event: 5.183 Loading class com/sun/beans/TypeResolver
Event: 5.183 Loading class com/sun/beans/TypeResolver done
Event: 5.183 Loading class com/sun/beans/WeakCache
Event: 5.183 Loading class com/sun/beans/WeakCache done
Event: 5.184 Loading class com/sun/beans/WildcardTypeImpl
Event: 5.184 Loading class com/sun/beans/WildcardTypeImpl done
Event: 5.219 Loading class java/util/Collections$ReverseComparator
Event: 5.219 Loading class java/util/Collections$ReverseComparator done
Event: 5.219 Loading class java/util/Comparators$NaturalOrderComparator
Event: 5.219 Loading class java/util/Comparators$NaturalOrderComparator done
Event: 5.219 Loading class java/util/Collections$ReverseComparator2
Event: 5.219 Loading class java/util/Collections$ReverseComparator2 done
Event: 5.219 Loading class java/util/stream/SortedOps
Event: 5.219 Loading class java/util/stream/SortedOps done
Event: 5.219 Loading class java/util/stream/SortedOps$OfRef
Event: 5.220 Loading class java/util/stream/SortedOps$OfRef done
Event: 5.221 Loading class java/util/stream/SortedOps$RefSortingSink
Event: 5.221 Loading class java/util/stream/SortedOps$AbstractRefSortingSink
Event: 5.221 Loading class java/util/stream/SortedOps$AbstractRefSortingSink done
Event: 5.221 Loading class java/util/stream/SortedOps$RefSortingSink done

Classes unloaded (0 events):
No events

Classes redefined (0 events):
No events

Internal exceptions (20 events):
Event: 1.360 Thread 0x000002025c2f5210 Exception <a 'java/lang/NoSuchMethodError'{0x0000000719921778}: 'int java.lang.invoke.DirectMethodHandle$Holder.invokeStaticInit(java.lang.Object, long, long)'> (0x0000000719921778) 
thrown [s\open\src\hotspot\share\interpreter\linkResolver.cpp, line 796]
Event: 1.362 Thread 0x000002025c2f5210 Exception <a 'java/lang/NoSuchMethodError'{0x0000000719928220}: 'int java.lang.invoke.DirectMethodHandle$Holder.invokeStaticInit(java.lang.Object, float, float)'> (0x0000000719928220) 
thrown [s\open\src\hotspot\share\interpreter\linkResolver.cpp, line 796]
Event: 1.363 Thread 0x000002025c2f5210 Exception <a 'java/lang/NoSuchMethodError'{0x000000071992ecc0}: 'int java.lang.invoke.DirectMethodHandle$Holder.invokeStaticInit(java.lang.Object, double, double)'> (0x000000071992ecc0) 
thrown [s\open\src\hotspot\share\interpreter\linkResolver.cpp, line 796]
Event: 1.364 Thread 0x000002025c2f5210 Exception <a 'java/lang/NoSuchMethodError'{0x0000000719933230}: 'int java.lang.invoke.DirectMethodHandle$Holder.invokeStatic(java.lang.Object, long)'> (0x0000000719933230) 
thrown [s\open\src\hotspot\share\interpreter\linkResolver.cpp, line 796]
Event: 1.371 Thread 0x000002025c2f5210 Exception <a 'java/lang/NoSuchMethodError'{0x0000000719955650}: 'int java.lang.invoke.Invokers$Holder.linkToTargetMethod(java.lang.Object, java.lang.Object)'> (0x0000000719955650) 
thrown [s\open\src\hotspot\share\interpreter\linkResolver.cpp, line 796]
Event: 1.400 Thread 0x000002025c2f5210 Exception <a 'java/lang/NoSuchMethodError'{0x00000007199dea68}: 'java.lang.Object java.lang.invoke.DirectMethodHandle$Holder.invokeSpecial(java.lang.Object, java.lang.Object, java.lang.Object, int, java.lang.Object)'> (0x00000007199dea68) 
thrown [s\open\src\hotspot\share\interpreter\linkResolver.cpp, line 796]
Event: 1.402 Thread 0x000002025c2f5210 Exception <a 'java/lang/NoSuchMethodError'{0x00000007199e6570}: 'java.lang.Object java.lang.invoke.DirectMethodHandle$Holder.newInvokeSpecial(java.lang.Object, java.lang.Object, java.lang.Object, int, java.lang.Object)'> (0x00000007199e6570) 
thrown [s\open\src\hotspot\share\interpreter\linkResolver.cpp, line 796]
Event: 1.403 Thread 0x000002025c2f5210 Exception <a 'java/lang/NoSuchMethodError'{0x00000007199edb48}: 'java.lang.Object java.lang.invoke.Invokers$Holder.linkToTargetMethod(java.lang.Object, java.lang.Object, int, java.lang.Object, java.lang.Object)'> (0x00000007199edb48) 
thrown [s\open\src\hotspot\share\interpreter\linkResolver.cpp, line 796]
Event: 1.404 Thread 0x000002025c2f5210 Exception <a 'java/lang/NoSuchMethodError'{0x00000007199f56e8}: 'int java.lang.invoke.DirectMethodHandle$Holder.invokeStatic(java.lang.Object, int, java.lang.Object, java.lang.Object)'> (0x00000007199f56e8) 
thrown [s\open\src\hotspot\share\interpreter\linkResolver.cpp, line 796]
Event: 1.405 Thread 0x000002025c2f5210 Exception <a 'java/lang/NoSuchMethodError'{0x00000007199fc8b0}: 'java.lang.Object java.lang.invoke.DirectMethodHandle$Holder.newInvokeSpecial(java.lang.Object, int, java.lang.Object)'> (0x00000007199fc8b0) 
thrown [s\open\src\hotspot\share\interpreter\linkResolver.cpp, line 796]
Event: 1.406 Thread 0x000002025c2f5210 Exception <a 'java/lang/NoSuchMethodError'{0x0000000719601680}: 'int java.lang.invoke.DirectMethodHandle$Holder.invokeSpecialIFC(java.lang.Object, java.lang.Object, java.lang.Object, java.lang.Object)'> (0x0000000719601680) 
thrown [s\open\src\hotspot\share\interpreter\linkResolver.cpp, line 796]
Event: 1.442 Thread 0x000002025c2f5210 Exception <a 'java/lang/NoSuchMethodError'{0x00000007196ac640}: 'void java.lang.invoke.DirectMethodHandle$Holder.invokeInterface(java.lang.Object, java.lang.Object, java.lang.Object)'> (0x00000007196ac640) 
thrown [s\open\src\hotspot\share\interpreter\linkResolver.cpp, line 796]
Event: 1.472 Thread 0x000002025c2f5210 Exception <a 'java/lang/NoSuchMethodError'{0x000000071972d3d8}: 'void java.lang.invoke.DirectMethodHandle$Holder.invokeStaticInit(java.lang.Object, java.lang.Object, java.lang.Object)'> (0x000000071972d3d8) 
thrown [s\open\src\hotspot\share\interpreter\linkResolver.cpp, line 796]
Event: 1.483 Thread 0x000002025c2f5210 Exception <a 'java/lang/NoSuchMethodError'{0x000000071977b930}: 'java.lang.Object java.lang.invoke.DirectMethodHandle$Holder.invokeVirtual(java.lang.Object, java.lang.Object, java.lang.Object)'> (0x000000071977b930) 
thrown [s\open\src\hotspot\share\interpreter\linkResolver.cpp, line 796]
Event: 1.517 Thread 0x000002025c2f5210 Exception <a 'java/lang/NoSuchMethodError'{0x000000071944ad60}: 'void java.lang.invoke.DirectMethodHandle$Holder.invokeVirtual(java.lang.Object, java.lang.Object, java.lang.Object, java.lang.Object)'> (0x000000071944ad60) 
thrown [s\open\src\hotspot\share\interpreter\linkResolver.cpp, line 796]
Event: 1.644 Thread 0x000002027c0e3c90 Exception <a 'java/lang/NoClassDefFoundError'{0x00000007192d8898}: jakarta/validation/Validation> (0x00000007192d8898) 
thrown [s\open\src\hotspot\share\classfile\systemDictionary.cpp, line 302]
Event: 1.649 Thread 0x000002025c2f5210 Exception <a 'java/lang/NoSuchMethodError'{0x000000071929a1d8}: 'java.lang.reflect.Field[] java.lang.Class.getDeclaredFields(java.lang.Class)'> (0x000000071929a1d8) 
thrown [s\open\src\hotspot\share\interpreter\linkResolver.cpp, line 796]
Event: 1.650 Thread 0x000002025c2f5210 Exception <a 'java/lang/NoSuchMethodError'{0x000000071929ebe8}: 'java.lang.Object java.lang.invoke.DirectMethodHandle$Holder.invokeStatic(java.lang.Object, java.lang.Object, int)'> (0x000000071929ebe8) 
thrown [s\open\src\hotspot\share\interpreter\linkResolver.cpp, line 796]
Event: 1.652 Thread 0x000002025c2f5210 Exception <a 'java/lang/NoSuchMethodError'{0x00000007192a9b18}: 'void java.lang.invoke.DelegatingMethodHandle$Holder.delegate(java.lang.Object, java.lang.Object, int, java.lang.Object)'> (0x00000007192a9b18) 
thrown [s\open\src\hotspot\share\interpreter\linkResolver.cpp, line 796]
Event: 1.669 Thread 0x000002025c2f5210 Exception <a 'java/lang/IncompatibleClassChangeError'{0x0000000719394020}: Found class java.lang.Object, but interface was expected> (0x0000000719394020) 
thrown [s\open\src\hotspot\share\interpreter\linkResolver.cpp, line 863]

VM Operations (20 events):
Event: 0.977 Executing VM operation: HandshakeAllThreads (Deoptimize)
Event: 0.977 Executing VM operation: HandshakeAllThreads (Deoptimize) done
Event: 1.127 Executing VM operation: G1CollectForAllocation (G1 Evacuation Pause)
Event: 1.134 Executing VM operation: G1CollectForAllocation (G1 Evacuation Pause) done
Event: 1.624 Executing VM operation: HandshakeAllThreads (Deoptimize)
Event: 1.624 Executing VM operation: HandshakeAllThreads (Deoptimize) done
Event: 1.628 Executing VM operation: HandshakeAllThreads (Deoptimize)
Event: 1.628 Executing VM operation: HandshakeAllThreads (Deoptimize) done
Event: 1.628 Executing VM operation: HandshakeAllThreads (Deoptimize)
Event: 1.628 Executing VM operation: HandshakeAllThreads (Deoptimize) done
Event: 1.650 Executing VM operation: HandshakeAllThreads (Deoptimize)
Event: 1.650 Executing VM operation: HandshakeAllThreads (Deoptimize) done
Event: 1.820 Executing VM operation: G1CollectForAllocation (G1 Evacuation Pause)
Event: 1.825 Executing VM operation: G1CollectForAllocation (G1 Evacuation Pause) done
Event: 1.933 Executing VM operation: HandshakeAllThreads (Deoptimize)
Event: 1.933 Executing VM operation: HandshakeAllThreads (Deoptimize) done
Event: 2.085 Executing VM operation: HandshakeAllThreads (Deoptimize)
Event: 2.085 Executing VM operation: HandshakeAllThreads (Deoptimize) done
Event: 5.202 Executing VM operation: HandshakeAllThreads (Deoptimize)
Event: 5.202 Executing VM operation: HandshakeAllThreads (Deoptimize) done

Memory protections (0 events):
No events

Nmethod flushes (0 events):
No events

Events (20 events):
Event: 0.050 Thread 0x000002025c2f5210 Thread added: 0x000002027c0ddc20
Event: 0.050 Thread 0x000002025c2f5210 Thread added: 0x000002027c0dfd60
Event: 0.050 Thread 0x000002025c2f5210 Thread added: 0x000002027c0e28e0
Event: 0.051 Thread 0x000002025c2f5210 Thread added: 0x000002027c0ef690
Event: 0.051 Thread 0x000002025c2f5210 Thread added: 0x0000020245013550
Event: 0.149 Thread 0x000002025c2f5210 Thread added: 0x000002027c0e2250
Event: 0.160 Thread 0x0000020245013550 Thread added: 0x00000202450142f0
Event: 0.161 Thread 0x0000020245013550 Thread added: 0x0000020245015090
Event: 0.248 Thread 0x00000202450142f0 Thread added: 0x00000202450149c0
Event: 0.248 Thread 0x00000202450142f0 Thread added: 0x0000020245015760
Event: 0.366 Thread 0x000002025c2f5210 Thread added: 0x000002027c0e0ea0
Event: 0.366 Thread 0x000002025c2f5210 Thread added: 0x000002027c0e1bc0
Event: 0.548 Thread 0x00000202450142f0 Thread added: 0x00000202450120e0
Event: 0.765 Thread 0x0000020245015760 Thread exited: 0x0000020245015760
Event: 0.765 Thread 0x00000202450149c0 Thread exited: 0x00000202450149c0
Event: 1.519 Thread 0x0000020245013550 Thread added: 0x0000020245012e80
Event: 1.519 Thread 0x00000202450120e0 Thread added: 0x0000020245013c20
Event: 1.638 Thread 0x000002025c2f5210 Thread added: 0x000002027c0e3c90
Event: 5.136 Thread 0x00000202450120e0 Thread exited: 0x00000202450120e0
Event: 5.137 Thread 0x0000020245015090 Thread exited: 0x0000020245015090


Dynamic libraries:
0x00007ff65bb80000 - 0x00007ff65bb90000 	C:\Program Files\Java\jdk-23\bin\java.exe
0x00007ffaad560000 - 0x00007ffaad7c9000 	C:\WINDOWS\SYSTEM32\ntdll.dll
0x00007ffaaca20000 - 0x00007ffaacae9000 	C:\WINDOWS\System32\KERNEL32.DLL
0x00007ffaaaf30000 - 0x00007ffaab323000 	C:\WINDOWS\System32\KERNELBASE.dll
0x00007ffaaade0000 - 0x00007ffaaaf2b000 	C:\WINDOWS\System32\ucrtbase.dll
0x00007ffaa5c30000 - 0x00007ffaa5c47000 	C:\Program Files\Java\jdk-23\bin\jli.dll
0x00007ffaa5b70000 - 0x00007ffaa5b8b000 	C:\Program Files\Java\jdk-23\bin\VCRUNTIME140.dll
0x00007ffaac2a0000 - 0x00007ffaac464000 	C:\WINDOWS\System32\USER32.dll
0x00007ffaaa6f0000 - 0x00007ffaaa717000 	C:\WINDOWS\System32\win32u.dll
0x00007ffa991d0000 - 0x00007ffa99463000 	C:\WINDOWS\WinSxS\amd64_microsoft.windows.common-controls_6595b64144ccf1df_6.0.26100.5074_none_3e0d6f78e32fd63f\COMCTL32.dll
0x00007ffaacf80000 - 0x00007ffaacfab000 	C:\WINDOWS\System32\GDI32.dll
0x00007ffaaa9c0000 - 0x00007ffaaaaed000 	C:\WINDOWS\System32\gdi32full.dll
0x00007ffaacca0000 - 0x00007ffaacd49000 	C:\WINDOWS\System32\msvcrt.dll
0x00007ffaaa880000 - 0x00007ffaaa923000 	C:\WINDOWS\System32\msvcp_win.dll
0x00007ffaac160000 - 0x00007ffaac18f000 	C:\WINDOWS\System32\IMM32.DLL
0x00007ffaa0ae0000 - 0x00007ffaa0aec000 	C:\Program Files\Java\jdk-23\bin\vcruntime140_1.dll
0x00007ffa7dca0000 - 0x00007ffa7dd2e000 	C:\Program Files\Java\jdk-23\bin\msvcp140.dll
0x00007ffa09750000 - 0x00007ffa0a49f000 	C:\Program Files\Java\jdk-23\bin\server\jvm.dll
0x00007ffaacbe0000 - 0x00007ffaacc94000 	C:\WINDOWS\System32\ADVAPI32.dll
0x00007ffaab730000 - 0x00007ffaab7d6000 	C:\WINDOWS\System32\sechost.dll
0x00007ffaac470000 - 0x00007ffaac588000 	C:\WINDOWS\System32\RPCRT4.dll
0x00007ffaacb60000 - 0x00007ffaacbd4000 	C:\WINDOWS\System32\WS2_32.dll
0x00007ffaaa550000 - 0x00007ffaaa5ae000 	C:\WINDOWS\SYSTEM32\POWRPROF.dll
0x00007ffaa33b0000 - 0x00007ffaa33e5000 	C:\WINDOWS\SYSTEM32\WINMM.dll
0x00007ffaa33f0000 - 0x00007ffaa33fb000 	C:\WINDOWS\SYSTEM32\VERSION.dll
0x00007ffaaa530000 - 0x00007ffaaa544000 	C:\WINDOWS\SYSTEM32\UMPDC.dll
0x00007ffaa94d0000 - 0x00007ffaa94eb000 	C:\WINDOWS\SYSTEM32\kernel.appcore.dll
0x00007ffaa0ad0000 - 0x00007ffaa0ada000 	C:\Program Files\Java\jdk-23\bin\jimage.dll
0x00007ffa9dd60000 - 0x00007ffa9dfa2000 	C:\WINDOWS\SYSTEM32\DBGHELP.DLL
0x00007ffaad1a0000 - 0x00007ffaad51b000 	C:\WINDOWS\System32\combase.dll
0x00007ffaad030000 - 0x00007ffaad107000 	C:\WINDOWS\System32\OLEAUT32.dll
0x00007ffa96cc0000 - 0x00007ffa96cfd000 	C:\WINDOWS\SYSTEM32\dbgcore.DLL
0x00007ffaaa7e0000 - 0x00007ffaaa879000 	C:\WINDOWS\System32\bcryptPrimitives.dll
0x00007ffaa0310000 - 0x00007ffaa031f000 	C:\Program Files\Java\jdk-23\bin\instrument.dll
0x00007ffaa0320000 - 0x00007ffaa033e000 	C:\Program Files\Java\jdk-23\bin\java.dll
0x00007ffaacd50000 - 0x00007ffaacee8000 	C:\WINDOWS\System32\ole32.dll
0x00007ffaab7f0000 - 0x00007ffaabf3d000 	C:\WINDOWS\System32\SHELL32.dll
0x00007ffaaac70000 - 0x00007ffaaaddc000 	C:\WINDOWS\System32\wintypes.dll
0x00007ffaa8350000 - 0x00007ffaa8ba9000 	C:\WINDOWS\SYSTEM32\windows.storage.dll
0x00007ffaac1a0000 - 0x00007ffaac290000 	C:\WINDOWS\System32\SHCORE.dll
0x00007ffaacaf0000 - 0x00007ffaacb52000 	C:\WINDOWS\System32\shlwapi.dll
0x00007ffaaa610000 - 0x00007ffaaa639000 	C:\WINDOWS\SYSTEM32\profapi.dll
0x00007ffa5e450000 - 0x00007ffa5e527000 	C:\Program Files\Java\jdk-23\bin\jsvml.dll
0x00007ffa89320000 - 0x00007ffa89337000 	C:\Program Files\Java\jdk-23\bin\zip.dll
0x00007ffaa0300000 - 0x00007ffaa0310000 	C:\Program Files\Java\jdk-23\bin\net.dll
0x00007ffaa9a50000 - 0x00007ffaa9abb000 	C:\WINDOWS\system32\mswsock.dll
0x00007ffa8ea10000 - 0x00007ffa8ea26000 	C:\Program Files\Java\jdk-23\bin\nio.dll
0x00007ffa8ea00000 - 0x00007ffa8ea09000 	C:\Program Files\Java\jdk-23\bin\extnet.dll

dbghelp: loaded successfully - version: 4.0.5 - missing functions: none
symbol engine: initialized successfully - sym options: 0x614 - pdb path: .;C:\Program Files\Java\jdk-23\bin;C:\WINDOWS\SYSTEM32;C:\WINDOWS\WinSxS\amd64_microsoft.windows.common-controls_6595b64144ccf1df_6.0.26100.5074_none_3e0d6f78e32fd63f;C:\Program Files\Java\jdk-23\bin\server

VM Arguments:
jvm_args: -javaagent:C:\Program Files\JetBrains\IntelliJ IDEA 2025.2.1\lib\idea_rt.jar=7641 -Dfile.encoding=UTF-8 -Dsun.stdout.encoding=UTF-8 -Dsun.stderr.encoding=UTF-8 
java_command: com.example.demo.DemoApplication
java_class_path (initial): C:\Users\USER\Downloads\demo\demo\target\classes;C:\Users\USER\.m2\repository\org\springframework\boot\spring-boot-starter-data-jpa\3.5.5\spring-boot-starter-data-jpa-3.5.5.jar;C:\Users\USER\.m2\repository\org\springframework\boot\spring-boot-starter\3.5.5\spring-boot-starter-3.5.5.jar;C:\Users\USER\.m2\repository\org\springframework\boot\spring-boot\3.5.5\spring-boot-3.5.5.jar;C:\Users\USER\.m2\repository\org\springframework\boot\spring-boot-autoconfigure\3.5.5\spring-boot-autoconfigure-3.5.5.jar;C:\Users\USER\.m2\repository\org\springframework\boot\spring-boot-starter-logging\3.5.5\spring-boot-starter-logging-3.5.5.jar;C:\Users\USER\.m2\repository\ch\qos\logback\logback-classic\1.5.18\logback-classic-1.5.18.jar;C:\Users\USER\.m2\repository\ch\qos\logback\logback-core\1.5.18\logback-core-1.5.18.jar;C:\Users\USER\.m2\repository\org\apache\logging\log4j\log4j-to-slf4j\2.24.3\log4j-to-slf4j-2.24.3.jar;C:\Users\USER\.m2\repository\org\apache\logging\log4j\log4j-api\2.24.3\log4j-api-2.24.3.jar;C:\Users\USER\.m2\repository\org\slf4j\jul-to-slf4j\2.0.17\jul-to-slf4j-2.0.17.jar;C:\Users\USER\.m2\repository\jakarta\annotation\jakarta.annotation-api\2.1.1\jakarta.annotation-api-2.1.1.jar;C:\Users\USER\.m2\repository\org\yaml\snakeyaml\2.4\snakeyaml-2.4.jar;C:\Users\USER\.m2\repository\org\springframework\boot\spring-boot-starter-jdbc\3.5.5\spring-boot-starter-jdbc-3.5.5.jar;C:\Users\USER\.m2\repository\com\zaxxer\HikariCP\6.3.2\HikariCP-6.3.2.jar;C:\Users\USER\.m2\repository\org\springframework\spring-jdbc\6.2.10\spring-jdbc-6.2.10.jar;C:\Users\USER\.m2\repository\org\hibernate\orm\hibernate-core\6.6.26.Final\hibernate-core-6.6.26.Final.jar;C:\Users\USER\.m2\repository\jakarta\persistence\jakarta.persistence-api\3.1.0\jakarta.persistence-api-3.1.0.jar;C:\Users\USER\.m2\repository\jakarta\transaction\jakarta.transaction-api\2.0.1\jakarta.transaction-api-2.0.1.jar;C:\Users\USER\.m2\repository\org\jboss\logging\jboss-logging\3.6.1.Final\jboss-logging-3.6.1.Final.jar;C:\Users\USER\.m2\repository\org\hibernate\common\hibernate-commons-annotations\7.0.3.Final\hibernate-commons-annotations-7.0.3.Final.jar;C:\Users\USER\.m2\repository\io\smallrye\jandex\3.2.0\jandex-3.2.0.jar;C:\Users\USER\.m2\repository\com\fasterxml\classmate\1.7.0\classmate-1.7.0.jar;C:\Users\USER\.m2\repository\net\bytebuddy\byte-buddy\1.17.7\byte-buddy-1.17.7.jar;C:\Users\USER\.m2\repository\org\glassfish\jaxb\jaxb-runtime\4.0.5\jaxb-runtime-4.0.5.jar;C:\Users\USER\.m2\repository\org\glassfish\jaxb\jaxb-core\4.0.5\jaxb-core-4.0.5.jar;C:\Users\USER\.m2\repository\org\eclipse\angus\angus-activation\2.0.2\angus-activation-2.0.2.jar;C:\Users\USER\.m2\repository\org\glassfish\jaxb\txw2\4.0.5\txw2-4.0.5.jar;C:\Users\USER\.m2\repository\com\sun\istack\istack-commons-runtime\4.1.2\istack-commons-runtime-4.1.2.jar;C:\Users\USER\.m2\repository\jakarta\inject\jakarta.inject-api\2.0.1\jakarta.inject-api-2.0.1.jar;C:\Users\USER\.m2\repository\org\antlr\antlr4-runtime\4.13.0\antlr4-runtime-4.13.0.jar;C:\Users\USER\.m2\repository\org\springframework\data\spring-data-jpa\3.5.3\spring-data-jpa-3.5.3.jar;C:\Users\USER\.m2\repository\org\springframework\data\spring-data-commons\3.5.3\spring-data-commons-3.5.3.jar;C:\Users\USER\.m2\repository\org\springframework\spring-orm\6.2.10\spring-orm-6.2.10.jar;C:\Users\USER\.m2\repository\org\springframework\spring-context\6.2.10\spring-context-6.2.10.jar;C:\Users\USER\.m2\repository\org\springframework\spring-aop\6.2.10\spring-aop-6.2.10.jar;C:\Users\USER\.m2\repository\org\springframework\spring-tx\6.2.10\spring-tx-6.2.10.jar;C:\Users\USER\.m2\repository\org\springframework\spring-beans\6.2.10\spring-beans-6.2.10.jar;C:\Users\USER\.m2\repository\org\slf4j\slf4j-api\2.0.17\slf4j-api-2.0.17.jar;C:\Users\USER\.m2\repository\org\springframework\spring-aspects\6.2.10\spring-aspects-6.2.10.jar;C:\Users\USER\.m2\repository\org\aspectj\aspectjweaver\1.9.24\aspectjweaver-1.9.24.jar;C:\Users\USER\.m2\repository\org\springframework\boot\spring-boot-starter-web\3.5.5\spring-boot-starter-web-3.5.5.jar;C:\Users\USER\.m2\repository\org\springframework\boot\spring-boot-starter-json\3.5.5\spring-boot-starter-json-3.5.5.jar;C:\Users\USER\.m2\repository\com\fasterxml\jackson\core\jackson-databind\2.19.2\jackson-databind-2.19.2.jar;C:\Users\USER\.m2\repository\com\fasterxml\jackson\core\jackson-annotations\2.19.2\jackson-annotations-2.19.2.jar;C:\Users\USER\.m2\repository\com\fasterxml\jackson\core\jackson-core\2.19.2\jackson-core-2.19.2.jar;C:\Users\USER\.m2\repository\com\fasterxml\jackson\datatype\jackson-datatype-jdk8\2.19.2\jackson-datatype-jdk8-2.19.2.jar;C:\Users\USER\.m2\repository\com\fasterxml\jackson\datatype\jackson-datatype-jsr310\2.19.2\jackson-datatype-jsr310-2.19.2.jar;C:\Users\USER\.m2\repository\com\fasterxml\jackson\module\jackson-module-parameter-names\2.19.2\jackson-module-parameter-names-2.19.2.jar;C:\Users\USER\.m2\repository\org\springframework\boot\spring-boot-starter-tomcat\3.5.5\spring-boot-starter-tomcat-3.5.5.jar;C:\Users\USER\.m2\repository\org\apache\tomcat\embed\tomcat-embed-core\10.1.44\tomcat-embed-core-10.1.44.jar;C:\Users\USER\.m2\repository\org\apache\tomcat\embed\tomcat-embed-el\10.1.44\tomcat-embed-el-10.1.44.jar;C:\Users\USER\.m2\repository\org\apache\tomcat\embed\tomcat-embed-websocket\10.1.44\tomcat-embed-websocket-10.1.44.jar;C:\Users\USER\.m2\repository\org\springframework\spring-web\6.2.10\spring-web-6.2.10.jar;C:\Users\USER\.m2\repository\io\micrometer\micrometer-observation\1.15.3\micrometer-observation-1.15.3.jar;C:\Users\USER\.m2\repository\io\micrometer\micrometer-commons\1.15.3\micrometer-commons-1.15.3.jar;C:\Users\USER\.m2\repository\org\springframework\spring-webmvc\6.2.10\spring-webmvc-6.2.10.jar;C:\Users\USER\.m2\repository\org\springframework\spring-expression\6.2.10\spring-expression-6.2.10.jar;C:\Users\USER\.m2\repository\com\mysql\mysql-connector-j\9.4.0\mysql-connector-j-9.4.0.jar;C:\Users\USER\.m2\repository\org\projectlombok\lombok\1.18.32\lombok-1.18.32.jar;C:\Users\USER\.m2\repository\jakarta\xml\bind\jakarta.xml.bind-api\4.0.2\jakarta.xml.bind-api-4.0.2.jar;C:\Users\USER\.m2\repository\jakarta\activation\jakarta.activation-api\2.1.3\jakarta.activation-api-2.1.3.jar;C:\Users\USER\.m2\repository\org\springframework\spring-core\6.2.10\spring-core-6.2.10.jar;C:\Users\USER\.m2\repository\org\springframework\spring-jcl\6.2.10\spring-jcl-6.2.10.jar;C:\Users\USER\.m2\repository\org\modelmapper\modelmapper\3.1.1\modelmapper-3.1.1.jar
Launcher Type: SUN_STANDARD

[Global flags]
     intx CICompilerCount                          = 12                                        {product} {ergonomic}
     uint ConcGCThreads                            = 3                                         {product} {ergonomic}
     uint G1ConcRefinementThreads                  = 13                                        {product} {ergonomic}
   size_t G1HeapRegionSize                         = 2097152                                   {product} {ergonomic}
   size_t InitialHeapSize                          = 257949696                                 {product} {ergonomic}
   size_t MarkStackSize                            = 4194304                                   {product} {ergonomic}
   size_t MarkStackSizeMax                         = 536870912                                 {product} {ergonomic}
   size_t MaxHeapSize                              = 4118806528                                {product} {ergonomic}
   size_t MaxNewSize                               = 2470445056                                {product} {ergonomic}
   size_t MinHeapDeltaBytes                        = 2097152                                   {product} {ergonomic}
   size_t MinHeapSize                              = 8388608                                   {product} {ergonomic}
    uintx NonNMethodCodeHeapSize                   = 7602176                                {pd product} {ergonomic}
    uintx NonProfiledCodeHeapSize                  = 122093568                              {pd product} {ergonomic}
    uintx ProfiledCodeHeapSize                     = 121962496                              {pd product} {ergonomic}
    uintx ReservedCodeCacheSize                    = 251658240                              {pd product} {ergonomic}
     bool SegmentedCodeCache                       = true                                      {product} {ergonomic}
   size_t SoftMaxHeapSize                          = 4118806528                             {manageable} {ergonomic}
     bool UseCompressedOops                        = true                           {product lp64_product} {ergonomic}
     bool UseG1GC                                  = true                                      {product} {ergonomic}
     bool UseLargePagesIndividualAllocation        = false                                  {pd product} {ergonomic}

Logging:
Log output configuration:
 #0: stdout all=warning uptime,level,tags foldmultilines=false
 #1: stderr all=off uptime,level,tags foldmultilines=false

Environment Variables:
JAVA_HOME=C:\Program Files\Java\jdk-23
PATH=C:\Program Files\Common Files\Oracle\Java\javapath;C:\Program Files\OpenLogic\jdk-11.0.24.8-hotspot\bin;C:\WINDOWS\system32;C:\WINDOWS;C:\WINDOWS\System32\Wbem;C:\WINDOWS\System32\WindowsPowerShell\v1.0\;C:\WINDOWS\System32\OpenSSH\;C:\Program Files\nodejs;C:\Program Files\Git\cmd;D:\dev\flutter\bin;C:\Users\USER\Downloads\poppler-24.07.0\Library\bin;C:\Program Files\Java\jdk-23\bin;C:\Program Files (x86)\Windows Kits\10\Windows Performance Toolkit\;C:\Users\USER\AppData\Local\Android\Sdk\platform-tools;C:\Users\USER\AppData\Local\Programs\Python\Python311;C:\Users\USER\AppData\Local\Programs\Python\Python311\Scripts;C:\Program Files\Microsoft SQL Server\150\Tools\Binn\;C:\Program Files\Microsoft SQL Server\Client SDK\ODBC\170\Tools\Binn\;C:\Program Files\dotnet\;C:\Program Files\MySQL\MySQL Server 8.0\bin;C:\Program Files\MySQL\MySQL Shell 8.0\bin\;C:\Users\USER\AppData\Local\Microsoft\WindowsApps;C:\Users\USER\AppData\Roaming\npm;C:\Program Files\nodejs;C:\Program Files\OpenLogic\jdk-11.0.24.8-hotspot\bin;D:\dev\flutter\bin;C:\Users\USER\AppData\Local\GitHubDesktop\bin;C:\Users\USER\Downloads\poppler-24.07.0\Library\bin;C:\Users\USER\AppData\Local\Programs\Microsoft VS Code\bin;C:\Users\USER\AppData\Local\Programs\PyCharm 2025.2\bin;C:\Users\USER\AppData\Local\Programs\Python\Python311;C:\Users\USER\AppData\Local\Programs\Python\Python311\Scripts;C:\Users\USER\.dotnet\tools;
USERNAME=USER
OS=Windows_NT
PROCESSOR_IDENTIFIER=AMD64 Family 23 Model 104 Stepping 1, AuthenticAMD
TMP=C:\Users\USER\AppData\Local\Temp
TEMP=C:\Users\USER\AppData\Local\Temp




Periodic native trim disabled

---------------  S Y S T E M  ---------------

OS:
 Windows 11 , 64 bit Build 26100 (10.0.26100.5074)
OS uptime: 0 days 8:42 hours
Hyper-V role detected

CPU: total 16 (initial active 16) (16 cores per cpu, 2 threads per core) family 23 model 104 stepping 1 microcode 0x8608104, cx8, cmov, fxsr, ht, mmx, 3dnowpref, sse, sse2, sse3, ssse3, sse4a, sse4.1, sse4.2, popcnt, lzcnt, tsc, tscinvbit, avx, avx2, aes, clmul, bmi1, bmi2, adx, sha, fma, vzeroupper, clflush, clflushopt, hv, rdtscp, rdpid, f16c
Processor Information for the first 16 processors :
  Max Mhz: 1801, Current Mhz: 1801, Mhz Limit: 1801

Memory: 4k page, system-wide physical 15706M (3536M free)
TotalPageFile size 19802M (AvailPageFile size 9M)
current process WorkingSet (physical memory assigned to process): 130M, peak: 130M
current process commit charge ("private bytes"): 393M, peak: 393M

vm_info: Java HotSpot(TM) 64-Bit Server VM (23+37-2369) for windows-amd64 JRE (23+37-2369), built on 2024-08-20T16:01:23Z with MS VC++ 17.6 (VS2022)

END.
