#
# There is insufficient memory for the Java Runtime Environment to continue.
# Native memory allocation (mmap) failed to map 65536 bytes. Error detail: Failed to commit metaspace.
# Possible reasons:
#   The system is out of physical RAM or swap space
#   This process is running with CompressedOops enabled, and the Java Heap may be blocking the growth of the native heap
# Possible solutions:
#   Reduce memory load on the system
#   Increase physical memory or swap space
#   Check if swap backing store is full
#   Decrease Java heap size (-Xmx/-Xms)
#   Decrease number of Java threads
#   Decrease Java thread stack sizes (-Xss)
#   Set larger code cache with -XX:ReservedCodeCacheSize=
#   JVM is running with Zero Based Compressed Oops mode in which the Java heap is
#     placed in the first 32GB address space. The Java Heap base address is the
#     maximum limit for the native heap growth. Please use -XX:HeapBaseMinAddress
#     to set the Java Heap base and to place the Java Heap above 32GB virtual address.
# This output file may be truncated or incomplete.
#
#  Out of Memory Error (virtualSpaceNode.cpp:113), pid=13644, tid=24884
#
# JRE version: Java(TM) SE Runtime Environment (23.0+37) (build 23+37-2369)
# Java VM: Java HotSpot(TM) 64-Bit Server VM (23+37-2369, mixed mode, sharing, tiered, compressed oops, compressed class ptrs, g1 gc, windows-amd64)
# No core dump will be written. Minidumps are not enabled by default on client versions of Windows
#

---------------  S U M M A R Y ------------

Command Line: -javaagent:C:\Program Files\JetBrains\IntelliJ IDEA 2025.2.1\lib\idea_rt.jar=12296 -Dfile.encoding=UTF-8 -Dsun.stdout.encoding=UTF-8 -Dsun.stderr.encoding=UTF-8 com.example.demo.DemoApplication

Host: AMD Ryzen 7 5700U with Radeon Graphics         , 16 cores, 15G,  Windows 11 , 64 bit Build 26100 (10.0.26100.5074)
Time: Tue Sep 16 22:02:25 2025 Sri Lanka Standard Time elapsed time: 4.474674 seconds (0d 0h 0m 4s)

---------------  T H R E A D  ---------------

Current thread (0x0000016f9f1be8b0):  JavaThread "Monitor Ctrl-Break" daemon [_thread_in_vm, id=24884, stack(0x0000004509100000,0x0000004509200000) (1024K)]

Stack: [0x0000004509100000,0x0000004509200000]
Native frames: (J=compiled Java code, j=interpreted, Vv=VM code, C=native code)
V  [jvm.dll+0x6e08a9]  (no source info available)
V  [jvm.dll+0x87da63]  (no source info available)
V  [jvm.dll+0x87feee]  (no source info available)
V  [jvm.dll+0x8805c3]  (no source info available)
V  [jvm.dll+0x27aee6]  (no source info available)
V  [jvm.dll+0x87966e]  (no source info available)
V  [jvm.dll+0x682025]  (no source info available)
V  [jvm.dll+0x68208a]  (no source info available)
V  [jvm.dll+0x6848ca]  (no source info available)
V  [jvm.dll+0x2219dc]  (no source info available)
V  [jvm.dll+0x682a3e]  (no source info available)
V  [jvm.dll+0x26509f]  (no source info available)
V  [jvm.dll+0x68cdd4]  (no source info available)
V  [jvm.dll+0x211fe1]  (no source info available)
V  [jvm.dll+0x21244a]  (no source info available)
V  [jvm.dll+0x212e71]  (no source info available)
V  [jvm.dll+0x20811e]  (no source info available)
V  [jvm.dll+0x5be6df]  (no source info available)
V  [jvm.dll+0x219b2b]  (no source info available)
V  [jvm.dll+0x7f30c0]  (no source info available)
V  [jvm.dll+0x7f4166]  (no source info available)
V  [jvm.dll+0x7f4774]  (no source info available)
V  [jvm.dll+0x7f43f8]  (no source info available)
V  [jvm.dll+0x2689cb]  (no source info available)
V  [jvm.dll+0x268bf6]  (no source info available)
V  [jvm.dll+0x5e1ea7]  (no source info available)
V  [jvm.dll+0x5e4f56]  (no source info available)
V  [jvm.dll+0x3d5bcd]  (no source info available)
V  [jvm.dll+0x3d51cd]  (no source info available)
C  0x0000016f48cf9dbc  (no source info available)

The last pc belongs to invokestatic (printed below).
Java frames: (J=compiled Java code, j=interpreted, Vv=VM code)
j  java.net.Socket.createImpl()Ljava/net/SocketImpl;+16 java.base@23
j  java.net.Socket.<init>(Ljava/net/SocketAddress;Ljava/net/SocketAddress;Z)V+20 java.base@23
j  java.net.Socket.<init>(Ljava/lang/String;I)V+34 java.base@23
j  com.intellij.rt.execution.application.AppMainV2$1.run()V+10
v  ~StubRoutines::call_stub 0x0000016f48ce0fcd
Lock stack of current Java thread (top to bottom):

invokestatic  184 invokestatic  [0x0000016f48cf9d20, 0x0000016f48cfa000]  736 bytes
[MachCode]
  0x0000016f48cf9d20: 4883 ec08 | c5fa 1104 | 24eb 1f48 | 83ec 10c5 | fb11 0424 | eb14 4883 | ec10 4889 | 0424 48c7 
  0x0000016f48cf9d40: 4424 0800 | 0000 00eb | 0150 488b | 4dd0 410f | b755 0148 | 8b49 306b | d218 488d | 4c11 080f 
  0x0000016f48cf9d60: b659 1681 | fbb8 0000 | 000f 84bd | 0000 00bb | b800 0000 | e805 0000 | 00e9 9900 | 0000 488b 
  0x0000016f48cf9d80: d348 8d44 | 2408 4c89 | 6dc0 498b | cfc5 f877 | 4989 afb0 | 0300 0049 | 8987 a003 | 0000 4883 
  0x0000016f48cf9da0: ec20 40f6 | c40f 0f84 | 1900 0000 | 4883 ec08 | 48b8 6051 | b209 fa7f | 0000 ffd0 | 4883 c408 
  0x0000016f48cf9dc0: e90c 0000 | 0048 b860 | 51b2 09fa | 7f00 00ff | d048 83c4 | 2049 c787 | a003 0000 | 0000 0000 
  0x0000016f48cf9de0: 49c7 87b0 | 0300 0000 | 0000 0049 | c787 a803 | 0000 0000 | 0000 c5f8 | 7749 837f | 0800 0f84 
  0x0000016f48cf9e00: 0500 0000 | e9b7 70fe | ff4c 8b6d | c04c 8b75 | c84e 8d74 | f500 c348 | 8b4d d041 | 0fb7 5501 
  0x0000016f48cf9e20: 488b 4930 | 6bd2 1848 | 8d4c 1108 | 488b 1948 | 8b5b 0848 | 8b5b 0848 | 8b5b 1880 | bb31 0100 
  0x0000016f48cf9e40: 0004 0f84 | 0d00 0000 | 4c3b bb38 | 0100 000f | 851a ffff | ff0f b651 | 1548 8b19 | 4c89 6dc0 
  0x0000016f48cf9e60: 448b ea0f | b651 1449 | ba60 353d | 0afa 7f00 | 0049 8b14 | d252 418b | d54c 8b6d | c048 8b45 
  0x0000016f48cf9e80: d848 85c0 | 0f84 1200 | 0000 4883 | 4008 0148 | 8358 0800 | 4883 c010 | 4889 45d8 | 488b 45d8 
  0x0000016f48cf9ea0: 4885 c00f | 843d 0100 | 0080 78f0 | 0a0f 8533 | 0100 0048 | 83c0 084c | 8b68 f841 | 83ed 0041 
  0x0000016f48cf9ec0: 83fd 020f | 8c12 0100 | 004c 8b6b | 0845 0fb7 | 6d2e 4c2b | 2841 83ed | 014e 8b6c | ec08 4d85 
  0x0000016f48cf9ee0: ed75 0ef6 | 4008 0175 | 58f0 4883 | 4808 01eb | 5045 8b6d | 0849 ba00 | 0000 5a6f | 0100 004d 
  0x0000016f48cf9f00: 03ea 4d8b | d54c 3368 | 0849 f7c5 | fcff ffff | 742f 41f6 | c502 7529 | 4883 7808 | 0074 1e48 
  0x0000016f48cf9f20: 8378 0801 | 7417 4d8b | ea4c 3368 | 0849 f7c5 | fcff ffff | 740b 4883 | 4808 02eb | 044c 8968 
  0x0000016f48cf9f40: 0848 83c0 | 104c 8b68 | e841 83ed | 0241 83fd | 020f 8c84 | 0000 004c | 8b6b 0845 | 0fb7 6d2e 
  0x0000016f48cf9f60: 4c2b 2841 | 83ed 014e | 8b6c ec08 | 4d85 ed75 | 0ef6 4008 | 0175 58f0 | 4883 4808 | 01eb 5045 
  0x0000016f48cf9f80: 8b6d 0849 | ba00 0000 | 5a6f 0100 | 004d 03ea | 4d8b d54c | 3368 0849 | f7c5 fcff | ffff 742f 
  0x0000016f48cf9fa0: 41f6 c502 | 7529 4883 | 7808 0074 | 1e48 8378 | 0801 7417 | 4d8b ea4c | 3368 0849 | f7c5 fcff 
  0x0000016f48cf9fc0: ffff 740b | 4883 4808 | 02eb 044c | 8968 0848 | 83c0 104c | 8b68 d841 | 83ed 0441 | c1e5 0349 
  0x0000016f48cf9fe0: 03c5 4889 | 45d8 4c8d | 6c24 0849 | 8bcd 482b | cd48 c1f9 | 0348 894d | f0ff 6350 | 0f1f 4000 
[/MachCode]

---------------  P R O C E S S  ---------------

Threads class SMR info:
_java_thread_list=0x0000016f59871780, length=12, elements={
0x0000016f379d4850, 0x0000016f595a2720, 0x0000016f595a7190, 0x0000016f595aba20,
0x0000016f595aec90, 0x0000016f595b2290, 0x0000016f595b3470, 0x0000016f595b4d90,
0x0000016f595c3860, 0x0000016f59735110, 0x0000016f9f1be8b0, 0x0000016f9f1c02f0
}

Java Threads: ( => current thread )
  0x0000016f379d4850 JavaThread "main"                              [_thread_in_vm, id=26544, stack(0x0000004507f00000,0x0000004508000000) (1024K)]
  0x0000016f595a2720 JavaThread "Reference Handler"          daemon [_thread_blocked, id=12568, stack(0x0000004508700000,0x0000004508800000) (1024K)]
  0x0000016f595a7190 JavaThread "Finalizer"                  daemon [_thread_blocked, id=11508, stack(0x0000004508800000,0x0000004508900000) (1024K)]
  0x0000016f595aba20 JavaThread "Signal Dispatcher"          daemon [_thread_blocked, id=9292, stack(0x0000004508900000,0x0000004508a00000) (1024K)]
  0x0000016f595aec90 JavaThread "Attach Listener"            daemon [_thread_blocked, id=11968, stack(0x0000004508a00000,0x0000004508b00000) (1024K)]
  0x0000016f595b2290 JavaThread "Service Thread"             daemon [_thread_blocked, id=16540, stack(0x0000004508b00000,0x0000004508c00000) (1024K)]
  0x0000016f595b3470 JavaThread "Monitor Deflation Thread"   daemon [_thread_blocked, id=24140, stack(0x0000004508c00000,0x0000004508d00000) (1024K)]
  0x0000016f595b4d90 JavaThread "C2 CompilerThread0"         daemon [_thread_blocked, id=20776, stack(0x0000004508d00000,0x0000004508e00000) (1024K)]
  0x0000016f595c3860 JavaThread "C1 CompilerThread0"         daemon [_thread_blocked, id=6404, stack(0x0000004508e00000,0x0000004508f00000) (1024K)]
  0x0000016f59735110 JavaThread "Common-Cleaner"             daemon [_thread_blocked, id=25348, stack(0x0000004509000000,0x0000004509100000) (1024K)]
=>0x0000016f9f1be8b0 JavaThread "Monitor Ctrl-Break"         daemon [_thread_in_vm, id=24884, stack(0x0000004509100000,0x0000004509200000) (1024K)]
  0x0000016f9f1c02f0 JavaThread "Notification Thread"        daemon [_thread_blocked, id=16216, stack(0x0000004509200000,0x0000004509300000) (1024K)]
Total: 12

Other Threads:
  0x0000016f5958d260 VMThread "VM Thread"                           [id=23096, stack(0x0000004508600000,0x0000004508700000) (1024K)]
  0x0000016f595728c0 WatcherThread "VM Periodic Task Thread"        [id=24280, stack(0x0000004508500000,0x0000004508600000) (1024K)]
  0x0000016f37a3a990 WorkerThread "GC Thread#0"                     [id=16364, stack(0x0000004508000000,0x0000004508100000) (1024K)]
  0x0000016f37a50ff0 ConcurrentGCThread "G1 Main Marker"            [id=23532, stack(0x0000004508100000,0x0000004508200000) (1024K)]
  0x0000016f37a522a0 WorkerThread "G1 Conc#0"                       [id=13404, stack(0x0000004508200000,0x0000004508300000) (1024K)]
  0x0000016f5943fb10 ConcurrentGCThread "G1 Refine#0"               [id=16636, stack(0x0000004508300000,0x0000004508400000) (1024K)]
  0x0000016f594405a0 ConcurrentGCThread "G1 Service"                [id=15268, stack(0x0000004508400000,0x0000004508500000) (1024K)]
Total: 7

Threads with active compile tasks:
Total: 0

VM state: not at safepoint (normal execution)

VM Mutex/Monitor currently owned by a thread:  ([mutex/lock_event])
[0x00007ffa0a3c1890] Metaspace_lock - owner thread: 0x0000016f9f1be8b0

Heap address: 0x000000070a800000, size: 3928 MB, Compressed Oops mode: Zero based, Oop shift amount: 3

CDS archive(s) mapped at: [0x0000016f5a000000-0x0000016f5ad70000-0x0000016f5ad70000), size 14090240, SharedBaseAddress: 0x0000016f5a000000, ArchiveRelocationMode: 1.
Compressed class space mapped at: 0x0000016f5b000000-0x0000016f9b000000, reserved size: 1073741824
Narrow klass base: 0x0000016f5a000000, Narrow klass shift: 0, Narrow klass range: 0x41000000

GC Precious Log:
 CardTable entry size: 512
 Card Set container configuration: InlinePtr #cards 4 size 8 Array Of Cards #cards 16 size 48 Howl #buckets 8 coarsen threshold 3686 Howl Bitmap #cards 512 size 80 coarsen threshold 460 Card regions per heap region 1 cards per card region 4096
 CPUs: 16 total, 16 available
 Memory: 15706M
 Large Page Support: Disabled
 NUMA Support: Disabled
 Compressed Oops: Enabled (Zero based)
 Heap Region Size: 2M
 Heap Min Capacity: 8M
 Heap Initial Capacity: 246M
 Heap Max Capacity: 3928M
 Pre-touch: Disabled
 Parallel Workers: 13
 Concurrent Workers: 3
 Concurrent Refinement Workers: 13
 Periodic GC: Disabled

Heap:
 garbage-first heap   total reserved 4022272K, committed 251904K, used 6144K [0x000000070a800000, 0x0000000800000000)
  region size 2048K, 5 young (10240K), 0 survivors (0K)
 Metaspace       used 561K, committed 704K, reserved 1114112K
  class space    used 28K, committed 128K, reserved 1048576K

Heap Regions: E=young(eden), S=young(survivor), O=old, HS=humongous(starts), HC=humongous(continues), CS=collection set, F=free, TAMS=top-at-mark-start, PB=parsable bottom
|   0|0x000000070a800000, 0x000000070a800000, 0x000000070aa00000|  0%| F|  |TAMS 0x000000070a800000| PB 0x000000070a800000| Untracked |  0
|   1|0x000000070aa00000, 0x000000070aa00000, 0x000000070ac00000|  0%| F|  |TAMS 0x000000070aa00000| PB 0x000000070aa00000| Untracked |  0
|   2|0x000000070ac00000, 0x000000070ac00000, 0x000000070ae00000|  0%| F|  |TAMS 0x000000070ac00000| PB 0x000000070ac00000| Untracked |  0
|   3|0x000000070ae00000, 0x000000070ae00000, 0x000000070b000000|  0%| F|  |TAMS 0x000000070ae00000| PB 0x000000070ae00000| Untracked |  0
|   4|0x000000070b000000, 0x000000070b000000, 0x000000070b200000|  0%| F|  |TAMS 0x000000070b000000| PB 0x000000070b000000| Untracked |  0
|   5|0x000000070b200000, 0x000000070b200000, 0x000000070b400000|  0%| F|  |TAMS 0x000000070b200000| PB 0x000000070b200000| Untracked |  0
|   6|0x000000070b400000, 0x000000070b400000, 0x000000070b600000|  0%| F|  |TAMS 0x000000070b400000| PB 0x000000070b400000| Untracked |  0
|   7|0x000000070b600000, 0x000000070b600000, 0x000000070b800000|  0%| F|  |TAMS 0x000000070b600000| PB 0x000000070b600000| Untracked |  0
|   8|0x000000070b800000, 0x000000070b800000, 0x000000070ba00000|  0%| F|  |TAMS 0x000000070b800000| PB 0x000000070b800000| Untracked |  0
|   9|0x000000070ba00000, 0x000000070ba00000, 0x000000070bc00000|  0%| F|  |TAMS 0x000000070ba00000| PB 0x000000070ba00000| Untracked |  0
|  10|0x000000070bc00000, 0x000000070bc00000, 0x000000070be00000|  0%| F|  |TAMS 0x000000070bc00000| PB 0x000000070bc00000| Untracked |  0
|  11|0x000000070be00000, 0x000000070be00000, 0x000000070c000000|  0%| F|  |TAMS 0x000000070be00000| PB 0x000000070be00000| Untracked |  0
|  12|0x000000070c000000, 0x000000070c000000, 0x000000070c200000|  0%| F|  |TAMS 0x000000070c000000| PB 0x000000070c000000| Untracked |  0
|  13|0x000000070c200000, 0x000000070c200000, 0x000000070c400000|  0%| F|  |TAMS 0x000000070c200000| PB 0x000000070c200000| Untracked |  0
|  14|0x000000070c400000, 0x000000070c400000, 0x000000070c600000|  0%| F|  |TAMS 0x000000070c400000| PB 0x000000070c400000| Untracked |  0
|  15|0x000000070c600000, 0x000000070c600000, 0x000000070c800000|  0%| F|  |TAMS 0x000000070c600000| PB 0x000000070c600000| Untracked |  0
|  16|0x000000070c800000, 0x000000070c800000, 0x000000070ca00000|  0%| F|  |TAMS 0x000000070c800000| PB 0x000000070c800000| Untracked |  0
|  17|0x000000070ca00000, 0x000000070ca00000, 0x000000070cc00000|  0%| F|  |TAMS 0x000000070ca00000| PB 0x000000070ca00000| Untracked |  0
|  18|0x000000070cc00000, 0x000000070cc00000, 0x000000070ce00000|  0%| F|  |TAMS 0x000000070cc00000| PB 0x000000070cc00000| Untracked |  0
|  19|0x000000070ce00000, 0x000000070ce00000, 0x000000070d000000|  0%| F|  |TAMS 0x000000070ce00000| PB 0x000000070ce00000| Untracked |  0
|  20|0x000000070d000000, 0x000000070d000000, 0x000000070d200000|  0%| F|  |TAMS 0x000000070d000000| PB 0x000000070d000000| Untracked |  0
|  21|0x000000070d200000, 0x000000070d200000, 0x000000070d400000|  0%| F|  |TAMS 0x000000070d200000| PB 0x000000070d200000| Untracked |  0
|  22|0x000000070d400000, 0x000000070d400000, 0x000000070d600000|  0%| F|  |TAMS 0x000000070d400000| PB 0x000000070d400000| Untracked |  0
|  23|0x000000070d600000, 0x000000070d600000, 0x000000070d800000|  0%| F|  |TAMS 0x000000070d600000| PB 0x000000070d600000| Untracked |  0
|  24|0x000000070d800000, 0x000000070d800000, 0x000000070da00000|  0%| F|  |TAMS 0x000000070d800000| PB 0x000000070d800000| Untracked |  0
|  25|0x000000070da00000, 0x000000070da00000, 0x000000070dc00000|  0%| F|  |TAMS 0x000000070da00000| PB 0x000000070da00000| Untracked |  0
|  26|0x000000070dc00000, 0x000000070dc00000, 0x000000070de00000|  0%| F|  |TAMS 0x000000070dc00000| PB 0x000000070dc00000| Untracked |  0
|  27|0x000000070de00000, 0x000000070de00000, 0x000000070e000000|  0%| F|  |TAMS 0x000000070de00000| PB 0x000000070de00000| Untracked |  0
|  28|0x000000070e000000, 0x000000070e000000, 0x000000070e200000|  0%| F|  |TAMS 0x000000070e000000| PB 0x000000070e000000| Untracked |  0
|  29|0x000000070e200000, 0x000000070e200000, 0x000000070e400000|  0%| F|  |TAMS 0x000000070e200000| PB 0x000000070e200000| Untracked |  0
|  30|0x000000070e400000, 0x000000070e400000, 0x000000070e600000|  0%| F|  |TAMS 0x000000070e400000| PB 0x000000070e400000| Untracked |  0
|  31|0x000000070e600000, 0x000000070e600000, 0x000000070e800000|  0%| F|  |TAMS 0x000000070e600000| PB 0x000000070e600000| Untracked |  0
|  32|0x000000070e800000, 0x000000070e800000, 0x000000070ea00000|  0%| F|  |TAMS 0x000000070e800000| PB 0x000000070e800000| Untracked |  0
|  33|0x000000070ea00000, 0x000000070ea00000, 0x000000070ec00000|  0%| F|  |TAMS 0x000000070ea00000| PB 0x000000070ea00000| Untracked |  0
|  34|0x000000070ec00000, 0x000000070ec00000, 0x000000070ee00000|  0%| F|  |TAMS 0x000000070ec00000| PB 0x000000070ec00000| Untracked |  0
|  35|0x000000070ee00000, 0x000000070ee00000, 0x000000070f000000|  0%| F|  |TAMS 0x000000070ee00000| PB 0x000000070ee00000| Untracked |  0
|  36|0x000000070f000000, 0x000000070f000000, 0x000000070f200000|  0%| F|  |TAMS 0x000000070f000000| PB 0x000000070f000000| Untracked |  0
|  37|0x000000070f200000, 0x000000070f200000, 0x000000070f400000|  0%| F|  |TAMS 0x000000070f200000| PB 0x000000070f200000| Untracked |  0
|  38|0x000000070f400000, 0x000000070f400000, 0x000000070f600000|  0%| F|  |TAMS 0x000000070f400000| PB 0x000000070f400000| Untracked |  0
|  39|0x000000070f600000, 0x000000070f600000, 0x000000070f800000|  0%| F|  |TAMS 0x000000070f600000| PB 0x000000070f600000| Untracked |  0
|  40|0x000000070f800000, 0x000000070f800000, 0x000000070fa00000|  0%| F|  |TAMS 0x000000070f800000| PB 0x000000070f800000| Untracked |  0
|  41|0x000000070fa00000, 0x000000070fa00000, 0x000000070fc00000|  0%| F|  |TAMS 0x000000070fa00000| PB 0x000000070fa00000| Untracked |  0
|  42|0x000000070fc00000, 0x000000070fc00000, 0x000000070fe00000|  0%| F|  |TAMS 0x000000070fc00000| PB 0x000000070fc00000| Untracked |  0
|  43|0x000000070fe00000, 0x000000070fe00000, 0x0000000710000000|  0%| F|  |TAMS 0x000000070fe00000| PB 0x000000070fe00000| Untracked |  0
|  44|0x0000000710000000, 0x0000000710000000, 0x0000000710200000|  0%| F|  |TAMS 0x0000000710000000| PB 0x0000000710000000| Untracked |  0
|  45|0x0000000710200000, 0x0000000710200000, 0x0000000710400000|  0%| F|  |TAMS 0x0000000710200000| PB 0x0000000710200000| Untracked |  0
|  46|0x0000000710400000, 0x0000000710400000, 0x0000000710600000|  0%| F|  |TAMS 0x0000000710400000| PB 0x0000000710400000| Untracked |  0
|  47|0x0000000710600000, 0x0000000710600000, 0x0000000710800000|  0%| F|  |TAMS 0x0000000710600000| PB 0x0000000710600000| Untracked |  0
|  48|0x0000000710800000, 0x0000000710800000, 0x0000000710a00000|  0%| F|  |TAMS 0x0000000710800000| PB 0x0000000710800000| Untracked |  0
|  49|0x0000000710a00000, 0x0000000710a00000, 0x0000000710c00000|  0%| F|  |TAMS 0x0000000710a00000| PB 0x0000000710a00000| Untracked |  0
|  50|0x0000000710c00000, 0x0000000710c00000, 0x0000000710e00000|  0%| F|  |TAMS 0x0000000710c00000| PB 0x0000000710c00000| Untracked |  0
|  51|0x0000000710e00000, 0x0000000710e00000, 0x0000000711000000|  0%| F|  |TAMS 0x0000000710e00000| PB 0x0000000710e00000| Untracked |  0
|  52|0x0000000711000000, 0x0000000711000000, 0x0000000711200000|  0%| F|  |TAMS 0x0000000711000000| PB 0x0000000711000000| Untracked |  0
|  53|0x0000000711200000, 0x0000000711200000, 0x0000000711400000|  0%| F|  |TAMS 0x0000000711200000| PB 0x0000000711200000| Untracked |  0
|  54|0x0000000711400000, 0x0000000711400000, 0x0000000711600000|  0%| F|  |TAMS 0x0000000711400000| PB 0x0000000711400000| Untracked |  0
|  55|0x0000000711600000, 0x0000000711600000, 0x0000000711800000|  0%| F|  |TAMS 0x0000000711600000| PB 0x0000000711600000| Untracked |  0
|  56|0x0000000711800000, 0x0000000711800000, 0x0000000711a00000|  0%| F|  |TAMS 0x0000000711800000| PB 0x0000000711800000| Untracked |  0
|  57|0x0000000711a00000, 0x0000000711a00000, 0x0000000711c00000|  0%| F|  |TAMS 0x0000000711a00000| PB 0x0000000711a00000| Untracked |  0
|  58|0x0000000711c00000, 0x0000000711c00000, 0x0000000711e00000|  0%| F|  |TAMS 0x0000000711c00000| PB 0x0000000711c00000| Untracked |  0
|  59|0x0000000711e00000, 0x0000000711e00000, 0x0000000712000000|  0%| F|  |TAMS 0x0000000711e00000| PB 0x0000000711e00000| Untracked |  0
|  60|0x0000000712000000, 0x0000000712000000, 0x0000000712200000|  0%| F|  |TAMS 0x0000000712000000| PB 0x0000000712000000| Untracked |  0
|  61|0x0000000712200000, 0x0000000712200000, 0x0000000712400000|  0%| F|  |TAMS 0x0000000712200000| PB 0x0000000712200000| Untracked |  0
|  62|0x0000000712400000, 0x0000000712400000, 0x0000000712600000|  0%| F|  |TAMS 0x0000000712400000| PB 0x0000000712400000| Untracked |  0
|  63|0x0000000712600000, 0x0000000712600000, 0x0000000712800000|  0%| F|  |TAMS 0x0000000712600000| PB 0x0000000712600000| Untracked |  0
|  64|0x0000000712800000, 0x0000000712800000, 0x0000000712a00000|  0%| F|  |TAMS 0x0000000712800000| PB 0x0000000712800000| Untracked |  0
|  65|0x0000000712a00000, 0x0000000712a00000, 0x0000000712c00000|  0%| F|  |TAMS 0x0000000712a00000| PB 0x0000000712a00000| Untracked |  0
|  66|0x0000000712c00000, 0x0000000712c00000, 0x0000000712e00000|  0%| F|  |TAMS 0x0000000712c00000| PB 0x0000000712c00000| Untracked |  0
|  67|0x0000000712e00000, 0x0000000712e00000, 0x0000000713000000|  0%| F|  |TAMS 0x0000000712e00000| PB 0x0000000712e00000| Untracked |  0
|  68|0x0000000713000000, 0x0000000713000000, 0x0000000713200000|  0%| F|  |TAMS 0x0000000713000000| PB 0x0000000713000000| Untracked |  0
|  69|0x0000000713200000, 0x0000000713200000, 0x0000000713400000|  0%| F|  |TAMS 0x0000000713200000| PB 0x0000000713200000| Untracked |  0
|  70|0x0000000713400000, 0x0000000713400000, 0x0000000713600000|  0%| F|  |TAMS 0x0000000713400000| PB 0x0000000713400000| Untracked |  0
|  71|0x0000000713600000, 0x0000000713600000, 0x0000000713800000|  0%| F|  |TAMS 0x0000000713600000| PB 0x0000000713600000| Untracked |  0
|  72|0x0000000713800000, 0x0000000713800000, 0x0000000713a00000|  0%| F|  |TAMS 0x0000000713800000| PB 0x0000000713800000| Untracked |  0
|  73|0x0000000713a00000, 0x0000000713a00000, 0x0000000713c00000|  0%| F|  |TAMS 0x0000000713a00000| PB 0x0000000713a00000| Untracked |  0
|  74|0x0000000713c00000, 0x0000000713c00000, 0x0000000713e00000|  0%| F|  |TAMS 0x0000000713c00000| PB 0x0000000713c00000| Untracked |  0
|  75|0x0000000713e00000, 0x0000000713e00000, 0x0000000714000000|  0%| F|  |TAMS 0x0000000713e00000| PB 0x0000000713e00000| Untracked |  0
|  76|0x0000000714000000, 0x0000000714000000, 0x0000000714200000|  0%| F|  |TAMS 0x0000000714000000| PB 0x0000000714000000| Untracked |  0
|  77|0x0000000714200000, 0x0000000714200000, 0x0000000714400000|  0%| F|  |TAMS 0x0000000714200000| PB 0x0000000714200000| Untracked |  0
|  78|0x0000000714400000, 0x0000000714400000, 0x0000000714600000|  0%| F|  |TAMS 0x0000000714400000| PB 0x0000000714400000| Untracked |  0
|  79|0x0000000714600000, 0x0000000714600000, 0x0000000714800000|  0%| F|  |TAMS 0x0000000714600000| PB 0x0000000714600000| Untracked |  0
|  80|0x0000000714800000, 0x0000000714800000, 0x0000000714a00000|  0%| F|  |TAMS 0x0000000714800000| PB 0x0000000714800000| Untracked |  0
|  81|0x0000000714a00000, 0x0000000714a00000, 0x0000000714c00000|  0%| F|  |TAMS 0x0000000714a00000| PB 0x0000000714a00000| Untracked |  0
|  82|0x0000000714c00000, 0x0000000714c00000, 0x0000000714e00000|  0%| F|  |TAMS 0x0000000714c00000| PB 0x0000000714c00000| Untracked |  0
|  83|0x0000000714e00000, 0x0000000714e00000, 0x0000000715000000|  0%| F|  |TAMS 0x0000000714e00000| PB 0x0000000714e00000| Untracked |  0
|  84|0x0000000715000000, 0x0000000715000000, 0x0000000715200000|  0%| F|  |TAMS 0x0000000715000000| PB 0x0000000715000000| Untracked |  0
|  85|0x0000000715200000, 0x0000000715200000, 0x0000000715400000|  0%| F|  |TAMS 0x0000000715200000| PB 0x0000000715200000| Untracked |  0
|  86|0x0000000715400000, 0x0000000715400000, 0x0000000715600000|  0%| F|  |TAMS 0x0000000715400000| PB 0x0000000715400000| Untracked |  0
|  87|0x0000000715600000, 0x0000000715600000, 0x0000000715800000|  0%| F|  |TAMS 0x0000000715600000| PB 0x0000000715600000| Untracked |  0
|  88|0x0000000715800000, 0x0000000715800000, 0x0000000715a00000|  0%| F|  |TAMS 0x0000000715800000| PB 0x0000000715800000| Untracked |  0
|  89|0x0000000715a00000, 0x0000000715a00000, 0x0000000715c00000|  0%| F|  |TAMS 0x0000000715a00000| PB 0x0000000715a00000| Untracked |  0
|  90|0x0000000715c00000, 0x0000000715c00000, 0x0000000715e00000|  0%| F|  |TAMS 0x0000000715c00000| PB 0x0000000715c00000| Untracked |  0
|  91|0x0000000715e00000, 0x0000000715e00000, 0x0000000716000000|  0%| F|  |TAMS 0x0000000715e00000| PB 0x0000000715e00000| Untracked |  0
|  92|0x0000000716000000, 0x0000000716000000, 0x0000000716200000|  0%| F|  |TAMS 0x0000000716000000| PB 0x0000000716000000| Untracked |  0
|  93|0x0000000716200000, 0x0000000716200000, 0x0000000716400000|  0%| F|  |TAMS 0x0000000716200000| PB 0x0000000716200000| Untracked |  0
|  94|0x0000000716400000, 0x0000000716400000, 0x0000000716600000|  0%| F|  |TAMS 0x0000000716400000| PB 0x0000000716400000| Untracked |  0
|  95|0x0000000716600000, 0x0000000716600000, 0x0000000716800000|  0%| F|  |TAMS 0x0000000716600000| PB 0x0000000716600000| Untracked |  0
|  96|0x0000000716800000, 0x0000000716800000, 0x0000000716a00000|  0%| F|  |TAMS 0x0000000716800000| PB 0x0000000716800000| Untracked |  0
|  97|0x0000000716a00000, 0x0000000716a00000, 0x0000000716c00000|  0%| F|  |TAMS 0x0000000716a00000| PB 0x0000000716a00000| Untracked |  0
|  98|0x0000000716c00000, 0x0000000716c00000, 0x0000000716e00000|  0%| F|  |TAMS 0x0000000716c00000| PB 0x0000000716c00000| Untracked |  0
|  99|0x0000000716e00000, 0x0000000716e00000, 0x0000000717000000|  0%| F|  |TAMS 0x0000000716e00000| PB 0x0000000716e00000| Untracked |  0
| 100|0x0000000717000000, 0x0000000717000000, 0x0000000717200000|  0%| F|  |TAMS 0x0000000717000000| PB 0x0000000717000000| Untracked |  0
| 101|0x0000000717200000, 0x0000000717200000, 0x0000000717400000|  0%| F|  |TAMS 0x0000000717200000| PB 0x0000000717200000| Untracked |  0
| 102|0x0000000717400000, 0x0000000717400000, 0x0000000717600000|  0%| F|  |TAMS 0x0000000717400000| PB 0x0000000717400000| Untracked |  0
| 103|0x0000000717600000, 0x0000000717600000, 0x0000000717800000|  0%| F|  |TAMS 0x0000000717600000| PB 0x0000000717600000| Untracked |  0
| 104|0x0000000717800000, 0x0000000717800000, 0x0000000717a00000|  0%| F|  |TAMS 0x0000000717800000| PB 0x0000000717800000| Untracked |  0
| 105|0x0000000717a00000, 0x0000000717a00000, 0x0000000717c00000|  0%| F|  |TAMS 0x0000000717a00000| PB 0x0000000717a00000| Untracked |  0
| 106|0x0000000717c00000, 0x0000000717c00000, 0x0000000717e00000|  0%| F|  |TAMS 0x0000000717c00000| PB 0x0000000717c00000| Untracked |  0
| 107|0x0000000717e00000, 0x0000000717e00000, 0x0000000718000000|  0%| F|  |TAMS 0x0000000717e00000| PB 0x0000000717e00000| Untracked |  0
| 108|0x0000000718000000, 0x0000000718000000, 0x0000000718200000|  0%| F|  |TAMS 0x0000000718000000| PB 0x0000000718000000| Untracked |  0
| 109|0x0000000718200000, 0x0000000718200000, 0x0000000718400000|  0%| F|  |TAMS 0x0000000718200000| PB 0x0000000718200000| Untracked |  0
| 110|0x0000000718400000, 0x0000000718400000, 0x0000000718600000|  0%| F|  |TAMS 0x0000000718400000| PB 0x0000000718400000| Untracked |  0
| 111|0x0000000718600000, 0x0000000718600000, 0x0000000718800000|  0%| F|  |TAMS 0x0000000718600000| PB 0x0000000718600000| Untracked |  0
| 112|0x0000000718800000, 0x0000000718800000, 0x0000000718a00000|  0%| F|  |TAMS 0x0000000718800000| PB 0x0000000718800000| Untracked |  0
| 113|0x0000000718a00000, 0x0000000718a00000, 0x0000000718c00000|  0%| F|  |TAMS 0x0000000718a00000| PB 0x0000000718a00000| Untracked |  0
| 114|0x0000000718c00000, 0x0000000718c00000, 0x0000000718e00000|  0%| F|  |TAMS 0x0000000718c00000| PB 0x0000000718c00000| Untracked |  0
| 115|0x0000000718e00000, 0x0000000718e00000, 0x0000000719000000|  0%| F|  |TAMS 0x0000000718e00000| PB 0x0000000718e00000| Untracked |  0
| 116|0x0000000719000000, 0x0000000719000000, 0x0000000719200000|  0%| F|  |TAMS 0x0000000719000000| PB 0x0000000719000000| Untracked |  0
| 117|0x0000000719200000, 0x0000000719200000, 0x0000000719400000|  0%| F|  |TAMS 0x0000000719200000| PB 0x0000000719200000| Untracked |  0
| 118|0x0000000719400000, 0x000000071955c210, 0x0000000719600000| 67%| E|  |TAMS 0x0000000719400000| PB 0x0000000719400000| Complete |  0
| 119|0x0000000719600000, 0x0000000719800000, 0x0000000719800000|100%| E|CS|TAMS 0x0000000719600000| PB 0x0000000719600000| Complete |  0
| 120|0x0000000719800000, 0x0000000719a00000, 0x0000000719a00000|100%| E|  |TAMS 0x0000000719800000| PB 0x0000000719800000| Complete |  0
| 121|0x0000000719a00000, 0x0000000719c00000, 0x0000000719c00000|100%| E|CS|TAMS 0x0000000719a00000| PB 0x0000000719a00000| Complete |  0
| 122|0x0000000719c00000, 0x0000000719e00000, 0x0000000719e00000|100%| E|CS|TAMS 0x0000000719c00000| PB 0x0000000719c00000| Complete |  0

Card table byte_map: [0x0000016f52030000,0x0000016f527e0000] _byte_map_base: 0x0000016f4e7dc000

Marking Bits: (CMBitMap*) 0x0000016f37a3b0a0
 Bits: [0x0000016f527e0000, 0x0000016f56540000)

Polling page: 0x0000016f37750000

Metaspace:

Usage:
  Non-class:    532.88 KB used.
      Class:     28.70 KB used.
       Both:    561.58 KB used.

Virtual space:
  Non-class space:       64.00 MB reserved,     576.00 KB ( <1%) committed,  1 nodes.
      Class space:        1.00 GB reserved,     128.00 KB ( <1%) committed,  1 nodes.
             Both:        1.06 GB reserved,     704.00 KB ( <1%) committed. 

Chunk freelists:
   Non-Class:  11.97 MB
       Class:  15.74 MB
        Both:  27.71 MB

MaxMetaspaceSize: unlimited
CompressedClassSpaceSize: 1.00 GB
Initial GC threshold: 21.00 MB
Current GC threshold: 21.00 MB
CDS: on
 - commit_granule_bytes: 65536.
 - commit_granule_words: 8192.
 - virtual_space_node_default_size: 8388608.
 - enlarge_chunks_in_place: 1.
 - use_allocation_guard: 0.


Internal statistics:

num_allocs_failed_limit: 0.
num_arena_births: 20.
num_arena_deaths: 0.
num_vsnodes_births: 2.
num_vsnodes_deaths: 0.
num_space_committed: 11.
num_space_uncommitted: 0.
num_chunks_returned_to_freelist: 0.
num_chunks_taken_from_freelist: 24.
num_chunk_merges: 0.
num_chunk_splits: 15.
num_chunks_enlarged: 8.
num_inconsistent_stats: 0.

CodeHeap 'non-profiled nmethods': size=119232Kb used=132Kb max_used=132Kb free=119099Kb
 bounds [0x0000016f49420000, 0x0000016f49690000, 0x0000016f50890000]
CodeHeap 'profiled nmethods': size=119104Kb used=388Kb max_used=388Kb free=118715Kb
 bounds [0x0000016f41890000, 0x0000016f41b00000, 0x0000016f48ce0000]
CodeHeap 'non-nmethods': size=7424Kb used=1294Kb max_used=2419Kb free=6129Kb
 bounds [0x0000016f48ce0000, 0x0000016f48f50000, 0x0000016f49420000]
CodeCache: size=245760Kb, used=1814Kb, max_used=2939Kb, free=243943Kb
 total_blobs=828, nmethods=413, adapters=321, full_count=0
Compilation: enabled, stopped_count=0, restarted_count=0

Compilation events (20 events):
Event: 2.440 Thread 0x0000016f595c3860 nmethod 406 0x0000016f418edc08 code [0x0000016f418edd60, 0x0000016f418ee1d0]
Event: 2.440 Thread 0x0000016f595c3860  385       1       jdk.internal.util.WeakReferenceKey::hashCode (5 bytes)
Event: 2.440 Thread 0x0000016f595c3860 nmethod 385 0x0000016f49440c88 code [0x0000016f49440da0, 0x0000016f49440e68]
Event: 2.440 Thread 0x0000016f595c3860  400       1       java.lang.invoke.MethodTypeForm::erasedType (5 bytes)
Event: 2.440 Thread 0x0000016f595c3860 nmethod 400 0x0000016f49440f88 code [0x0000016f494410a0, 0x0000016f49441170]
Event: 2.440 Thread 0x0000016f9f160740 nmethod 405 0x0000016f418ee208 code [0x0000016f418ee380, 0x0000016f418ee770]
Event: 2.441 Thread 0x0000016f9f160740  407       3       java.util.zip.ZipFile$Source::getEntryPos (164 bytes)
Event: 2.441 Thread 0x0000016f595c3860  409       3       java.util.zip.ZipCoder::hash (36 bytes)
Event: 2.442 Thread 0x0000016f595c3860 nmethod 409 0x0000016f418ee808 code [0x0000016f418ee9a0, 0x0000016f418ef0a0]
Event: 2.442 Thread 0x0000016f9f160740 nmethod 407 0x0000016f418ef188 code [0x0000016f418ef340, 0x0000016f418efc08]
Event: 2.442 Thread 0x0000016f9f160740  408   !   3       java.util.zip.ZipFile::getEntry (59 bytes)
Event: 2.442 Thread 0x0000016f595c3860  410       3       java.util.ArrayList::get (15 bytes)
Event: 2.442 Thread 0x0000016f9f160740 nmethod 408 0x0000016f418efc88 code [0x0000016f418efe00, 0x0000016f418f0320]
Event: 2.442 Thread 0x0000016f9f160740  411       3       java.util.Objects::checkIndex (7 bytes)
Event: 2.442 Thread 0x0000016f9f160740 nmethod 411 0x0000016f418f0388 code [0x0000016f418f04a0, 0x0000016f418f05d8]
Event: 2.442 Thread 0x0000016f595c3860 nmethod 410 0x0000016f418f0688 code [0x0000016f418f07c0, 0x0000016f418f0a20]
Event: 2.442 Thread 0x0000016f9f160740  412       3       java.util.ArrayList::elementData (7 bytes)
Event: 2.442 Thread 0x0000016f9f160740 nmethod 412 0x0000016f418f0a88 code [0x0000016f418f0ba0, 0x0000016f418f0ce0]
Event: 2.444 Thread 0x0000016f9f160740  413       3       java.lang.StringUTF16::getChar (60 bytes)
Event: 2.444 Thread 0x0000016f9f160740 nmethod 413 0x0000016f418f0d88 code [0x0000016f418f0ea0, 0x0000016f418f1010]

GC Heap History (0 events):
No events

Dll operation events (7 events):
Event: 0.013 Loaded shared library C:\Program Files\Java\jdk-23\bin\java.dll
Event: 0.068 Loaded shared library C:\Program Files\Java\jdk-23\bin\jsvml.dll
Event: 0.237 Loaded shared library C:\Program Files\Java\jdk-23\bin\zip.dll
Event: 0.242 Loaded shared library C:\Program Files\Java\jdk-23\bin\instrument.dll
Event: 0.248 Loaded shared library C:\Program Files\Java\jdk-23\bin\net.dll
Event: 0.250 Loaded shared library C:\Program Files\Java\jdk-23\bin\nio.dll
Event: 0.255 Loaded shared library C:\Program Files\Java\jdk-23\bin\zip.dll

Deoptimization events (20 events):
Event: 0.276 Thread 0x0000016f379d4850 Uncommon trap: trap_request=0xffffffde fr.pc=0x0000016f49430f5c relative=0x000000000000083c
Event: 0.276 Thread 0x0000016f379d4850 Uncommon trap: reason=class_check action=maybe_recompile pc=0x0000016f49430f5c method=java.util.HashMap.putVal(ILjava/lang/Object;Ljava/lang/Object;ZZ)Ljava/lang/Object; @ 106 c2
Event: 0.276 Thread 0x0000016f379d4850 DEOPT PACKING pc=0x0000016f49430f5c sp=0x0000004507ffea30
Event: 0.276 Thread 0x0000016f379d4850 DEOPT UNPACKING pc=0x0000016f48d34402 sp=0x0000004507ffe9d8 mode 2
Event: 0.276 Thread 0x0000016f379d4850 Uncommon trap: trap_request=0xffffffde fr.pc=0x0000016f49430f5c relative=0x000000000000083c
Event: 0.276 Thread 0x0000016f379d4850 Uncommon trap: reason=class_check action=maybe_recompile pc=0x0000016f49430f5c method=java.util.HashMap.putVal(ILjava/lang/Object;Ljava/lang/Object;ZZ)Ljava/lang/Object; @ 106 c2
Event: 0.276 Thread 0x0000016f379d4850 DEOPT PACKING pc=0x0000016f49430f5c sp=0x0000004507ffea30
Event: 0.276 Thread 0x0000016f379d4850 DEOPT UNPACKING pc=0x0000016f48d34402 sp=0x0000004507ffe9d8 mode 2
Event: 2.434 Thread 0x0000016f379d4850 Uncommon trap: trap_request=0xffffff45 fr.pc=0x0000016f4943521c relative=0x000000000000017c
Event: 2.434 Thread 0x0000016f379d4850 Uncommon trap: reason=unstable_if action=reinterpret pc=0x0000016f4943521c method=java.util.zip.ZipFile$Source.isMetaName([BII)Z @ 57 c2
Event: 2.434 Thread 0x0000016f379d4850 DEOPT PACKING pc=0x0000016f4943521c sp=0x0000004507ffe5a0
Event: 2.434 Thread 0x0000016f379d4850 DEOPT UNPACKING pc=0x0000016f48d34402 sp=0x0000004507ffe548 mode 2
Event: 2.443 Thread 0x0000016f379d4850 Uncommon trap: trap_request=0xffffff45 fr.pc=0x0000016f49437ddc relative=0x000000000000005c
Event: 2.443 Thread 0x0000016f379d4850 Uncommon trap: reason=unstable_if action=reinterpret pc=0x0000016f49437ddc method=java.lang.String.isLatin1()Z @ 10 c2
Event: 2.443 Thread 0x0000016f379d4850 DEOPT PACKING pc=0x0000016f49437ddc sp=0x0000004507ffe9d0
Event: 2.444 Thread 0x0000016f379d4850 DEOPT UNPACKING pc=0x0000016f48d34402 sp=0x0000004507ffe960 mode 2
Event: 2.444 Thread 0x0000016f379d4850 Uncommon trap: trap_request=0xffffff45 fr.pc=0x0000016f49421d54 relative=0x00000000000000b4
Event: 2.444 Thread 0x0000016f379d4850 Uncommon trap: reason=unstable_if action=reinterpret pc=0x0000016f49421d54 method=java.lang.String.isLatin1()Z @ 10 c2
Event: 2.444 Thread 0x0000016f379d4850 DEOPT PACKING pc=0x0000016f49421d54 sp=0x0000004507fff340
Event: 2.444 Thread 0x0000016f379d4850 DEOPT UNPACKING pc=0x0000016f48d34402 sp=0x0000004507fff280 mode 2

Classes loaded (20 events):
Event: 2.442 Loading class java/io/Reader done
Event: 2.442 Loading class java/io/InputStreamReader
Event: 2.442 Loading class java/io/InputStreamReader done
Event: 2.442 Loading class java/net/Socket
Event: 2.443 Loading class java/net/Socket done
Event: 2.443 Loading class java/lang/invoke/VarHandleInts$FieldInstanceReadWrite
Event: 2.443 Loading class java/lang/invoke/VarHandleInts$FieldInstanceReadOnly
Event: 2.443 Loading class java/lang/invoke/VarHandleInts$FieldInstanceReadOnly done
Event: 2.443 Loading class java/lang/invoke/VarHandleInts$FieldInstanceReadWrite done
Event: 2.444 Loading class java/net/InetSocketAddress
Event: 2.444 Loading class java/net/SocketAddress
Event: 2.444 Loading class java/net/SocketAddress done
Event: 2.444 Loading class java/net/InetSocketAddress done
Event: 2.444 Loading class jdk/internal/loader/URLClassPath$FileLoader$1
Event: 2.444 Loading class jdk/internal/loader/URLClassPath$FileLoader$1 done
Event: 2.445 Loading class java/net/InetSocketAddress$InetSocketAddressHolder
Event: 2.445 Loading class java/net/InetSocketAddress$InetSocketAddressHolder done
Event: 2.445 Loading class java/net/SocketImpl
Event: 2.445 Loading class java/net/SocketOptions
Event: 2.445 Loading class java/net/SocketOptions done

Classes unloaded (0 events):
No events

Classes redefined (0 events):
No events

Internal exceptions (1 events):
Event: 2.439 Thread 0x0000016f379d4850 Exception <a 'java/lang/NoSuchMethodError'{0x000000071945a080}: 'java.lang.Object java.lang.invoke.Invokers$Holder.invokeExact_MT(java.lang.Object, java.lang.Object, java.lang.Object, java.lang.Object, java.lang.Object)'> (0x000000071945a080) 
thrown [s\open\src\hotspot\share\interpreter\linkResolver.cpp, line 796]

VM Operations (4 events):
Event: 0.221 Executing VM operation: HandshakeAllThreads (Deoptimize)
Event: 0.221 Executing VM operation: HandshakeAllThreads (Deoptimize) done
Event: 2.445 Executing VM operation: HandshakeAllThreads (Deoptimize)
Event: 2.445 Executing VM operation: HandshakeAllThreads (Deoptimize) done

Memory protections (0 events):
No events

Nmethod flushes (0 events):
No events

Events (19 events):
Event: 0.041 Thread 0x0000016f379d4850 Thread added: 0x0000016f379d4850
Event: 0.064 Thread 0x0000016f379d4850 Thread added: 0x0000016f595a2720
Event: 0.065 Thread 0x0000016f379d4850 Thread added: 0x0000016f595a7190
Event: 0.065 Thread 0x0000016f379d4850 Thread added: 0x0000016f595aba20
Event: 0.065 Thread 0x0000016f379d4850 Thread added: 0x0000016f595aec90
Event: 0.065 Thread 0x0000016f379d4850 Thread added: 0x0000016f595b2290
Event: 0.065 Thread 0x0000016f379d4850 Thread added: 0x0000016f595b3470
Event: 0.065 Thread 0x0000016f379d4850 Thread added: 0x0000016f595b4d90
Event: 0.066 Thread 0x0000016f379d4850 Thread added: 0x0000016f595c3860
Event: 0.075 Thread 0x0000016f595c3860 Thread added: 0x0000016f596947f0
Event: 0.213 Thread 0x0000016f379d4850 Thread added: 0x0000016f59735110
Event: 0.229 Thread 0x0000016f596947f0 Thread added: 0x0000016f59696a00
Event: 0.261 Thread 0x0000016f595c3860 Thread added: 0x0000016f59693a50
Event: 2.376 Thread 0x0000016f596947f0 Thread exited: 0x0000016f596947f0
Event: 2.376 Thread 0x0000016f59693a50 Thread exited: 0x0000016f59693a50
Event: 2.376 Thread 0x0000016f59696a00 Thread exited: 0x0000016f59696a00
Event: 2.438 Thread 0x0000016f595c3860 Thread added: 0x0000016f9f160740
Event: 2.442 Thread 0x0000016f379d4850 Thread added: 0x0000016f9f1be8b0
Event: 2.442 Thread 0x0000016f379d4850 Thread added: 0x0000016f9f1c02f0


Dynamic libraries:
0x00007ff65bb80000 - 0x00007ff65bb90000 	C:\Program Files\Java\jdk-23\bin\java.exe
0x00007ffaad560000 - 0x00007ffaad7c9000 	C:\WINDOWS\SYSTEM32\ntdll.dll
0x00007ffaaca20000 - 0x00007ffaacae9000 	C:\WINDOWS\System32\KERNEL32.DLL
0x00007ffaaaf30000 - 0x00007ffaab323000 	C:\WINDOWS\System32\KERNELBASE.dll
0x00007ffaaade0000 - 0x00007ffaaaf2b000 	C:\WINDOWS\System32\ucrtbase.dll
0x00007ffaa5c30000 - 0x00007ffaa5c47000 	C:\Program Files\Java\jdk-23\bin\jli.dll
0x00007ffaa5b70000 - 0x00007ffaa5b8b000 	C:\Program Files\Java\jdk-23\bin\VCRUNTIME140.dll
0x00007ffaac2a0000 - 0x00007ffaac464000 	C:\WINDOWS\System32\USER32.dll
0x00007ffaaa6f0000 - 0x00007ffaaa717000 	C:\WINDOWS\System32\win32u.dll
0x00007ffa991d0000 - 0x00007ffa99463000 	C:\WINDOWS\WinSxS\amd64_microsoft.windows.common-controls_6595b64144ccf1df_6.0.26100.5074_none_3e0d6f78e32fd63f\COMCTL32.dll
0x00007ffaacf80000 - 0x00007ffaacfab000 	C:\WINDOWS\System32\GDI32.dll
0x00007ffaacca0000 - 0x00007ffaacd49000 	C:\WINDOWS\System32\msvcrt.dll
0x00007ffaaa9c0000 - 0x00007ffaaaaed000 	C:\WINDOWS\System32\gdi32full.dll
0x00007ffaaa880000 - 0x00007ffaaa923000 	C:\WINDOWS\System32\msvcp_win.dll
0x00007ffaac160000 - 0x00007ffaac18f000 	C:\WINDOWS\System32\IMM32.DLL
0x00007ffaa0ae0000 - 0x00007ffaa0aec000 	C:\Program Files\Java\jdk-23\bin\vcruntime140_1.dll
0x00007ffa7dca0000 - 0x00007ffa7dd2e000 	C:\Program Files\Java\jdk-23\bin\msvcp140.dll
0x00007ffa09750000 - 0x00007ffa0a49f000 	C:\Program Files\Java\jdk-23\bin\server\jvm.dll
0x00007ffaacbe0000 - 0x00007ffaacc94000 	C:\WINDOWS\System32\ADVAPI32.dll
0x00007ffaab730000 - 0x00007ffaab7d6000 	C:\WINDOWS\System32\sechost.dll
0x00007ffaac470000 - 0x00007ffaac588000 	C:\WINDOWS\System32\RPCRT4.dll
0x00007ffaacb60000 - 0x00007ffaacbd4000 	C:\WINDOWS\System32\WS2_32.dll
0x00007ffaaa550000 - 0x00007ffaaa5ae000 	C:\WINDOWS\SYSTEM32\POWRPROF.dll
0x00007ffaa33f0000 - 0x00007ffaa33fb000 	C:\WINDOWS\SYSTEM32\VERSION.dll
0x00007ffaa33b0000 - 0x00007ffaa33e5000 	C:\WINDOWS\SYSTEM32\WINMM.dll
0x00007ffaaa530000 - 0x00007ffaaa544000 	C:\WINDOWS\SYSTEM32\UMPDC.dll
0x00007ffaa94d0000 - 0x00007ffaa94eb000 	C:\WINDOWS\SYSTEM32\kernel.appcore.dll
0x00007ffaa0ad0000 - 0x00007ffaa0ada000 	C:\Program Files\Java\jdk-23\bin\jimage.dll
0x00007ffa9dd60000 - 0x00007ffa9dfa2000 	C:\WINDOWS\SYSTEM32\DBGHELP.DLL
0x00007ffaad1a0000 - 0x00007ffaad51b000 	C:\WINDOWS\System32\combase.dll
0x00007ffaad030000 - 0x00007ffaad107000 	C:\WINDOWS\System32\OLEAUT32.dll
0x00007ffa96cc0000 - 0x00007ffa96cfd000 	C:\WINDOWS\SYSTEM32\dbgcore.DLL
0x00007ffaaa7e0000 - 0x00007ffaaa879000 	C:\WINDOWS\System32\bcryptPrimitives.dll
0x00007ffaa0310000 - 0x00007ffaa031f000 	C:\Program Files\Java\jdk-23\bin\instrument.dll
0x00007ffaa0320000 - 0x00007ffaa033e000 	C:\Program Files\Java\jdk-23\bin\java.dll
0x00007ffaacd50000 - 0x00007ffaacee8000 	C:\WINDOWS\System32\ole32.dll
0x00007ffaab7f0000 - 0x00007ffaabf3d000 	C:\WINDOWS\System32\SHELL32.dll
0x00007ffaaac70000 - 0x00007ffaaaddc000 	C:\WINDOWS\System32\wintypes.dll
0x00007ffaa8350000 - 0x00007ffaa8ba9000 	C:\WINDOWS\SYSTEM32\windows.storage.dll
0x00007ffaac1a0000 - 0x00007ffaac290000 	C:\WINDOWS\System32\SHCORE.dll
0x00007ffaacaf0000 - 0x00007ffaacb52000 	C:\WINDOWS\System32\shlwapi.dll
0x00007ffaaa610000 - 0x00007ffaaa639000 	C:\WINDOWS\SYSTEM32\profapi.dll
0x00007ffa5e450000 - 0x00007ffa5e527000 	C:\Program Files\Java\jdk-23\bin\jsvml.dll
0x00007ffa89320000 - 0x00007ffa89337000 	C:\Program Files\Java\jdk-23\bin\zip.dll
0x00007ffaa0300000 - 0x00007ffaa0310000 	C:\Program Files\Java\jdk-23\bin\net.dll
0x00007ffaa9a50000 - 0x00007ffaa9abb000 	C:\WINDOWS\system32\mswsock.dll
0x00007ffa8ea10000 - 0x00007ffa8ea26000 	C:\Program Files\Java\jdk-23\bin\nio.dll

dbghelp: loaded successfully - version: 4.0.5 - missing functions: none
symbol engine: initialized successfully - sym options: 0x614 - pdb path: .;C:\Program Files\Java\jdk-23\bin;C:\WINDOWS\SYSTEM32;C:\WINDOWS\WinSxS\amd64_microsoft.windows.common-controls_6595b64144ccf1df_6.0.26100.5074_none_3e0d6f78e32fd63f;C:\Program Files\Java\jdk-23\bin\server

VM Arguments:
jvm_args: -javaagent:C:\Program Files\JetBrains\IntelliJ IDEA 2025.2.1\lib\idea_rt.jar=12296 -Dfile.encoding=UTF-8 -Dsun.stdout.encoding=UTF-8 -Dsun.stderr.encoding=UTF-8 
java_command: com.example.demo.DemoApplication
java_class_path (initial): C:\Users\USER\Downloads\demo\demo\target\classes;C:\Users\USER\.m2\repository\org\springframework\boot\spring-boot-starter-data-jpa\3.5.5\spring-boot-starter-data-jpa-3.5.5.jar;C:\Users\USER\.m2\repository\org\springframework\boot\spring-boot-starter\3.5.5\spring-boot-starter-3.5.5.jar;C:\Users\USER\.m2\repository\org\springframework\boot\spring-boot\3.5.5\spring-boot-3.5.5.jar;C:\Users\USER\.m2\repository\org\springframework\boot\spring-boot-autoconfigure\3.5.5\spring-boot-autoconfigure-3.5.5.jar;C:\Users\USER\.m2\repository\org\springframework\boot\spring-boot-starter-logging\3.5.5\spring-boot-starter-logging-3.5.5.jar;C:\Users\USER\.m2\repository\ch\qos\logback\logback-classic\1.5.18\logback-classic-1.5.18.jar;C:\Users\USER\.m2\repository\ch\qos\logback\logback-core\1.5.18\logback-core-1.5.18.jar;C:\Users\USER\.m2\repository\org\apache\logging\log4j\log4j-to-slf4j\2.24.3\log4j-to-slf4j-2.24.3.jar;C:\Users\USER\.m2\repository\org\apache\logging\log4j\log4j-api\2.24.3\log4j-api-2.24.3.jar;C:\Users\USER\.m2\repository\org\slf4j\jul-to-slf4j\2.0.17\jul-to-slf4j-2.0.17.jar;C:\Users\USER\.m2\repository\jakarta\annotation\jakarta.annotation-api\2.1.1\jakarta.annotation-api-2.1.1.jar;C:\Users\USER\.m2\repository\org\yaml\snakeyaml\2.4\snakeyaml-2.4.jar;C:\Users\USER\.m2\repository\org\springframework\boot\spring-boot-starter-jdbc\3.5.5\spring-boot-starter-jdbc-3.5.5.jar;C:\Users\USER\.m2\repository\com\zaxxer\HikariCP\6.3.2\HikariCP-6.3.2.jar;C:\Users\USER\.m2\repository\org\springframework\spring-jdbc\6.2.10\spring-jdbc-6.2.10.jar;C:\Users\USER\.m2\repository\org\hibernate\orm\hibernate-core\6.6.26.Final\hibernate-core-6.6.26.Final.jar;C:\Users\USER\.m2\repository\jakarta\persistence\jakarta.persistence-api\3.1.0\jakarta.persistence-api-3.1.0.jar;C:\Users\USER\.m2\repository\jakarta\transaction\jakarta.transaction-api\2.0.1\jakarta.transaction-api-2.0.1.jar;C:\Users\USER\.m2\repository\org\jboss\logging\jboss-logging\3.6.1.Final\jboss-logging-3.6.1.Final.jar;C:\Users\USER\.m2\repository\org\hibernate\common\hibernate-commons-annotations\7.0.3.Final\hibernate-commons-annotations-7.0.3.Final.jar;C:\Users\USER\.m2\repository\io\smallrye\jandex\3.2.0\jandex-3.2.0.jar;C:\Users\USER\.m2\repository\com\fasterxml\classmate\1.7.0\classmate-1.7.0.jar;C:\Users\USER\.m2\repository\net\bytebuddy\byte-buddy\1.17.7\byte-buddy-1.17.7.jar;C:\Users\USER\.m2\repository\org\glassfish\jaxb\jaxb-runtime\4.0.5\jaxb-runtime-4.0.5.jar;C:\Users\USER\.m2\repository\org\glassfish\jaxb\jaxb-core\4.0.5\jaxb-core-4.0.5.jar;C:\Users\USER\.m2\repository\org\eclipse\angus\angus-activation\2.0.2\angus-activation-2.0.2.jar;C:\Users\USER\.m2\repository\org\glassfish\jaxb\txw2\4.0.5\txw2-4.0.5.jar;C:\Users\USER\.m2\repository\com\sun\istack\istack-commons-runtime\4.1.2\istack-commons-runtime-4.1.2.jar;C:\Users\USER\.m2\repository\jakarta\inject\jakarta.inject-api\2.0.1\jakarta.inject-api-2.0.1.jar;C:\Users\USER\.m2\repository\org\antlr\antlr4-runtime\4.13.0\antlr4-runtime-4.13.0.jar;C:\Users\USER\.m2\repository\org\springframework\data\spring-data-jpa\3.5.3\spring-data-jpa-3.5.3.jar;C:\Users\USER\.m2\repository\org\springframework\data\spring-data-commons\3.5.3\spring-data-commons-3.5.3.jar;C:\Users\USER\.m2\repository\org\springframework\spring-orm\6.2.10\spring-orm-6.2.10.jar;C:\Users\USER\.m2\repository\org\springframework\spring-context\6.2.10\spring-context-6.2.10.jar;C:\Users\USER\.m2\repository\org\springframework\spring-aop\6.2.10\spring-aop-6.2.10.jar;C:\Users\USER\.m2\repository\org\springframework\spring-tx\6.2.10\spring-tx-6.2.10.jar;C:\Users\USER\.m2\repository\org\springframework\spring-beans\6.2.10\spring-beans-6.2.10.jar;C:\Users\USER\.m2\repository\org\slf4j\slf4j-api\2.0.17\slf4j-api-2.0.17.jar;C:\Users\USER\.m2\repository\org\springframework\spring-aspects\6.2.10\spring-aspects-6.2.10.jar;C:\Users\USER\.m2\repository\org\aspectj\aspectjweaver\1.9.24\aspectjweaver-1.9.24.jar;C:\Users\USER\.m2\repository\org\springframework\boot\spring-boot-starter-web\3.5.5\spring-boot-starter-web-3.5.5.jar;C:\Users\USER\.m2\repository\org\springframework\boot\spring-boot-starter-json\3.5.5\spring-boot-starter-json-3.5.5.jar;C:\Users\USER\.m2\repository\com\fasterxml\jackson\core\jackson-databind\2.19.2\jackson-databind-2.19.2.jar;C:\Users\USER\.m2\repository\com\fasterxml\jackson\core\jackson-annotations\2.19.2\jackson-annotations-2.19.2.jar;C:\Users\USER\.m2\repository\com\fasterxml\jackson\core\jackson-core\2.19.2\jackson-core-2.19.2.jar;C:\Users\USER\.m2\repository\com\fasterxml\jackson\datatype\jackson-datatype-jdk8\2.19.2\jackson-datatype-jdk8-2.19.2.jar;C:\Users\USER\.m2\repository\com\fasterxml\jackson\datatype\jackson-datatype-jsr310\2.19.2\jackson-datatype-jsr310-2.19.2.jar;C:\Users\USER\.m2\repository\com\fasterxml\jackson\module\jackson-module-parameter-names\2.19.2\jackson-module-parameter-names-2.19.2.jar;C:\Users\USER\.m2\repository\org\springframework\boot\spring-boot-starter-tomcat\3.5.5\spring-boot-starter-tomcat-3.5.5.jar;C:\Users\USER\.m2\repository\org\apache\tomcat\embed\tomcat-embed-core\10.1.44\tomcat-embed-core-10.1.44.jar;C:\Users\USER\.m2\repository\org\apache\tomcat\embed\tomcat-embed-el\10.1.44\tomcat-embed-el-10.1.44.jar;C:\Users\USER\.m2\repository\org\apache\tomcat\embed\tomcat-embed-websocket\10.1.44\tomcat-embed-websocket-10.1.44.jar;C:\Users\USER\.m2\repository\org\springframework\spring-web\6.2.10\spring-web-6.2.10.jar;C:\Users\USER\.m2\repository\io\micrometer\micrometer-observation\1.15.3\micrometer-observation-1.15.3.jar;C:\Users\USER\.m2\repository\io\micrometer\micrometer-commons\1.15.3\micrometer-commons-1.15.3.jar;C:\Users\USER\.m2\repository\org\springframework\spring-webmvc\6.2.10\spring-webmvc-6.2.10.jar;C:\Users\USER\.m2\repository\org\springframework\spring-expression\6.2.10\spring-expression-6.2.10.jar;C:\Users\USER\.m2\repository\com\mysql\mysql-connector-j\9.4.0\mysql-connector-j-9.4.0.jar;C:\Users\USER\.m2\repository\org\projectlombok\lombok\1.18.32\lombok-1.18.32.jar;C:\Users\USER\.m2\repository\jakarta\xml\bind\jakarta.xml.bind-api\4.0.2\jakarta.xml.bind-api-4.0.2.jar;C:\Users\USER\.m2\repository\jakarta\activation\jakarta.activation-api\2.1.3\jakarta.activation-api-2.1.3.jar;C:\Users\USER\.m2\repository\org\springframework\spring-core\6.2.10\spring-core-6.2.10.jar;C:\Users\USER\.m2\repository\org\springframework\spring-jcl\6.2.10\spring-jcl-6.2.10.jar;C:\Users\USER\.m2\repository\org\modelmapper\modelmapper\3.1.1\modelmapper-3.1.1.jar
Launcher Type: SUN_STANDARD

[Global flags]
     intx CICompilerCount                          = 12                                        {product} {ergonomic}
     uint ConcGCThreads                            = 3                                         {product} {ergonomic}
     uint G1ConcRefinementThreads                  = 13                                        {product} {ergonomic}
   size_t G1HeapRegionSize                         = 2097152                                   {product} {ergonomic}
   size_t InitialHeapSize                          = 257949696                                 {product} {ergonomic}
   size_t MarkStackSize                            = 4194304                                   {product} {ergonomic}
   size_t MarkStackSizeMax                         = 536870912                                 {product} {ergonomic}
   size_t MaxHeapSize                              = 4118806528                                {product} {ergonomic}
   size_t MaxNewSize                               = 2470445056                                {product} {ergonomic}
   size_t MinHeapDeltaBytes                        = 2097152                                   {product} {ergonomic}
   size_t MinHeapSize                              = 8388608                                   {product} {ergonomic}
    uintx NonNMethodCodeHeapSize                   = 7602176                                {pd product} {ergonomic}
    uintx NonProfiledCodeHeapSize                  = 122093568                              {pd product} {ergonomic}
    uintx ProfiledCodeHeapSize                     = 121962496                              {pd product} {ergonomic}
    uintx ReservedCodeCacheSize                    = 251658240                              {pd product} {ergonomic}
     bool SegmentedCodeCache                       = true                                      {product} {ergonomic}
   size_t SoftMaxHeapSize                          = 4118806528                             {manageable} {ergonomic}
     bool UseCompressedOops                        = true                           {product lp64_product} {ergonomic}
     bool UseG1GC                                  = true                                      {product} {ergonomic}
     bool UseLargePagesIndividualAllocation        = false                                  {pd product} {ergonomic}

Logging:
Log output configuration:
 #0: stdout all=warning uptime,level,tags foldmultilines=false
 #1: stderr all=off uptime,level,tags foldmultilines=false

Environment Variables:
JAVA_HOME=C:\Program Files\Java\jdk-23
PATH=C:\Program Files\Common Files\Oracle\Java\javapath;C:\Program Files\OpenLogic\jdk-11.0.24.8-hotspot\bin;C:\WINDOWS\system32;C:\WINDOWS;C:\WINDOWS\System32\Wbem;C:\WINDOWS\System32\WindowsPowerShell\v1.0\;C:\WINDOWS\System32\OpenSSH\;C:\Program Files\nodejs;C:\Program Files\Git\cmd;D:\dev\flutter\bin;C:\Users\USER\Downloads\poppler-24.07.0\Library\bin;C:\Program Files\Java\jdk-23\bin;C:\Program Files (x86)\Windows Kits\10\Windows Performance Toolkit\;C:\Users\USER\AppData\Local\Android\Sdk\platform-tools;C:\Users\USER\AppData\Local\Programs\Python\Python311;C:\Users\USER\AppData\Local\Programs\Python\Python311\Scripts;C:\Program Files\Microsoft SQL Server\150\Tools\Binn\;C:\Program Files\Microsoft SQL Server\Client SDK\ODBC\170\Tools\Binn\;C:\Program Files\dotnet\;C:\Program Files\MySQL\MySQL Server 8.0\bin;C:\Program Files\MySQL\MySQL Shell 8.0\bin\;C:\Users\USER\AppData\Local\Microsoft\WindowsApps;C:\Users\USER\AppData\Roaming\npm;C:\Program Files\nodejs;C:\Program Files\OpenLogic\jdk-11.0.24.8-hotspot\bin;D:\dev\flutter\bin;C:\Users\USER\AppData\Local\GitHubDesktop\bin;C:\Users\USER\Downloads\poppler-24.07.0\Library\bin;C:\Users\USER\AppData\Local\Programs\Microsoft VS Code\bin;C:\Users\USER\AppData\Local\Programs\PyCharm 2025.2\bin;C:\Users\USER\AppData\Local\Programs\Python\Python311;C:\Users\USER\AppData\Local\Programs\Python\Python311\Scripts;C:\Users\USER\.dotnet\tools;
USERNAME=USER
OS=Windows_NT
PROCESSOR_IDENTIFIER=AMD64 Family 23 Model 104 Stepping 1, AuthenticAMD
TMP=C:\Users\USER\AppData\Local\Temp
TEMP=C:\Users\USER\AppData\Local\Temp




Periodic native trim disabled

---------------  S Y S T E M  ---------------

OS:
 Windows 11 , 64 bit Build 26100 (10.0.26100.5074)
OS uptime: 0 days 8:24 hours
Hyper-V role detected

CPU: total 16 (initial active 16) (16 cores per cpu, 2 threads per core) family 23 model 104 stepping 1 microcode 0x8608104, cx8, cmov, fxsr, ht, mmx, 3dnowpref, sse, sse2, sse3, ssse3, sse4a, sse4.1, sse4.2, popcnt, lzcnt, tsc, tscinvbit, avx, avx2, aes, clmul, bmi1, bmi2, adx, sha, fma, vzeroupper, clflush, clflushopt, hv, rdtscp, rdpid, f16c
Processor Information for the first 16 processors :
  Max Mhz: 1801, Current Mhz: 1801, Mhz Limit: 1801

Memory: 4k page, system-wide physical 15706M (3902M free)
TotalPageFile size 19802M (AvailPageFile size 291M)
current process WorkingSet (physical memory assigned to process): 51M, peak: 51M
current process commit charge ("private bytes"): 345M, peak: 345M

vm_info: Java HotSpot(TM) 64-Bit Server VM (23+37-2369) for windows-amd64 JRE (23+37-2369), built on 2024-08-20T16:01:23Z with MS VC++ 17.6 (VS2022)

END.
